         date     Predict    True  diff   acc
0  2024-01-26  100.309998   99.70 -0.60 -0.60
1  2024-01-29  100.269997  101.10  0.83  0.23
2  2024-01-30  100.300003   98.62 -1.68 -1.45
3  2024-01-31  100.120003  100.65  0.53 -0.92
4  2024-02-01  100.320000  100.83  0.51 -0.41
5  2024-02-02  100.430000  100.64  0.21 -0.20
6  2024-02-05  100.209999   99.45 -0.76 -0.96
7  2024-02-06  100.239998   99.07 -1.17 -2.13
8  2024-02-07  100.309998  101.23  0.92 -1.21
9  2024-02-08  100.349998  101.72  1.37  0.16
10 2024-02-12  100.279999  101.41  1.13  1.29
11 2024-02-13  100.209999  100.49  0.27  1.56
12 2024-02-14  100.279999  101.05  0.76  2.32
13 2024-02-15  100.300003  101.54  1.24  3.56
14 2024-02-16  100.230003   99.40 -0.83  2.73
15 2024-02-20  100.230003   99.40 -0.83  1.90
16 2024-02-21  100.290001  101.49  1.20  3.10
17 2024-02-23  100.410004  101.42  1.00  4.10
18 2024-02-26  100.250000   99.76 -0.50  3.60
19 2024-02-27  100.220001  100.00 -0.21  3.39
20 2024-02-28  100.260002   99.26 -1.00  2.39
21 2024-02-29  100.220001  100.96  0.75  3.14
22 2024-03-01  100.290001  102.43  2.13  5.27
23 2024-03-04  100.260002   99.21 -1.05  4.22
24 2024-03-05  100.110001   99.69 -0.43  3.79
25 2024-03-06  100.230003  101.43  1.19  4.98
26 2024-03-07  100.190002   98.28 -1.91  3.07
27 2024-03-08  100.169998   98.28 -1.89  1.18
28 2024-03-11  100.260002   98.67 -1.59 -0.41
29 2024-03-12  100.370003  101.78  1.40  0.99
30 2024-03-13  100.269997   98.50 -1.77 -0.78
31 2024-03-14  100.260002   99.83 -0.43 -1.21
32 2024-03-15  100.260002  101.15  0.89 -0.32
33 2024-03-18  100.279999  101.53  1.25  0.93
34 2024-03-20  100.589996  102.63  2.03  2.96
35 2024-03-21  100.349998  100.95  0.60  3.56
36 2024-03-22  100.160004   99.48 -0.68  2.88
37 2024-03-25  100.209999   99.03 -1.18  1.70
38 2024-03-26  100.260002  100.26  0.00  1.70
39 2024-03-27  100.360001  100.38  0.02  1.72
40 2024-03-28  100.269997   99.83 -0.44  1.28
41 2024-04-01  100.209999   98.98 -1.23  0.05
42 2024-04-02  100.139999   99.02 -1.13 -1.08
43 2024-04-03  100.250000  101.26  1.00 -0.08
Mean Absolute Error: 0.97%
Epoch: 610, Final Loss: 0.000115
Norm: 27.70

         date     Predict    True  diff   acc
0  2024-01-29  100.239998  101.10  0.87  0.87
1  2024-01-30  100.269997   98.62 -1.65 -0.78
2  2024-01-31  100.040001  100.65  0.61 -0.17
3  2024-02-01  100.300003  100.83  0.53  0.36
4  2024-02-02  100.440002  100.64  0.20  0.56
5  2024-02-05  100.150002   99.45 -0.70 -0.14
6  2024-02-06  100.199997   99.07 -1.12 -1.26
7  2024-02-07  100.290001  101.23  0.94 -0.32
8  2024-02-08  100.339996  101.72  1.38  1.06
9  2024-02-12  100.239998  101.41  1.16  2.22
10 2024-02-13  100.160004  100.49  0.33  2.55
11 2024-02-14  100.250000  101.05  0.79  3.34
12 2024-02-15  100.279999  101.54  1.26  4.60
13 2024-02-16  100.190002   99.40 -0.78  3.82
14 2024-02-20  100.180000   99.40 -0.78  3.04
15 2024-02-21  100.260002  101.49  1.23  4.27
16 2024-02-23  100.419998  101.42  1.00  5.27
17 2024-02-26  100.209999   99.76 -0.46  4.81
18 2024-02-27  100.160004  100.00 -0.16  4.65
19 2024-02-28  100.220001   99.26 -0.96  3.69
20 2024-02-29  100.169998  100.96  0.80  4.49
21 2024-03-01  100.260002  102.43  2.16  6.65
22 2024-03-04  100.220001   99.21 -1.01  5.64
23 2024-03-05  100.029999   99.69 -0.35  5.29
24 2024-03-06  100.180000  101.43  1.24  6.53
25 2024-03-07  100.139999   98.28 -1.85  4.68
26 2024-03-08  100.099998   98.28 -1.82  2.86
27 2024-03-11  100.220001   98.67 -1.55  1.31
28 2024-03-12  100.360001  101.78  1.41  2.72
29 2024-03-13  100.239998   98.50 -1.73  0.99
30 2024-03-14  100.220001   99.83 -0.39  0.60
31 2024-03-15  100.220001  101.15  0.93  1.53
32 2024-03-18  100.250000  101.53  1.28  2.81
33 2024-03-20  100.660004  102.63  1.96  4.77
34 2024-03-21  100.339996  100.95  0.61  5.38
35 2024-03-22  100.089996   99.48 -0.61  4.77
36 2024-03-25  100.160004   99.03 -1.13  3.64
37 2024-03-26  100.220001  100.26  0.04  3.68
38 2024-03-27  100.360001  100.38  0.02  3.70
39 2024-03-28  100.239998   99.83 -0.40  3.30
40 2024-04-01  100.160004   98.98 -1.18  2.12
41 2024-04-02  100.070000   99.02 -1.05  1.07
42 2024-04-03  100.209999  101.26  1.04  2.11
43 2024-04-04  100.000000   97.85 -2.15 -0.04
Mean Absolute Error: 0.99%
Epoch: 302, Final Loss: 0.000122
Norm: 15.42

         date     Predict    True  diff   acc
0  2024-01-30  100.250000   98.62 -1.63 -1.63
1  2024-01-31  100.050003  100.65  0.59 -1.04
2  2024-02-01  100.279999  100.83  0.55 -0.49
3  2024-02-02  100.389999  100.64  0.25 -0.24
4  2024-02-05  100.150002   99.45 -0.70 -0.94
5  2024-02-06  100.190002   99.07 -1.11 -2.05
6  2024-02-07  100.269997  101.23  0.96 -1.09
7  2024-02-08  100.300003  101.72  1.41  0.32
8  2024-02-12  100.220001  101.41  1.18  1.50
9  2024-02-13  100.160004  100.49  0.33  1.83
10 2024-02-14  100.230003  101.05  0.81  2.64
11 2024-02-15  100.260002  101.54  1.28  3.92
12 2024-02-16  100.180000   99.40 -0.78  3.14
13 2024-02-20  100.169998   99.40 -0.77  2.37
14 2024-02-21  100.239998  101.49  1.25  3.62
15 2024-02-23  100.370003  101.42  1.04  4.66
16 2024-02-26  100.199997   99.76 -0.44  4.22
17 2024-02-27  100.160004  100.00 -0.16  4.06
18 2024-02-28  100.209999   99.26 -0.94  3.12
19 2024-02-29  100.160004  100.96  0.80  3.92
20 2024-03-01  100.239998  102.43  2.18  6.10
21 2024-03-04  100.209999   99.21 -1.00  5.10
22 2024-03-05  100.050003   99.69 -0.36  4.74
23 2024-03-06  100.180000  101.43  1.25  5.99
24 2024-03-07  100.139999   98.28 -1.85  4.14
25 2024-03-08  100.099998   98.28 -1.83  2.31
26 2024-03-11  100.209999   98.67 -1.54  0.77
27 2024-03-12  100.330002  101.78  1.45  2.22
28 2024-03-13  100.220001   98.50 -1.72  0.50
29 2024-03-14  100.209999   99.83 -0.38  0.12
30 2024-03-15  100.199997  101.15  0.94  1.06
31 2024-03-18  100.230003  101.53  1.30  2.36
32 2024-03-20  100.570000  102.63  2.05  4.41
33 2024-03-21  100.309998  100.95  0.64  5.05
34 2024-03-22  100.099998   99.48 -0.62  4.43
35 2024-03-25  100.160004   99.03 -1.12  3.31
36 2024-03-26  100.209999  100.26  0.06  3.37
37 2024-03-27  100.320000  100.38  0.06  3.43
38 2024-03-28  100.220001   99.83 -0.39  3.04
39 2024-04-01  100.150002   98.98 -1.17  1.87
40 2024-04-02  100.080002   99.02 -1.06  0.81
41 2024-04-03  100.199997  101.26  1.06  1.87
42 2024-04-04  100.019997   97.85 -2.17 -0.30
43 2024-04-05  100.309998  100.56  0.25 -0.05
Mean Absolute Error: 0.99%
Epoch: 485, Final Loss: 0.000122
Norm: 24.54

         date     Predict    True  diff   acc
0  2024-01-31  100.070000  100.65  0.58  0.58
1  2024-02-01  100.320000  100.83  0.51  1.09
2  2024-02-02  100.459999  100.64  0.18  1.27
3  2024-02-05  100.180000   99.45 -0.73  0.54
4  2024-02-06  100.220001   99.07 -1.15 -0.61
5  2024-02-07  100.320000  101.23  0.92  0.31
6  2024-02-08  100.360001  101.72  1.36  1.67
7  2024-02-12  100.260002  101.41  1.14  2.81
8  2024-02-13  100.190002  100.49  0.30  3.11
9  2024-02-14  100.279999  101.05  0.77  3.88
10 2024-02-15  100.300003  101.54  1.24  5.12
11 2024-02-16  100.209999   99.40 -0.81  4.31
12 2024-02-20  100.199997   99.40 -0.80  3.51
13 2024-02-21  100.279999  101.49  1.20  4.71
14 2024-02-23  100.430000  101.42  0.98  5.69
15 2024-02-26  100.239998   99.76 -0.48  5.21
16 2024-02-27  100.190002  100.00 -0.19  5.02
17 2024-02-28  100.250000   99.26 -0.98  4.04
18 2024-02-29  100.190002  100.96  0.77  4.81
19 2024-03-01  100.279999  102.43  2.14  6.95
20 2024-03-04  100.250000   99.21 -1.03  5.92
21 2024-03-05  100.059998   99.69 -0.37  5.55
22 2024-03-06  100.209999  101.43  1.22  6.77
23 2024-03-07  100.160004   98.28 -1.88  4.89
24 2024-03-08  100.129997   98.28 -1.85  3.04
25 2024-03-11  100.250000   98.67 -1.58  1.46
26 2024-03-12  100.379997  101.78  1.39  2.85
27 2024-03-13  100.260002   98.50 -1.76  1.09
28 2024-03-14  100.239998   99.83 -0.42  0.67
29 2024-03-15  100.239998  101.15  0.91  1.58
30 2024-03-18  100.269997  101.53  1.26  2.84
31 2024-03-20  100.669998  102.63  1.95  4.79
32 2024-03-21  100.360001  100.95  0.59  5.38
33 2024-03-22  100.120003   99.48 -0.64  4.74
34 2024-03-25  100.190002   99.03 -1.15  3.59
35 2024-03-26  100.239998  100.26  0.02  3.61
36 2024-03-27  100.379997  100.38  0.00  3.61
37 2024-03-28  100.260002   99.83 -0.42  3.19
38 2024-04-01  100.180000   98.98 -1.20  1.99
39 2024-04-02  100.099998   99.02 -1.08  0.91
40 2024-04-03  100.239998  101.26  1.02  1.93
41 2024-04-04  100.029999   97.85 -2.18 -0.25
42 2024-04-05  100.370003  100.56  0.19 -0.06
43 2024-04-08  100.250000  100.27  0.02 -0.04
Mean Absolute Error: 0.94%
Epoch: 314, Final Loss: 0.000115
Norm: 7.54

         date     Predict    True  diff   acc
0  2024-02-01  100.320000  100.83  0.51  0.51
1  2024-02-02  100.470001  100.64  0.17  0.68
2  2024-02-05  100.160004   99.45 -0.71 -0.03
3  2024-02-06  100.199997   99.07 -1.13 -1.16
4  2024-02-07  100.309998  101.23  0.92 -0.24
5  2024-02-08  100.360001  101.72  1.36  1.12
6  2024-02-12  100.250000  101.41  1.15  2.27
7  2024-02-13  100.169998  100.49  0.32  2.59
8  2024-02-14  100.269997  101.05  0.78  3.37
9  2024-02-15  100.290001  101.54  1.25  4.62
10 2024-02-16  100.190002   99.40 -0.79  3.83
11 2024-02-20  100.180000   99.40 -0.78  3.05
12 2024-02-21  100.269997  101.49  1.21  4.26
13 2024-02-23  100.440002  101.42  0.97  5.23
14 2024-02-26  100.220001   99.76 -0.47  4.76
15 2024-02-27  100.169998  100.00 -0.17  4.59
16 2024-02-28  100.230003   99.26 -0.97  3.62
17 2024-02-29  100.169998  100.96  0.79  4.41
18 2024-03-01  100.269997  102.43  2.15  6.56
19 2024-03-04  100.230003   99.21 -1.02  5.54
20 2024-03-05  100.029999   99.69 -0.34  5.20
21 2024-03-06  100.190002  101.43  1.23  6.43
22 2024-03-07  100.139999   98.28 -1.85  4.58
23 2024-03-08  100.099998   98.28 -1.82  2.76
24 2024-03-11  100.230003   98.67 -1.56  1.20
25 2024-03-12  100.379997  101.78  1.39  2.59
26 2024-03-13  100.250000   98.50 -1.75  0.84
27 2024-03-14  100.230003   99.83 -0.40  0.44
28 2024-03-15  100.230003  101.15  0.92  1.36
29 2024-03-18  100.260002  101.53  1.27  2.63
30 2024-03-20  100.709999  102.63  1.91  4.54
31 2024-03-21  100.360001  100.95  0.59  5.13
32 2024-03-22  100.089996   99.48 -0.61  4.52
33 2024-03-25  100.169998   99.03 -1.13  3.39
34 2024-03-26  100.230003  100.26  0.03  3.42
35 2024-03-27  100.379997  100.38  0.00  3.42
36 2024-03-28  100.250000   99.83 -0.41  3.01
37 2024-04-01  100.160004   98.98 -1.18  1.83
38 2024-04-02  100.070000   99.02 -1.05  0.78
39 2024-04-03  100.220001  101.26  1.04  1.82
40 2024-04-04   99.989998   97.85 -2.14 -0.32
41 2024-04-05  100.370003  100.56  0.19 -0.13
42 2024-04-08  100.239998  100.27  0.03 -0.10
43 2024-04-09  100.220001  100.27  0.05 -0.05
Mean Absolute Error: 0.92%
Epoch: 458, Final Loss: 0.000112
Norm: 14.38

         date     Predict    True  diff   acc
0  2024-02-02  100.330002  100.64  0.30  0.30
1  2024-02-05  100.139999   99.45 -0.69 -0.39
2  2024-02-06  100.169998   99.07 -1.10 -1.49
3  2024-02-07  100.239998  101.23  1.00 -0.49
4  2024-02-08  100.269997  101.72  1.45  0.96
5  2024-02-12  100.199997  101.41  1.20  2.16
6  2024-02-13  100.150002  100.49  0.34  2.50
7  2024-02-14  100.209999  101.05  0.84  3.34
8  2024-02-15  100.230003  101.54  1.31  4.65
9  2024-02-16  100.160004   99.40 -0.76  3.89
10 2024-02-20  100.160004   99.40 -0.76  3.13
11 2024-02-21  100.209999  101.49  1.27  4.40
12 2024-02-23  100.320000  101.42  1.09  5.49
13 2024-02-26  100.180000   99.76 -0.43  5.06
14 2024-02-27  100.150002  100.00 -0.15  4.91
15 2024-02-28  100.190002   99.26 -0.92  3.99
16 2024-02-29  100.150002  100.96  0.81  4.80
17 2024-03-01  100.209999  102.43  2.21  7.01
18 2024-03-04  100.190002   99.21 -0.98  6.03
19 2024-03-05  100.059998   99.69 -0.37  5.66
20 2024-03-06  100.160004  101.43  1.26  6.92
21 2024-03-07  100.129997   98.28 -1.85  5.07
22 2024-03-08  100.099998   98.28 -1.82  3.25
23 2024-03-11  100.190002   98.67 -1.52  1.73
24 2024-03-12  100.279999  101.78  1.49  3.22
25 2024-03-13  100.199997   98.50 -1.70  1.52
26 2024-03-14  100.190002   99.83 -0.36  1.16
27 2024-03-15  100.180000  101.15  0.96  2.12
28 2024-03-18  100.209999  101.53  1.32  3.44
29 2024-03-20  100.480003  102.63  2.14  5.58
30 2024-03-21  100.269997  100.95  0.68  6.26
31 2024-03-22  100.099998   99.48 -0.62  5.64
32 2024-03-25  100.150002   99.03 -1.11  4.53
33 2024-03-26  100.190002  100.26  0.08  4.61
34 2024-03-27  100.279999  100.38  0.10  4.71
35 2024-03-28  100.199997   99.83 -0.36  4.35
36 2024-04-01  100.139999   98.98 -1.16  3.19
37 2024-04-02  100.089996   99.02 -1.07  2.12
38 2024-04-03  100.180000  101.26  1.08  3.20
39 2024-04-04  100.040001   97.85 -2.19  1.01
40 2024-04-05  100.269997  100.56  0.29  1.30
41 2024-04-08  100.190002  100.27  0.08  1.38
42 2024-04-09  100.180000  100.27  0.09  1.47
43 2024-04-10  100.169998   98.65 -1.52 -0.05
Mean Absolute Error: 0.97%
Epoch: 752, Final Loss: 0.000123
Norm: 16.94

         date     Predict    True  diff   acc
0  2024-02-05  100.160004   99.45 -0.72 -0.72
1  2024-02-06  100.199997   99.07 -1.12 -1.84
2  2024-02-07  100.269997  101.23  0.96 -0.88
3  2024-02-08  100.300003  101.72  1.42  0.54
4  2024-02-12  100.230003  101.41  1.17  1.71
5  2024-02-13  100.169998  100.49  0.32  2.03
6  2024-02-14  100.239998  101.05  0.81  2.84
7  2024-02-15  100.260002  101.54  1.28  4.12
8  2024-02-16  100.190002   99.40 -0.79  3.33
9  2024-02-20  100.180000   99.40 -0.78  2.55
10 2024-02-21  100.239998  101.49  1.24  3.79
11 2024-02-23  100.360001  101.42  1.05  4.84
12 2024-02-26  100.209999   99.76 -0.45  4.39
13 2024-02-27  100.169998  100.00 -0.17  4.22
14 2024-02-28  100.220001   99.26 -0.95  3.27
15 2024-02-29  100.169998  100.96  0.79  4.06
16 2024-03-01  100.239998  102.43  2.18  6.24
17 2024-03-04  100.220001   99.21 -1.00  5.24
18 2024-03-05  100.070000   99.69 -0.39  4.85
19 2024-03-06  100.190002  101.43  1.24  6.09
20 2024-03-07  100.150002   98.28 -1.87  4.22
21 2024-03-08  100.120003   98.28 -1.84  2.38
22 2024-03-11  100.220001   98.67 -1.55  0.83
23 2024-03-12  100.320000  101.78  1.45  2.28
24 2024-03-13  100.230003   98.50 -1.72  0.56
25 2024-03-14  100.209999   99.83 -0.39  0.17
26 2024-03-15  100.209999  101.15  0.94  1.11
27 2024-03-18  100.239998  101.53  1.29  2.40
28 2024-03-20  100.540001  102.63  2.08  4.48
29 2024-03-21  100.300003  100.95  0.64  5.12
30 2024-03-22  100.120003   99.48 -0.63  4.49
31 2024-03-25  100.169998   99.03 -1.14  3.35
32 2024-03-26  100.209999  100.26  0.05  3.40
33 2024-03-27  100.320000  100.38  0.06  3.46
34 2024-03-28  100.230003   99.83 -0.39  3.07
35 2024-04-01  100.169998   98.98 -1.19  1.88
36 2024-04-02  100.099998   99.02 -1.08  0.80
37 2024-04-03  100.209999  101.26  1.05  1.85
38 2024-04-04  100.050003   97.85 -2.20 -0.35
39 2024-04-05  100.309998  100.56  0.25 -0.10
40 2024-04-08  100.220001  100.27  0.05 -0.05
41 2024-04-09  100.199997  100.27  0.06  0.01
42 2024-04-10  100.190002   98.65 -1.55 -1.54
43 2024-04-11  100.220001  101.69  1.47 -0.07
Mean Absolute Error: 0.99%
Epoch: 613, Final Loss: 0.000126
Norm: 21.91

         date     Predict    True  diff   acc
0  2024-02-06  100.129997   99.07 -1.06 -1.06
1  2024-02-07  100.180000  101.23  1.05 -0.01
2  2024-02-08  100.199997  101.72  1.52  1.51
3  2024-02-12  100.150002  101.41  1.25  2.76
4  2024-02-13  100.110001  100.49  0.38  3.14
5  2024-02-14  100.160004  101.05  0.89  4.03
6  2024-02-15  100.169998  101.54  1.37  5.40
7  2024-02-16  100.120003   99.40 -0.72  4.68
8  2024-02-20  100.120003   99.40 -0.72  3.96
9  2024-02-21  100.160004  101.49  1.33  5.29
10 2024-02-23  100.239998  101.42  1.17  6.46
11 2024-02-26  100.139999   99.76 -0.38  6.08
12 2024-02-27  100.110001  100.00 -0.11  5.97
13 2024-02-28  100.139999   99.26 -0.88  5.09
14 2024-02-29  100.110001  100.96  0.85  5.94
15 2024-03-01  100.160004  102.43  2.26  8.20
16 2024-03-04  100.139999   99.21 -0.93  7.27
17 2024-03-05  100.040001   99.69 -0.35  6.92
18 2024-03-06  100.120003  101.43  1.30  8.22
19 2024-03-07  100.099998   98.28 -1.81  6.41
20 2024-03-08  100.080002   98.28 -1.80  4.61
21 2024-03-11  100.139999   98.67 -1.47  3.14
22 2024-03-12  100.209999  101.78  1.56  4.70
23 2024-03-13  100.150002   98.50 -1.65  3.05
24 2024-03-14  100.139999   99.83 -0.31  2.74
25 2024-03-15  100.139999  101.15  1.01  3.75
26 2024-03-18  100.160004  101.53  1.38  5.13
27 2024-03-20  100.360001  102.63  2.26  7.39
28 2024-03-21  100.199997  100.95  0.75  8.14
29 2024-03-22  100.070000   99.48 -0.59  7.55
30 2024-03-25  100.110001   99.03 -1.08  6.47
31 2024-03-26  100.139999  100.26  0.12  6.59
32 2024-03-27  100.209999  100.38  0.17  6.76
33 2024-03-28  100.150002   99.83 -0.31  6.45
34 2024-04-01  100.110001   98.98 -1.13  5.32
35 2024-04-02  100.059998   99.02 -1.05  4.27
36 2024-04-03  100.139999  101.26  1.12  5.39
37 2024-04-04  100.029999   97.85 -2.18  3.21
38 2024-04-05  100.209999  100.56  0.36  3.57
39 2024-04-08  100.139999  100.27  0.12  3.69
40 2024-04-09  100.129997  100.27  0.13  3.82
41 2024-04-10  100.129997   98.65 -1.48  2.34
42 2024-04-11  100.139999  101.69  1.55  3.89
43 2024-04-12  100.050003   98.26 -1.78  2.11
Mean Absolute Error: 1.04%
Epoch: 0, Final Loss: 0.000136
Norm: 34.16

         date     Predict    True  diff   acc
0  2024-02-07  100.250000  101.23  0.98  0.98
1  2024-02-08  100.279999  101.72  1.44  2.42
2  2024-02-12  100.209999  101.41  1.20  3.62
3  2024-02-13  100.139999  100.49  0.34  3.96
4  2024-02-14  100.220001  101.05  0.83  4.79
5  2024-02-15  100.239998  101.54  1.30  6.09
6  2024-02-16  100.160004   99.40 -0.76  5.33
7  2024-02-20  100.160004   99.40 -0.76  4.57
8  2024-02-21  100.220001  101.49  1.27  5.84
9  2024-02-23  100.339996  101.42  1.07  6.91
10 2024-02-26  100.180000   99.76 -0.43  6.48
11 2024-02-27  100.139999  100.00 -0.14  6.34
12 2024-02-28  100.190002   99.26 -0.93  5.41
13 2024-02-29  100.150002  100.96  0.82  6.23
14 2024-03-01  100.220001  102.43  2.20  8.43
15 2024-03-04  100.190002   99.21 -0.98  7.45
16 2024-03-05  100.040001   99.69 -0.35  7.10
17 2024-03-06  100.160004  101.43  1.26  8.36
18 2024-03-07  100.120003   98.28 -1.84  6.52
19 2024-03-08  100.089996   98.28 -1.81  4.71
20 2024-03-11  100.190002   98.67 -1.52  3.19
21 2024-03-12  100.300003  101.78  1.47  4.66
22 2024-03-13  100.199997   98.50 -1.70  2.96
23 2024-03-14  100.190002   99.83 -0.36  2.60
24 2024-03-15  100.190002  101.15  0.96  3.56
25 2024-03-18  100.209999  101.53  1.32  4.88
26 2024-03-20  100.529999  102.63  2.09  6.97
27 2024-03-21  100.279999  100.95  0.66  7.63
28 2024-03-22  100.089996   99.48 -0.60  7.03
29 2024-03-25  100.139999   99.03 -1.11  5.92
30 2024-03-26  100.190002  100.26  0.07  5.99
31 2024-03-27  100.300003  100.38  0.08  6.07
32 2024-03-28  100.199997   99.83 -0.37  5.70
33 2024-04-01  100.139999   98.98 -1.16  4.54
34 2024-04-02  100.070000   99.02 -1.05  3.49
35 2024-04-03  100.180000  101.26  1.07  4.56
36 2024-04-04  100.010002   97.85 -2.17  2.39
37 2024-04-05  100.290001  100.56  0.27  2.66
38 2024-04-08  100.199997  100.27  0.07  2.73
39 2024-04-09  100.180000  100.27  0.09  2.82
40 2024-04-10  100.169998   98.65 -1.52  1.30
41 2024-04-11  100.190002  101.69  1.50  2.80
42 2024-04-12  100.050003   98.26 -1.78  1.02
43 2024-04-15  100.190002   99.12 -1.07 -0.05
Mean Absolute Error: 1.02%
Epoch: 618, Final Loss: 0.000131
Norm: -13.83

         date     Predict    True  diff   acc
0  2024-02-08  100.260002  101.72  1.46  1.46
1  2024-02-12  100.180000  101.41  1.23  2.69
2  2024-02-13  100.099998  100.49  0.38  3.07
3  2024-02-14  100.190002  101.05  0.86  3.93
4  2024-02-15  100.209999  101.54  1.33  5.26
5  2024-02-16  100.129997   99.40 -0.73  4.53
6  2024-02-20  100.120003   99.40 -0.72  3.81
7  2024-02-21  100.190002  101.49  1.29  5.10
8  2024-02-23  100.339996  101.42  1.08  6.18
9  2024-02-26  100.150002   99.76 -0.40  5.78
10 2024-02-27  100.110001  100.00 -0.11  5.67
11 2024-02-28  100.160004   99.26 -0.90  4.77
12 2024-02-29  100.110001  100.96  0.85  5.62
13 2024-03-01  100.190002  102.43  2.23  7.85
14 2024-03-04  100.160004   99.21 -0.95  6.90
15 2024-03-05   99.989998   99.69 -0.30  6.60
16 2024-03-06  100.120003  101.43  1.30  7.90
17 2024-03-07  100.080002   98.28 -1.80  6.10
18 2024-03-08  100.050003   98.28 -1.77  4.33
19 2024-03-11  100.160004   98.67 -1.49  2.84
20 2024-03-12  100.290001  101.78  1.49  4.33
21 2024-03-13  100.169998   98.50 -1.67  2.66
22 2024-03-14  100.160004   99.83 -0.33  2.33
23 2024-03-15  100.150002  101.15  0.99  3.32
24 2024-03-18  100.190002  101.53  1.34  4.66
25 2024-03-20  100.550003  102.63  2.07  6.73
26 2024-03-21  100.269997  100.95  0.68  7.41
27 2024-03-22  100.040001   99.48 -0.56  6.85
28 2024-03-25  100.099998   99.03 -1.07  5.78
29 2024-03-26  100.160004  100.26  0.11  5.89
30 2024-03-27  100.279999  100.38  0.10  5.99
31 2024-03-28  100.169998   99.83 -0.34  5.65
32 2024-04-01  100.099998   98.98 -1.12  4.53
33 2024-04-02  100.019997   99.02 -1.01  3.52
34 2024-04-03  100.150002  101.26  1.11  4.63
35 2024-04-04   99.959999   97.85 -2.11  2.52
36 2024-04-05  100.269997  100.56  0.29  2.81
37 2024-04-08  100.160004  100.27  0.10  2.91
38 2024-04-09  100.150002  100.27  0.12  3.03
39 2024-04-10  100.129997   98.65 -1.49  1.54
40 2024-04-11  100.160004  101.69  1.53  3.07
41 2024-04-12  100.000000   98.26 -1.73  1.34
42 2024-04-15  100.160004   99.12 -1.04  0.30
43 2024-04-16  100.209999   99.85 -0.36 -0.06
Mean Absolute Error: 1.00%
Epoch: 382, Final Loss: 0.000128
Norm: -4.74

         date     Predict    True  diff   acc
0  2024-02-12  100.089996  101.41  1.31  1.31
1  2024-02-13  100.010002  100.49  0.47  1.78
2  2024-02-14  100.099998  101.05  0.94  2.72
3  2024-02-15  100.129997  101.54  1.41  4.13
4  2024-02-16  100.040001   99.40 -0.64  3.49
5  2024-02-20  100.029999   99.40 -0.63  2.86
6  2024-02-21  100.110001  101.49  1.38  4.24
7  2024-02-23  100.260002  101.42  1.15  5.39
8  2024-02-26  100.059998   99.76 -0.31  5.08
9  2024-02-27  100.019997  100.00 -0.02  5.06
10 2024-02-28  100.080002   99.26 -0.81  4.25
11 2024-02-29  100.019997  100.96  0.94  5.19
12 2024-03-01  100.110001  102.43  2.32  7.51
13 2024-03-04  100.070000   99.21 -0.86  6.65
14 2024-03-05   99.889999   99.69 -0.20  6.45
15 2024-03-06  100.040001  101.43  1.39  7.84
16 2024-03-07   99.989998   98.28 -1.71  6.13
17 2024-03-08   99.949997   98.28 -1.68  4.45
18 2024-03-11  100.070000   98.67 -1.41  3.04
19 2024-03-12  100.209999  101.78  1.56  4.60
20 2024-03-13  100.089996   98.50 -1.59  3.01
21 2024-03-14  100.070000   99.83 -0.24  2.77
22 2024-03-15  100.070000  101.15  1.08  3.85
23 2024-03-18  100.099998  101.53  1.43  5.28
24 2024-03-20  100.489998  102.63  2.12  7.40
25 2024-03-21  100.190002  100.95  0.76  8.16
26 2024-03-22   99.949997   99.48 -0.46  7.70
27 2024-03-25  100.010002   99.03 -0.98  6.72
28 2024-03-26  100.070000  100.26  0.19  6.91
29 2024-03-27  100.209999  100.38  0.18  7.09
30 2024-03-28  100.089996   99.83 -0.25  6.84
31 2024-04-01  100.010002   98.98 -1.03  5.81
32 2024-04-02   99.930000   99.02 -0.91  4.90
33 2024-04-03  100.059998  101.26  1.19  6.09
34 2024-04-04   99.860001   97.85 -2.01  4.08
35 2024-04-05  100.199997  100.56  0.37  4.45
36 2024-04-08  100.080002  100.27  0.19  4.64
37 2024-04-09  100.059998  100.27  0.21  4.85
38 2024-04-10  100.050003   98.65 -1.40  3.45
39 2024-04-11  100.080002  101.69  1.61  5.06
40 2024-04-12   99.900002   98.26 -1.64  3.42
41 2024-04-15  100.070000   99.12 -0.95  2.47
42 2024-04-16  100.129997   99.85 -0.27  2.20
43 2024-04-17  100.029999   97.77 -2.26 -0.06
Mean Absolute Error: 1.01%
Epoch: 315, Final Loss: 0.000133
Norm: -20.00

         date     Predict    True  diff   acc
0  2024-02-13   99.989998  100.49  0.49  0.49
1  2024-02-14  100.040001  101.05  1.00  1.49
2  2024-02-15  100.059998  101.54  1.48  2.97
3  2024-02-16  100.010002   99.40 -0.61  2.36
4  2024-02-20  100.000000   99.40 -0.60  1.76
5  2024-02-21  100.050003  101.49  1.44  3.20
6  2024-02-23  100.129997  101.42  1.28  4.48
7  2024-02-26  100.019997   99.76 -0.27  4.21
8  2024-02-27   99.989998  100.00  0.01  4.22
9  2024-02-28  100.029999   99.26 -0.76  3.46
10 2024-02-29  100.000000  100.96  0.97  4.43
11 2024-03-01  100.050003  102.43  2.38  6.81
12 2024-03-04  100.029999   99.21 -0.82  5.99
13 2024-03-05   99.919998   99.69 -0.23  5.76
14 2024-03-06  100.010002  101.43  1.42  7.18
15 2024-03-07   99.980003   98.28 -1.70  5.48
16 2024-03-08   99.959999   98.28 -1.68  3.80
17 2024-03-11  100.029999   98.67 -1.36  2.44
18 2024-03-12  100.099998  101.78  1.67  4.11
19 2024-03-13  100.040001   98.50 -1.54  2.57
20 2024-03-14  100.029999   99.83 -0.20  2.37
21 2024-03-15  100.019997  101.15  1.13  3.50
22 2024-03-18  100.040001  101.53  1.49  4.99
23 2024-03-20  100.260002  102.63  2.36  7.35
24 2024-03-21  100.089996  100.95  0.86  8.21
25 2024-03-22   99.949997   99.48 -0.47  7.74
26 2024-03-25   99.989998   99.03 -0.96  6.78
27 2024-03-26  100.029999  100.26  0.24  7.02
28 2024-03-27  100.099998  100.38  0.28  7.30
29 2024-03-28  100.040001   99.83 -0.20  7.10
30 2024-04-01   99.989998   98.98 -1.01  6.09
31 2024-04-02   99.940002   99.02 -0.93  5.16
32 2024-04-03  100.019997  101.26  1.24  6.40
33 2024-04-04   99.900002   97.85 -2.06  4.34
34 2024-04-05  100.099998  100.56  0.46  4.80
35 2024-04-08  100.029999  100.27  0.24  5.04
36 2024-04-09  100.019997  100.27  0.25  5.29
37 2024-04-10  100.010002   98.65 -1.37  3.92
38 2024-04-11  100.029999  101.69  1.66  5.58
39 2024-04-12   99.930000   98.26 -1.66  3.92
40 2024-04-15  100.029999   99.12 -0.91  3.01
41 2024-04-16  100.059998   99.85 -0.21  2.80
42 2024-04-17  100.000000   97.77 -2.23  0.57
43 2024-04-18  100.040001   99.70 -0.34  0.23
Mean Absolute Error: 1.01%
Epoch: 983, Final Loss: 0.000136
Norm: -3.37

         date     Predict    True  diff   acc
0  2024-02-14  100.010002  101.05  1.03  1.03
1  2024-02-15  100.029999  101.54  1.51  2.54
2  2024-02-16   99.970001   99.40 -0.57  1.97
3  2024-02-20   99.959999   99.40 -0.57  1.40
4  2024-02-21  100.019997  101.49  1.47  2.87
5  2024-02-23  100.120003  101.42  1.29  4.16
6  2024-02-26   99.989998   99.76 -0.23  3.93
7  2024-02-27   99.949997  100.00  0.05  3.98
8  2024-02-28   99.989998   99.26 -0.73  3.25
9  2024-02-29   99.959999  100.96  1.01  4.26
10 2024-03-01  100.019997  102.43  2.41  6.67
11 2024-03-04   99.989998   99.21 -0.78  5.89
12 2024-03-05   99.870003   99.69 -0.18  5.71
13 2024-03-06   99.970001  101.43  1.46  7.17
14 2024-03-07   99.940002   98.28 -1.66  5.51
15 2024-03-08   99.910004   98.28 -1.64  3.87
16 2024-03-11   99.989998   98.67 -1.33  2.54
17 2024-03-12  100.089996  101.78  1.69  4.23
18 2024-03-13  100.000000   98.50 -1.50  2.73
19 2024-03-14   99.989998   99.83 -0.17  2.56
20 2024-03-15   99.989998  101.15  1.16  3.72
21 2024-03-18  100.010002  101.53  1.52  5.24
22 2024-03-20  100.279999  102.63  2.35  7.59
23 2024-03-21  100.070000  100.95  0.88  8.47
24 2024-03-22   99.910004   99.48 -0.42  8.05
25 2024-03-25   99.949997   99.03 -0.92  7.13
26 2024-03-26   99.989998  100.26  0.27  7.40
27 2024-03-27  100.080002  100.38  0.30  7.70
28 2024-03-28  100.000000   99.83 -0.17  7.53
29 2024-04-01   99.949997   98.98 -0.97  6.56
30 2024-04-02   99.889999   99.02 -0.88  5.68
31 2024-04-03   99.989998  101.26  1.27  6.95
32 2024-04-04   99.849998   97.85 -2.00  4.95
33 2024-04-05  100.080002  100.56  0.49  5.44
34 2024-04-08  100.000000  100.27  0.27  5.71
35 2024-04-09   99.980003  100.27  0.28  5.99
36 2024-04-10   99.970001   98.65 -1.33  4.66
37 2024-04-11  100.000000  101.69  1.70  6.36
38 2024-04-12   99.879997   98.26 -1.61  4.75
39 2024-04-15   99.989998   99.12 -0.87  3.88
40 2024-04-16  100.029999   99.85 -0.18  3.70
41 2024-04-17   99.959999   97.77 -2.19  1.51
42 2024-04-18  100.010002   99.70 -0.31  1.20
43 2024-04-19  100.040001   98.80 -1.23 -0.03
Mean Absolute Error: 1.02%
Epoch: 775, Final Loss: 0.000137
Norm: -14.25

         date     Predict    True  diff   acc
0  2024-02-15  100.050003  101.54  1.49  1.49
1  2024-02-16   99.980003   99.40 -0.57  0.92
2  2024-02-20   99.970001   99.40 -0.57  0.35
3  2024-02-21  100.029999  101.49  1.45  1.80
4  2024-02-23  100.160004  101.42  1.25  3.05
5  2024-02-26  100.000000   99.76 -0.24  2.81
6  2024-02-27   99.959999  100.00  0.04  2.85
7  2024-02-28  100.010002   99.26 -0.74  2.11
8  2024-02-29   99.959999  100.96  1.01  3.12
9  2024-03-01  100.029999  102.43  2.39  5.51
10 2024-03-04  100.000000   99.21 -0.79  4.72
11 2024-03-05   99.849998   99.69 -0.16  4.56
12 2024-03-06   99.970001  101.43  1.45  6.01
13 2024-03-07   99.940002   98.28 -1.65  4.36
14 2024-03-08   99.900002   98.28 -1.63  2.73
15 2024-03-11  100.000000   98.67 -1.34  1.39
16 2024-03-12  100.120003  101.78  1.66  3.05
17 2024-03-13  100.019997   98.50 -1.52  1.53
18 2024-03-14  100.000000   99.83 -0.18  1.35
19 2024-03-15  100.000000  101.15  1.15  2.50
20 2024-03-18  100.029999  101.53  1.51  4.01
21 2024-03-20  100.349998  102.63  2.27  6.28
22 2024-03-21  100.099998  100.95  0.85  7.13
23 2024-03-22   99.900002   99.48 -0.42  6.71
24 2024-03-25   99.949997   99.03 -0.92  5.79
25 2024-03-26  100.000000  100.26  0.26  6.05
26 2024-03-27  100.110001  100.38  0.27  6.32
27 2024-03-28  100.019997   99.83 -0.18  6.14
28 2024-04-01   99.949997   98.98 -0.97  5.17
29 2024-04-02   99.879997   99.02 -0.87  4.30
30 2024-04-03  100.000000  101.26  1.26  5.56
31 2024-04-04   99.820000   97.85 -1.98  3.58
32 2024-04-05  100.110001  100.56  0.46  4.04
33 2024-04-08  100.010002  100.27  0.26  4.30
34 2024-04-09   99.989998  100.27  0.27  4.57
35 2024-04-10   99.980003   98.65 -1.34  3.23
36 2024-04-11  100.010002  101.69  1.68  4.91
37 2024-04-12   99.860001   98.26 -1.60  3.31
38 2024-04-15  100.000000   99.12 -0.88  2.43
39 2024-04-16  100.050003   99.85 -0.20  2.23
40 2024-04-17   99.959999   97.77 -2.20  0.03
41 2024-04-18  100.019997   99.70 -0.33 -0.30
42 2024-04-19  100.059998   98.80 -1.25 -1.55
43 2024-04-22  100.089996  101.57  1.48 -0.07
Mean Absolute Error: 1.02%
Epoch: 521, Final Loss: 0.000138
Norm: 17.05

         date     Predict    True  diff   acc
0  2024-02-16   99.949997   99.40 -0.55 -0.55
1  2024-02-20   99.940002   99.40 -0.54 -1.09
2  2024-02-21  100.010002  101.49  1.47  0.38
3  2024-02-23  100.160004  101.42  1.25  1.63
4  2024-02-26   99.970001   99.76 -0.22  1.41
5  2024-02-27   99.930000  100.00  0.07  1.48
6  2024-02-28   99.980003   99.26 -0.72  0.76
7  2024-02-29   99.930000  100.96  1.03  1.79
8  2024-03-01  100.010002  102.43  2.41  4.20
9  2024-03-04   99.980003   99.21 -0.77  3.43
10 2024-03-05   99.800003   99.69 -0.12  3.31
11 2024-03-06   99.949997  101.43  1.48  4.79
12 2024-03-07   99.900002   98.28 -1.62  3.17
13 2024-03-08   99.870003   98.28 -1.59  1.58
14 2024-03-11   99.980003   98.67 -1.32  0.26
15 2024-03-12  100.110001  101.78  1.66  1.92
16 2024-03-13  100.000000   98.50 -1.50  0.42
17 2024-03-14   99.980003   99.83 -0.15  0.27
18 2024-03-15   99.980003  101.15  1.17  1.44
19 2024-03-18  100.010002  101.53  1.52  2.96
20 2024-03-20  100.389999  102.63  2.24  5.20
21 2024-03-21  100.089996  100.95  0.86  6.06
22 2024-03-22   99.860001   99.48 -0.38  5.68
23 2024-03-25   99.919998   99.03 -0.89  4.79
24 2024-03-26   99.980003  100.26  0.28  5.07
25 2024-03-27  100.110001  100.38  0.27  5.34
26 2024-03-28  100.000000   99.83 -0.16  5.18
27 2024-04-01   99.919998   98.98 -0.94  4.24
28 2024-04-02   99.839996   99.02 -0.83  3.41
29 2024-04-03   99.970001  101.26  1.29  4.70
30 2024-04-04   99.779999   97.85 -1.93  2.77
31 2024-04-05  100.099998  100.56  0.46  3.23
32 2024-04-08   99.989998  100.27  0.28  3.51
33 2024-04-09   99.970001  100.27  0.30  3.81
34 2024-04-10   99.959999   98.65 -1.31  2.50
35 2024-04-11   99.989998  101.69  1.71  4.21
36 2024-04-12   99.820000   98.26 -1.56  2.65
37 2024-04-15   99.980003   99.12 -0.86  1.79
38 2024-04-16  100.029999   99.85 -0.18  1.61
39 2024-04-17   99.940002   97.77 -2.17 -0.56
40 2024-04-18  100.000000   99.70 -0.31 -0.87
41 2024-04-19  100.040001   98.80 -1.24 -2.11
42 2024-04-22  100.080002  101.57  1.49 -0.62
43 2024-04-23  100.059998  100.61  0.55 -0.07
Mean Absolute Error: 0.99%
Epoch: 344, Final Loss: 0.000132
Norm: 24.97

         date     Predict    True  diff   acc
0  2024-02-20   99.949997   99.40 -0.55 -0.55
1  2024-02-21  100.019997  101.49  1.47  0.92
2  2024-02-23  100.139999  101.42  1.27  2.19
3  2024-02-26   99.980003   99.76 -0.23  1.96
4  2024-02-27   99.940002  100.00  0.06  2.02
5  2024-02-28   99.989998   99.26 -0.73  1.29
6  2024-02-29   99.940002  100.96  1.02  2.31
7  2024-03-01  100.019997  102.43  2.41  4.72
8  2024-03-04   99.989998   99.21 -0.78  3.94
9  2024-03-05   99.839996   99.69 -0.15  3.79
10 2024-03-06   99.959999  101.43  1.47  5.26
11 2024-03-07   99.919998   98.28 -1.64  3.62
12 2024-03-08   99.889999   98.28 -1.62  2.00
13 2024-03-11   99.989998   98.67 -1.32  0.68
14 2024-03-12  100.099998  101.78  1.68  2.36
15 2024-03-13  100.000000   98.50 -1.50  0.86
16 2024-03-14   99.989998   99.83 -0.16  0.70
17 2024-03-15   99.980003  101.15  1.17  1.87
18 2024-03-18  100.010002  101.53  1.52  3.39
19 2024-03-20  100.330002  102.63  2.29  5.68
20 2024-03-21  100.080002  100.95  0.87  6.55
21 2024-03-22   99.879997   99.48 -0.40  6.15
22 2024-03-25   99.940002   99.03 -0.91  5.24
23 2024-03-26   99.989998  100.26  0.28  5.52
24 2024-03-27  100.089996  100.38  0.29  5.81
25 2024-03-28  100.000000   99.83 -0.17  5.64
26 2024-04-01   99.940002   98.98 -0.96  4.68
27 2024-04-02   99.870003   99.02 -0.85  3.83
28 2024-04-03   99.980003  101.26  1.28  5.11
29 2024-04-04   99.809998   97.85 -1.97  3.14
30 2024-04-05  100.089996  100.56  0.47  3.61
31 2024-04-08   99.989998  100.27  0.28  3.89
32 2024-04-09   99.980003  100.27  0.29  4.18
33 2024-04-10   99.970001   98.65 -1.32  2.86
34 2024-04-11   99.989998  101.69  1.70  4.56
35 2024-04-12   99.849998   98.26 -1.59  2.97
36 2024-04-15   99.989998   99.12 -0.87  2.10
37 2024-04-16  100.029999   99.85 -0.18  1.92
38 2024-04-17   99.949997   97.77 -2.18 -0.26
39 2024-04-18  100.010002   99.70 -0.31 -0.57
40 2024-04-19  100.040001   98.80 -1.24 -1.81
41 2024-04-22  100.070000  101.57  1.50 -0.31
42 2024-04-23  100.050003  100.61  0.55  0.24
43 2024-04-24  100.010002   99.70 -0.31 -0.07
Mean Absolute Error: 1.00%
Epoch: 551, Final Loss: 0.000133
Norm: 20.81

         date     Predict    True  diff   acc
0  2024-02-21  100.029999  101.49  1.46  1.46
1  2024-02-23  100.190002  101.42  1.23  2.69
2  2024-02-26   99.989998   99.76 -0.23  2.46
3  2024-02-27   99.940002  100.00  0.06  2.52
4  2024-02-28  100.000000   99.26 -0.73  1.79
5  2024-02-29   99.940002  100.96  1.02  2.81
6  2024-03-01  100.029999  102.43  2.40  5.21
7  2024-03-04  100.000000   99.21 -0.78  4.43
8  2024-03-05   99.809998   99.69 -0.12  4.31
9  2024-03-06   99.959999  101.43  1.47  5.78
10 2024-03-07   99.910004   98.28 -1.63  4.15
11 2024-03-08   99.870003   98.28 -1.60  2.55
12 2024-03-11  100.000000   98.67 -1.33  1.22
13 2024-03-12  100.129997  101.78  1.64  2.86
14 2024-03-13  100.010002   98.50 -1.51  1.35
15 2024-03-14   99.989998   99.83 -0.17  1.18
16 2024-03-15   99.989998  101.15  1.16  2.34
17 2024-03-18  100.019997  101.53  1.51  3.85
18 2024-03-20  100.430000  102.63  2.20  6.05
19 2024-03-21  100.110001  100.95  0.84  6.89
20 2024-03-22   99.870003   99.48 -0.38  6.51
21 2024-03-25   99.930000   99.03 -0.90  5.61
22 2024-03-26   99.989998  100.26  0.27  5.88
23 2024-03-27  100.129997  100.38  0.25  6.13
24 2024-03-28  100.010002   99.83 -0.18  5.95
25 2024-04-01   99.930000   98.98 -0.95  5.00
26 2024-04-02   99.849998   99.02 -0.83  4.17
27 2024-04-03   99.989998  101.26  1.27  5.44
28 2024-04-04   99.779999   97.85 -1.93  3.51
29 2024-04-05  100.120003  100.56  0.44  3.95
30 2024-04-08  100.000000  100.27  0.27  4.22
31 2024-04-09   99.980003  100.27  0.29  4.51
32 2024-04-10   99.970001   98.65 -1.32  3.19
33 2024-04-11  100.000000  101.69  1.69  4.88
34 2024-04-12   99.820000   98.26 -1.56  3.32
35 2024-04-15   99.989998   99.12 -0.87  2.45
36 2024-04-16  100.050003   99.85 -0.20  2.25
37 2024-04-17   99.949997   97.77 -2.18  0.07
38 2024-04-18  100.019997   99.70 -0.32 -0.25
39 2024-04-19  100.059998   98.80 -1.26 -1.51
40 2024-04-22  100.099998  101.57  1.47 -0.04
41 2024-04-23  100.080002  100.61  0.53  0.49
42 2024-04-24  100.019997   99.70 -0.32  0.17
43 2024-04-25   99.879997   99.67 -0.21 -0.04
Mean Absolute Error: 0.98%
Epoch: 303, Final Loss: 0.000130
Norm: 17.50

         date     Predict    True  diff   acc
0  2024-02-23  100.180000  101.42  1.24  1.24
1  2024-02-26   99.980003   99.76 -0.23  1.01
2  2024-02-27   99.940002  100.00  0.06  1.07
3  2024-02-28   99.989998   99.26 -0.73  0.34
4  2024-02-29   99.940002  100.96  1.02  1.36
5  2024-03-01  100.029999  102.43  2.40  3.76
6  2024-03-04   99.989998   99.21 -0.78  2.98
7  2024-03-05   99.809998   99.69 -0.13  2.85
8  2024-03-06   99.959999  101.43  1.47  4.32
9  2024-03-07   99.910004   98.28 -1.63  2.69
10 2024-03-08   99.879997   98.28 -1.60  1.09
11 2024-03-11   99.989998   98.67 -1.33 -0.24
12 2024-03-12  100.120003  101.78  1.65  1.41
13 2024-03-13  100.010002   98.50 -1.51 -0.10
14 2024-03-14   99.989998   99.83 -0.16 -0.26
15 2024-03-15   99.989998  101.15  1.16  0.90
16 2024-03-18  100.019997  101.53  1.51  2.41
17 2024-03-20  100.400002  102.63  2.22  4.63
18 2024-03-21  100.099998  100.95  0.84  5.47
19 2024-03-22   99.870003   99.48 -0.39  5.08
20 2024-03-25   99.940002   99.03 -0.90  4.18
21 2024-03-26   99.989998  100.26  0.27  4.45
22 2024-03-27  100.120003  100.38  0.26  4.71
23 2024-03-28  100.010002   99.83 -0.17  4.54
24 2024-04-01   99.930000   98.98 -0.95  3.59
25 2024-04-02   99.849998   99.02 -0.84  2.75
26 2024-04-03   99.980003  101.26  1.28  4.03
27 2024-04-04   99.779999   97.85 -1.94  2.09
28 2024-04-05  100.110001  100.56  0.45  2.54
29 2024-04-08  100.000000  100.27  0.27  2.81
30 2024-04-09   99.980003  100.27  0.29  3.10
31 2024-04-10   99.970001   98.65 -1.32  1.78
32 2024-04-11  100.000000  101.69  1.70  3.48
33 2024-04-12   99.830002   98.26 -1.56  1.92
34 2024-04-15   99.989998   99.12 -0.87  1.05
35 2024-04-16  100.040001   99.85 -0.19  0.86
36 2024-04-17   99.949997   97.77 -2.18 -1.32
37 2024-04-18  100.019997   99.70 -0.32 -1.64
38 2024-04-19  100.059998   98.80 -1.25 -2.89
39 2024-04-22  100.089996  101.57  1.48 -1.41
40 2024-04-23  100.070000  100.61  0.53 -0.88
41 2024-04-24  100.019997   99.70 -0.32 -1.20
42 2024-04-25   99.889999   99.67 -0.22 -1.42
43 2024-04-29  100.139999  101.52  1.38 -0.04
Mean Absolute Error: 0.98%
Epoch: 336, Final Loss: 0.000130
Norm: 34.09

         date     Predict    True  diff   acc
0  2024-02-26   99.940002   99.76 -0.19 -0.19
1  2024-02-27   99.910004  100.00  0.09 -0.10
2  2024-02-28   99.949997   99.26 -0.69 -0.79
3  2024-02-29   99.910004  100.96  1.06  0.27
4  2024-03-01   99.970001  102.43  2.45  2.72
5  2024-03-04   99.949997   99.21 -0.74  1.98
6  2024-03-05   99.809998   99.69 -0.13  1.85
7  2024-03-06   99.919998  101.43  1.51  3.36
8  2024-03-07   99.889999   98.28 -1.61  1.75
9  2024-03-08   99.860001   98.28 -1.59  0.16
10 2024-03-11   99.949997   98.67 -1.28 -1.12
11 2024-03-12  100.050003  101.78  1.72  0.60
12 2024-03-13   99.959999   98.50 -1.46 -0.86
13 2024-03-14   99.949997   99.83 -0.12 -0.98
14 2024-03-15   99.949997  101.15  1.21  0.23
15 2024-03-18   99.970001  101.53  1.56  1.79
16 2024-03-20  100.260002  102.63  2.36  4.15
17 2024-03-21  100.040001  100.95  0.91  5.06
18 2024-03-22   99.860001   99.48 -0.37  4.69
19 2024-03-25   99.910004   99.03 -0.87  3.82
20 2024-03-26   99.949997  100.26  0.31  4.13
21 2024-03-27  100.050003  100.38  0.33  4.46
22 2024-03-28   99.959999   99.83 -0.13  4.33
23 2024-04-01   99.900002   98.98 -0.92  3.41
24 2024-04-02   99.839996   99.02 -0.83  2.58
25 2024-04-03   99.940002  101.26  1.32  3.90
26 2024-04-04   99.790001   97.85 -1.95  1.95
27 2024-04-05  100.040001  100.56  0.52  2.47
28 2024-04-08   99.949997  100.27  0.31  2.78
29 2024-04-09   99.940002  100.27  0.33  3.11
30 2024-04-10   99.930000   98.65 -1.28  1.83
31 2024-04-11   99.949997  101.69  1.74  3.57
32 2024-04-12   99.820000   98.26 -1.56  2.01
33 2024-04-15   99.949997   99.12 -0.83  1.18
34 2024-04-16   99.989998   99.85 -0.14  1.04
35 2024-04-17   99.910004   97.77 -2.15 -1.11
36 2024-04-18   99.970001   99.70 -0.27 -1.38
37 2024-04-19  100.000000   98.80 -1.19 -2.57
38 2024-04-22  100.019997  101.57  1.55 -1.02
39 2024-04-23  100.010002  100.61  0.60 -0.42
40 2024-04-24   99.970001   99.70 -0.27 -0.69
41 2024-04-25   99.870003   99.67 -0.20 -0.89
42 2024-04-29  100.070000  101.52  1.45  0.56
43 2024-04-30   99.889999   99.28 -0.62 -0.06
Mean Absolute Error: 0.97%
Epoch: 685, Final Loss: 0.000130
Norm: 32.90

         date     Predict    True  diff   acc
0  2024-02-27   99.900002  100.00  0.10  0.10
1  2024-02-28   99.959999   99.26 -0.70 -0.60
2  2024-02-29   99.910004  100.96  1.06  0.46
3  2024-03-01   99.989998  102.43  2.43  2.89
4  2024-03-04   99.959999   99.21 -0.75  2.14
5  2024-03-05   99.769997   99.69 -0.09  2.05
6  2024-03-06   99.919998  101.43  1.51  3.56
7  2024-03-07   99.879997   98.28 -1.60  1.96
8  2024-03-08   99.839996   98.28 -1.57  0.39
9  2024-03-11   99.959999   98.67 -1.29 -0.90
10 2024-03-12  100.099998  101.78  1.68  0.78
11 2024-03-13   99.980003   98.50 -1.48 -0.70
12 2024-03-14   99.959999   99.83 -0.13 -0.83
13 2024-03-15   99.949997  101.15  1.20  0.37
14 2024-03-18   99.989998  101.53  1.55  1.92
15 2024-03-20  100.379997  102.63  2.24  4.16
16 2024-03-21  100.070000  100.95  0.87  5.03
17 2024-03-22   99.830002   99.48 -0.35  4.68
18 2024-03-25   99.900002   99.03 -0.87  3.81
19 2024-03-26   99.959999  100.26  0.31  4.12
20 2024-03-27  100.089996  100.38  0.29  4.41
21 2024-03-28   99.970001   99.83 -0.14  4.27
22 2024-04-01   99.900002   98.98 -0.92  3.35
23 2024-04-02   99.809998   99.02 -0.80  2.55
24 2024-04-03   99.949997  101.26  1.31  3.86
25 2024-04-04   99.739998   97.85 -1.90  1.96
26 2024-04-05  100.080002  100.56  0.48  2.44
27 2024-04-08   99.959999  100.27  0.30  2.74
28 2024-04-09   99.949997  100.27  0.32  3.06
29 2024-04-10   99.930000   98.65 -1.29  1.77
30 2024-04-11   99.959999  101.69  1.73  3.50
31 2024-04-12   99.790001   98.26 -1.53  1.97
32 2024-04-15   99.959999   99.12 -0.84  1.13
33 2024-04-16  100.010002   99.85 -0.16  0.97
34 2024-04-17   99.910004   97.77 -2.14 -1.17
35 2024-04-18   99.980003   99.70 -0.29 -1.46
36 2024-04-19  100.029999   98.80 -1.22 -2.68
37 2024-04-22  100.059998  101.57  1.51 -1.17
38 2024-04-23  100.040001  100.61  0.57 -0.60
39 2024-04-24   99.980003   99.70 -0.28 -0.88
40 2024-04-25   99.849998   99.67 -0.18 -1.06
41 2024-04-29  100.120003  101.52  1.40  0.34
42 2024-04-30   99.879997   99.28 -0.60 -0.26
43 2024-05-01   99.720001   99.92  0.21 -0.05
Mean Absolute Error: 0.96%
Epoch: 311, Final Loss: 0.000127
Norm: 34.11

         date     Predict    True  diff   acc
0  2024-02-28  100.000000   99.26 -0.74 -0.74
1  2024-02-29   99.940002  100.96  1.02  0.28
2  2024-03-01  100.040001  102.43  2.39  2.67
3  2024-03-04  100.000000   99.21 -0.79  1.88
4  2024-03-05   99.800003   99.69 -0.11  1.77
5  2024-03-06   99.959999  101.43  1.47  3.24
6  2024-03-07   99.910004   98.28 -1.63  1.61
7  2024-03-08   99.870003   98.28 -1.60  0.01
8  2024-03-11  100.000000   98.67 -1.34 -1.33
9  2024-03-12  100.150002  101.78  1.62  0.29
10 2024-03-13  100.019997   98.50 -1.52 -1.23
11 2024-03-14  100.000000   99.83 -0.17 -1.40
12 2024-03-15  100.000000  101.15  1.15 -0.25
13 2024-03-18  100.029999  101.53  1.50  1.25
14 2024-03-20  100.470001  102.63  2.15  3.40
15 2024-03-21  100.129997  100.95  0.82  4.22
16 2024-03-22   99.860001   99.48 -0.38  3.84
17 2024-03-25   99.940002   99.03 -0.91  2.93
18 2024-03-26  100.000000  100.26  0.26  3.19
19 2024-03-27  100.150002  100.38  0.23  3.42
20 2024-03-28  100.019997   99.83 -0.18  3.24
21 2024-04-01   99.930000   98.98 -0.95  2.29
22 2024-04-02   99.839996   99.02 -0.83  1.46
23 2024-04-03   99.989998  101.26  1.27  2.73
24 2024-04-04   99.769997   97.85 -1.93  0.80
25 2024-04-05  100.139999  100.56  0.42  1.22
26 2024-04-08  100.010002  100.27  0.26  1.48
27 2024-04-09   99.989998  100.27  0.28  1.76
28 2024-04-10   99.970001   98.65 -1.33  0.43
29 2024-04-11  100.010002  101.69  1.68  2.11
30 2024-04-12   99.809998   98.26 -1.55  0.56
31 2024-04-15  100.000000   99.12 -0.88 -0.32
32 2024-04-16  100.059998   99.85 -0.21 -0.53
33 2024-04-17   99.949997   97.77 -2.18 -2.71
34 2024-04-18  100.029999   99.70 -0.33 -3.04
35 2024-04-19  100.070000   98.80 -1.27 -4.31
36 2024-04-22  100.110001  101.57  1.46 -2.85
37 2024-04-23  100.089996  100.61  0.51 -2.34
38 2024-04-24  100.029999   99.70 -0.33 -2.67
39 2024-04-25   99.879997   99.67 -0.21 -2.88
40 2024-04-29  100.169998  101.52  1.35 -1.53
41 2024-04-30   99.919998   99.28 -0.64 -2.17
42 2024-05-01   99.739998   99.92  0.19 -1.98
43 2024-05-06  100.290001  102.21  1.92 -0.06
Mean Absolute Error: 1.00%
Epoch: 409, Final Loss: 0.000134
Norm: 49.82

         date     Predict    True  diff   acc
0  2024-02-29   99.959999  100.96  1.01  1.01
1  2024-03-01  100.040001  102.43  2.39  3.40
2  2024-03-04  100.010002   99.21 -0.80  2.60
3  2024-03-05   99.839996   99.69 -0.15  2.45
4  2024-03-06   99.970001  101.43  1.46  3.91
5  2024-03-07   99.930000   98.28 -1.65  2.26
6  2024-03-08   99.900002   98.28 -1.62  0.64
7  2024-03-11  100.010002   98.67 -1.34 -0.70
8  2024-03-12  100.129997  101.78  1.64  0.94
9  2024-03-13  100.019997   98.50 -1.52 -0.58
10 2024-03-14  100.000000   99.83 -0.18 -0.76
11 2024-03-15  100.000000  101.15  1.15  0.39
12 2024-03-18  100.029999  101.53  1.50  1.89
13 2024-03-20  100.389999  102.63  2.23  4.12
14 2024-03-21  100.110001  100.95  0.84  4.96
15 2024-03-22   99.889999   99.48 -0.41  4.55
16 2024-03-25   99.949997   99.03 -0.92  3.63
17 2024-03-26  100.000000  100.26  0.26  3.89
18 2024-03-27  100.129997  100.38  0.25  4.14
19 2024-03-28  100.019997   99.83 -0.19  3.95
20 2024-04-01   99.949997   98.98 -0.97  2.98
21 2024-04-02   99.870003   99.02 -0.86  2.12
22 2024-04-03  100.000000  101.26  1.26  3.38
23 2024-04-04   99.809998   97.85 -1.97  1.41
24 2024-04-05  100.120003  100.56  0.44  1.85
25 2024-04-08  100.010002  100.27  0.26  2.11
26 2024-04-09   99.989998  100.27  0.27  2.38
27 2024-04-10   99.980003   98.65 -1.34  1.04
28 2024-04-11  100.010002  101.69  1.68  2.72
29 2024-04-12   99.849998   98.26 -1.59  1.13
30 2024-04-15  100.000000   99.12 -0.89  0.24
31 2024-04-16  100.050003   99.85 -0.20  0.04
32 2024-04-17   99.959999   97.77 -2.19 -2.15
33 2024-04-18  100.029999   99.70 -0.33 -2.48
34 2024-04-19  100.070000   98.80 -1.26 -3.74
35 2024-04-22  100.099998  101.57  1.47 -2.27
36 2024-04-23  100.080002  100.61  0.53 -1.74
37 2024-04-24  100.029999   99.70 -0.33 -2.07
38 2024-04-25   99.910004   99.67 -0.24 -2.31
39 2024-04-29  100.150002  101.52  1.37 -0.94
40 2024-04-30   99.930000   99.28 -0.66 -1.60
41 2024-05-01   99.779999   99.92  0.14 -1.46
42 2024-05-06  100.239998  102.21  1.97  0.51
43 2024-05-07  100.070000   99.48 -0.59 -0.08
Mean Absolute Error: 1.01%
Epoch: 399, Final Loss: 0.000136
Norm: 42.07

         date     Predict    True  diff   acc
0  2024-03-01   99.989998  102.43  2.44  2.44
1  2024-03-04   99.959999   99.21 -0.75  1.69
2  2024-03-05   99.809998   99.69 -0.12  1.57
3  2024-03-06   99.930000  101.43  1.50  3.07
4  2024-03-07   99.889999   98.28 -1.61  1.46
5  2024-03-08   99.860001   98.28 -1.58 -0.12
6  2024-03-11   99.959999   98.67 -1.29 -1.41
7  2024-03-12  100.070000  101.78  1.71  0.30
8  2024-03-13   99.970001   98.50 -1.47 -1.17
9  2024-03-14   99.959999   99.83 -0.13 -1.30
10 2024-03-15   99.949997  101.15  1.20 -0.10
11 2024-03-18   99.980003  101.53  1.55  1.45
12 2024-03-20  100.300003  102.63  2.32  3.77
13 2024-03-21  100.050003  100.95  0.90  4.67
14 2024-03-22   99.849998   99.48 -0.37  4.30
15 2024-03-25   99.910004   99.03 -0.88  3.42
16 2024-03-26   99.959999  100.26  0.31  3.73
17 2024-03-27  100.070000  100.38  0.32  4.05
18 2024-03-28   99.970001   99.83 -0.14  3.91
19 2024-04-01   99.910004   98.98 -0.93  2.98
20 2024-04-02   99.839996   99.02 -0.82  2.16
21 2024-04-03   99.949997  101.26  1.31  3.47
22 2024-04-04   99.779999   97.85 -1.94  1.53
23 2024-04-05  100.059998  100.56  0.50  2.03
24 2024-04-08   99.959999  100.27  0.31  2.34
25 2024-04-09   99.949997  100.27  0.32  2.66
26 2024-04-10   99.940002   98.65 -1.29  1.37
27 2024-04-11   99.959999  101.69  1.73  3.10
28 2024-04-12   99.820000   98.26 -1.55  1.55
29 2024-04-15   99.959999   99.12 -0.84  0.71
30 2024-04-16  100.000000   99.85 -0.15  0.56
31 2024-04-17   99.919998   97.77 -2.15 -1.59
32 2024-04-18   99.980003   99.70 -0.28 -1.87
33 2024-04-19  100.010002   98.80 -1.21 -3.08
34 2024-04-22  100.040001  101.57  1.53 -1.55
35 2024-04-23  100.029999  100.61  0.58 -0.97
36 2024-04-24   99.980003   99.70 -0.28 -1.25
37 2024-04-25   99.870003   99.67 -0.20 -1.45
38 2024-04-29  100.089996  101.52  1.43 -0.02
39 2024-04-30   99.889999   99.28 -0.62 -0.64
40 2024-05-01   99.760002   99.92  0.17 -0.47
41 2024-05-06  100.169998  102.21  2.04  1.57
42 2024-05-07  100.019997   99.48 -0.53  1.04
43 2024-05-08  100.059998   98.96 -1.10 -0.06
Mean Absolute Error: 1.01%
Epoch: 555, Final Loss: 0.000138
Norm: 38.97

         date     Predict    True  diff   acc
0  2024-03-04   99.910004   99.21 -0.70 -0.70
1  2024-03-05   99.750000   99.69 -0.06 -0.76
2  2024-03-06   99.879997  101.43  1.55  0.79
3  2024-03-07   99.839996   98.28 -1.56 -0.77
4  2024-03-08   99.809998   98.28 -1.53 -2.30
5  2024-03-11   99.910004   98.67 -1.25 -3.55
6  2024-03-12  100.029999  101.78  1.74 -1.81
7  2024-03-13   99.930000   98.50 -1.43 -3.24
8  2024-03-14   99.910004   99.83 -0.08 -3.32
9  2024-03-15   99.910004  101.15  1.24 -2.08
10 2024-03-18   99.940002  101.53  1.60 -0.48
11 2024-03-20  100.279999  102.63  2.34  1.86
12 2024-03-21  100.010002  100.95  0.94  2.80
13 2024-03-22   99.800003   99.48 -0.32  2.48
14 2024-03-25   99.860001   99.03 -0.83  1.65
15 2024-03-26   99.910004  100.26  0.35  2.00
16 2024-03-27  100.029999  100.38  0.35  2.35
17 2024-03-28   99.919998   99.83 -0.09  2.26
18 2024-04-01   99.860001   98.98 -0.88  1.38
19 2024-04-02   99.779999   99.02 -0.77  0.61
20 2024-04-03   99.900002  101.26  1.36  1.97
21 2024-04-04   99.720001   97.85 -1.88  0.09
22 2024-04-05  100.019997  100.56  0.54  0.63
23 2024-04-08   99.919998  100.27  0.35  0.98
24 2024-04-09   99.900002  100.27  0.37  1.35
25 2024-04-10   99.889999   98.65 -1.24  0.11
26 2024-04-11   99.910004  101.69  1.78  1.89
27 2024-04-12   99.760002   98.26 -1.50  0.39
28 2024-04-15   99.910004   99.12 -0.79 -0.40
29 2024-04-16   99.959999   99.85 -0.11 -0.51
30 2024-04-17   99.870003   97.77 -2.10 -2.61
31 2024-04-18   99.930000   99.70 -0.24 -2.85
32 2024-04-19   99.970001   98.80 -1.16 -4.01
33 2024-04-22  100.000000  101.57  1.57 -2.44
34 2024-04-23   99.980003  100.61  0.62 -1.82
35 2024-04-24   99.930000   99.70 -0.23 -2.05
36 2024-04-25   99.820000   99.67 -0.14 -2.19
37 2024-04-29  100.050003  101.52  1.47 -0.72
38 2024-04-30   99.839996   99.28 -0.57 -1.29
39 2024-05-01   99.699997   99.92  0.23 -1.06
40 2024-05-06  100.139999  102.21  2.07  1.01
41 2024-05-07   99.970001   99.48 -0.49  0.52
42 2024-05-08  100.019997   98.96 -1.06 -0.54
43 2024-05-09  100.000000  100.48  0.47 -0.07
Mean Absolute Error: 0.95%
Epoch: 447, Final Loss: 0.000125
Norm: 57.86

         date     Predict    True  diff   acc
0  2024-03-05   99.730003   99.69 -0.04 -0.04
1  2024-03-06   99.870003  101.43  1.56  1.52
2  2024-03-07   99.830002   98.28 -1.55 -0.03
3  2024-03-08   99.790001   98.28 -1.52 -1.55
4  2024-03-11   99.910004   98.67 -1.25 -2.80
5  2024-03-12  100.050003  101.78  1.73 -1.07
6  2024-03-13   99.930000   98.50 -1.43 -2.50
7  2024-03-14   99.910004   99.83 -0.08 -2.58
8  2024-03-15   99.910004  101.15  1.25 -1.33
9  2024-03-18   99.940002  101.53  1.59  0.26
10 2024-03-20  100.330002  102.63  2.29  2.55
11 2024-03-21  100.029999  100.95  0.92  3.47
12 2024-03-22   99.779999   99.48 -0.30  3.17
13 2024-03-25   99.849998   99.03 -0.82  2.35
14 2024-03-26   99.910004  100.26  0.35  2.70
15 2024-03-27  100.040001  100.38  0.34  3.04
16 2024-03-28   99.930000   99.83 -0.09  2.95
17 2024-04-01   99.849998   98.98 -0.87  2.08
18 2024-04-02   99.760002   99.02 -0.75  1.33
19 2024-04-03   99.900002  101.26  1.36  2.69
20 2024-04-04   99.690002   97.85 -1.85  0.84
21 2024-04-05  100.029999  100.56  0.53  1.37
22 2024-04-08   99.919998  100.27  0.35  1.72
23 2024-04-09   99.900002  100.27  0.37  2.09
24 2024-04-10   99.879997   98.65 -1.24  0.85
25 2024-04-11   99.910004  101.69  1.78  2.63
26 2024-04-12   99.739998   98.26 -1.48  1.15
27 2024-04-15   99.910004   99.12 -0.79  0.36
28 2024-04-16   99.959999   99.85 -0.11  0.25
29 2024-04-17   99.860001   97.77 -2.10 -1.85
30 2024-04-18   99.930000   99.70 -0.24 -2.09
31 2024-04-19   99.980003   98.80 -1.17 -3.26
32 2024-04-22  100.010002  101.57  1.56 -1.70
33 2024-04-23   99.989998  100.61  0.61 -1.09
34 2024-04-24   99.930000   99.70 -0.24 -1.33
35 2024-04-25   99.800003   99.67 -0.13 -1.46
36 2024-04-29  100.070000  101.52  1.45 -0.01
37 2024-04-30   99.830002   99.28 -0.56 -0.57
38 2024-05-01   99.669998   99.92  0.26 -0.31
39 2024-05-06  100.169998  102.21  2.04  1.73
40 2024-05-07   99.980003   99.48 -0.50  1.23
41 2024-05-08  100.029999   98.96 -1.07  0.16
42 2024-05-09  100.010002  100.48  0.46  0.62
43 2024-05-10   99.970001   99.28 -0.69 -0.07
Mean Absolute Error: 0.95%
Epoch: 308, Final Loss: 0.000123
Norm: 47.40

         date     Predict    True  diff   acc
0  2024-03-06   99.889999  101.43  1.54  1.54
1  2024-03-07   99.860001   98.28 -1.57 -0.03
2  2024-03-08   99.830002   98.28 -1.55 -1.58
3  2024-03-11   99.919998   98.67 -1.26 -2.84
4  2024-03-12  100.029999  101.78  1.75 -1.09
5  2024-03-13   99.930000   98.50 -1.43 -2.52
6  2024-03-14   99.919998   99.83 -0.09 -2.61
7  2024-03-15   99.919998  101.15  1.23 -1.38
8  2024-03-18   99.940002  101.53  1.59  0.21
9  2024-03-20  100.250000  102.63  2.37  2.58
10 2024-03-21  100.010002  100.95  0.94  3.52
11 2024-03-22   99.820000   99.48 -0.34  3.18
12 2024-03-25   99.870003   99.03 -0.84  2.34
13 2024-03-26   99.919998  100.26  0.34  2.68
14 2024-03-27  100.029999  100.38  0.36  3.04
15 2024-03-28   99.930000   99.83 -0.10  2.94
16 2024-04-01   99.870003   98.98 -0.89  2.05
17 2024-04-02   99.800003   99.02 -0.79  1.26
18 2024-04-03   99.910004  101.26  1.35  2.61
19 2024-04-04   99.750000   97.85 -1.91  0.70
20 2024-04-05  100.019997  100.56  0.54  1.24
21 2024-04-08   99.930000  100.27  0.34  1.58
22 2024-04-09   99.910004  100.27  0.36  1.94
23 2024-04-10   99.900002   98.65 -1.26  0.68
24 2024-04-11   99.919998  101.69  1.77  2.45
25 2024-04-12   99.779999   98.26 -1.52  0.93
26 2024-04-15   99.919998   99.12 -0.80  0.13
27 2024-04-16   99.959999   99.85 -0.11  0.02
28 2024-04-17   99.879997   97.77 -2.12 -2.10
29 2024-04-18   99.940002   99.70 -0.24 -2.34
30 2024-04-19   99.970001   98.80 -1.17 -3.51
31 2024-04-22  100.000000  101.57  1.57 -1.94
32 2024-04-23   99.989998  100.61  0.62 -1.32
33 2024-04-24   99.940002   99.70 -0.24 -1.56
34 2024-04-25   99.830002   99.67 -0.16 -1.72
35 2024-04-29  100.040001  101.52  1.48 -0.24
36 2024-04-30   99.860001   99.28 -0.58 -0.82
37 2024-05-01   99.730003   99.92  0.20 -0.62
38 2024-05-06  100.129997  102.21  2.09  1.47
39 2024-05-07   99.980003   99.48 -0.50  0.97
40 2024-05-08  100.019997   98.96 -1.06 -0.09
41 2024-05-09  100.000000  100.48  0.47  0.38
42 2024-05-10   99.970001   99.28 -0.69 -0.31
43 2024-05-13   99.930000  100.20  0.27 -0.04
Mean Absolute Error: 0.96%
Epoch: 595, Final Loss: 0.000126
Norm: 49.36

         date     Predict    True  diff   acc
0  2024-03-07   99.820000   98.28 -1.54 -1.54
1  2024-03-08   99.790001   98.28 -1.51 -3.05
2  2024-03-11   99.910004   98.67 -1.24 -4.29
3  2024-03-12  100.040001  101.78  1.73 -2.56
4  2024-03-13   99.919998   98.50 -1.42 -3.98
5  2024-03-14   99.900002   99.83 -0.08 -4.06
6  2024-03-15   99.900002  101.15  1.25 -2.81
7  2024-03-18   99.930000  101.53  1.60 -1.21
8  2024-03-20  100.330002  102.63  2.30  1.09
9  2024-03-21  100.019997  100.95  0.93  2.02
10 2024-03-22   99.779999   99.48 -0.30  1.72
11 2024-03-25   99.849998   99.03 -0.82  0.90
12 2024-03-26   99.900002  100.26  0.36  1.26
13 2024-03-27  100.040001  100.38  0.34  1.60
14 2024-03-28   99.919998   99.83 -0.09  1.51
15 2024-04-01   99.839996   98.98 -0.86  0.65
16 2024-04-02   99.760002   99.02 -0.75 -0.10
17 2024-04-03   99.900002  101.26  1.36  1.26
18 2024-04-04   99.690002   97.85 -1.85 -0.59
19 2024-04-05  100.029999  100.56  0.53 -0.06
20 2024-04-08   99.910004  100.27  0.36  0.30
21 2024-04-09   99.889999  100.27  0.38  0.68
22 2024-04-10   99.879997   98.65 -1.23 -0.55
23 2024-04-11   99.910004  101.69  1.78  1.23
24 2024-04-12   99.730003   98.26 -1.47 -0.24
25 2024-04-15   99.900002   99.12 -0.79 -1.03
26 2024-04-16   99.959999   99.85 -0.11 -1.14
27 2024-04-17   99.860001   97.77 -2.09 -3.23
28 2024-04-18   99.930000   99.70 -0.23 -3.46
29 2024-04-19   99.970001   98.80 -1.17 -4.63
30 2024-04-22  100.000000  101.57  1.57 -3.06
31 2024-04-23   99.989998  100.61  0.62 -2.44
32 2024-04-24   99.930000   99.70 -0.23 -2.67
33 2024-04-25   99.800003   99.67 -0.13 -2.80
34 2024-04-29  100.059998  101.52  1.46 -1.34
35 2024-04-30   99.830002   99.28 -0.55 -1.89
36 2024-05-01   99.660004   99.92  0.26 -1.63
37 2024-05-06  100.160004  102.21  2.05  0.42
38 2024-05-07   99.980003   99.48 -0.49 -0.07
39 2024-05-08  100.029999   98.96 -1.07 -1.14
40 2024-05-09  100.010002  100.48  0.47 -0.67
41 2024-05-10   99.959999   99.28 -0.69 -1.36
42 2024-05-13   99.910004  100.20  0.29 -1.07
43 2024-05-14   99.959999  100.95  0.99 -0.08
Mean Absolute Error: 0.94%
Epoch: 314, Final Loss: 0.000120
Norm: 68.42

         date     Predict    True  diff   acc
0  2024-03-08   99.849998   98.28 -1.58 -1.58
1  2024-03-11   99.949997   98.67 -1.29 -2.87
2  2024-03-12  100.070000  101.78  1.71 -1.16
3  2024-03-13   99.970001   98.50 -1.47 -2.63
4  2024-03-14   99.949997   99.83 -0.13 -2.76
5  2024-03-15   99.949997  101.15  1.20 -1.56
6  2024-03-18   99.980003  101.53  1.56  0.00
7  2024-03-20  100.309998  102.63  2.31  2.31
8  2024-03-21  100.050003  100.95  0.90  3.21
9  2024-03-22   99.839996   99.48 -0.36  2.85
10 2024-03-25   99.900002   99.03 -0.87  1.98
11 2024-03-26   99.949997  100.26  0.31  2.29
12 2024-03-27  100.070000  100.38  0.31  2.60
13 2024-03-28   99.970001   99.83 -0.13  2.47
14 2024-04-01   99.900002   98.98 -0.92  1.55
15 2024-04-02   99.830002   99.02 -0.81  0.74
16 2024-04-03   99.949997  101.26  1.31  2.05
17 2024-04-04   99.769997   97.85 -1.93  0.12
18 2024-04-05  100.059998  100.56  0.50  0.62
19 2024-04-08   99.959999  100.27  0.31  0.93
20 2024-04-09   99.940002  100.27  0.33  1.26
21 2024-04-10   99.930000   98.65 -1.29 -0.03
22 2024-04-11   99.959999  101.69  1.74  1.71
23 2024-04-12   99.800003   98.26 -1.54  0.17
24 2024-04-15   99.949997   99.12 -0.84 -0.67
25 2024-04-16  100.000000   99.85 -0.15 -0.82
26 2024-04-17   99.910004   97.77 -2.14 -2.96
27 2024-04-18   99.970001   99.70 -0.28 -3.24
28 2024-04-19  100.010002   98.80 -1.20 -4.44
29 2024-04-22  100.040001  101.57  1.53 -2.91
30 2024-04-23  100.019997  100.61  0.58 -2.33
31 2024-04-24   99.970001   99.70 -0.28 -2.61
32 2024-04-25   99.860001   99.67 -0.19 -2.80
33 2024-04-29  100.089996  101.52  1.43 -1.37
34 2024-04-30   99.889999   99.28 -0.61 -1.98
35 2024-05-01   99.739998   99.92  0.18 -1.80
36 2024-05-06  100.180000  102.21  2.04  0.24
37 2024-05-07  100.010002   99.48 -0.53 -0.29
38 2024-05-08  100.059998   98.96 -1.10 -1.39
39 2024-05-09  100.040001  100.48  0.43 -0.96
40 2024-05-10  100.000000   99.28 -0.72 -1.68
41 2024-05-13   99.959999  100.20  0.24 -1.44
42 2024-05-14  100.000000  100.95  0.95 -0.49
43 2024-05-15   99.940002  100.35  0.41 -0.08
Mean Absolute Error: 0.92%
Epoch: 492, Final Loss: 0.000117
Norm: 56.99

         date     Predict    True  diff   acc
0  2024-03-11   99.980003   98.67 -1.31 -1.31
1  2024-03-12  100.099998  101.78  1.68  0.37
2  2024-03-13   99.989998   98.50 -1.49 -1.12
3  2024-03-14   99.980003   99.83 -0.15 -1.27
4  2024-03-15   99.980003  101.15  1.17 -0.10
5  2024-03-18  100.000000  101.53  1.53  1.43
6  2024-03-20  100.339996  102.63  2.28  3.71
7  2024-03-21  100.080002  100.95  0.87  4.58
8  2024-03-22   99.870003   99.48 -0.39  4.19
9  2024-03-25   99.930000   99.03 -0.90  3.29
10 2024-03-26   99.980003  100.26  0.28  3.57
11 2024-03-27  100.089996  100.38  0.29  3.86
12 2024-03-28   99.989998   99.83 -0.16  3.70
13 2024-04-01   99.930000   98.98 -0.95  2.75
14 2024-04-02   99.860001   99.02 -0.84  1.91
15 2024-04-03   99.970001  101.26  1.29  3.20
16 2024-04-04   99.800003   97.85 -1.95  1.25
17 2024-04-05  100.080002  100.56  0.48  1.73
18 2024-04-08   99.980003  100.27  0.28  2.01
19 2024-04-09   99.970001  100.27  0.30  2.31
20 2024-04-10   99.959999   98.65 -1.31  1.00
21 2024-04-11   99.980003  101.69  1.71  2.71
22 2024-04-12   99.830002   98.26 -1.57  1.14
23 2024-04-15   99.980003   99.12 -0.86  0.28
24 2024-04-16  100.019997   99.85 -0.17  0.11
25 2024-04-17   99.940002   97.77 -2.17 -2.06
26 2024-04-18  100.000000   99.70 -0.30 -2.36
27 2024-04-19  100.040001   98.80 -1.23 -3.59
28 2024-04-22  100.059998  101.57  1.50 -2.09
29 2024-04-23  100.050003  100.61  0.56 -1.53
30 2024-04-24  100.000000   99.70 -0.30 -1.83
31 2024-04-25   99.889999   99.67 -0.22 -2.05
32 2024-04-29  100.110001  101.52  1.41 -0.64
33 2024-04-30   99.910004   99.28 -0.64 -1.28
34 2024-05-01   99.769997   99.92  0.15 -1.13
35 2024-05-06  100.199997  102.21  2.01  0.88
36 2024-05-07  100.040001   99.48 -0.56  0.32
37 2024-05-08  100.080002   98.96 -1.12 -0.80
38 2024-05-09  100.070000  100.48  0.41 -0.39
39 2024-05-10  100.029999   99.28 -0.75 -1.14
40 2024-05-13   99.989998  100.20  0.21 -0.93
41 2024-05-14  100.029999  100.95  0.92 -0.01
42 2024-05-15   99.959999  100.35  0.39  0.38
43 2024-05-16  100.000000   99.58 -0.42 -0.04
Mean Absolute Error: 0.90%
Epoch: 487, Final Loss: 0.000112
Norm: 43.45

         date     Predict    True  diff   acc
0  2024-03-12  100.160004  101.78  1.61  1.61
1  2024-03-13  100.029999   98.50 -1.53  0.08
2  2024-03-14  100.010002   99.83 -0.19 -0.11
3  2024-03-15  100.010002  101.15  1.14  1.03
4  2024-03-18  100.040001  101.53  1.49  2.52
5  2024-03-20  100.470001  102.63  2.15  4.67
6  2024-03-21  100.139999  100.95  0.81  5.48
7  2024-03-22   99.879997   99.48 -0.40  5.08
8  2024-03-25   99.949997   99.03 -0.92  4.16
9  2024-03-26  100.010002  100.26  0.25  4.41
10 2024-03-27  100.160004  100.38  0.23  4.64
11 2024-03-28  100.029999   99.83 -0.20  4.44
12 2024-04-01   99.949997   98.98 -0.97  3.47
13 2024-04-02   99.860001   99.02 -0.84  2.63
14 2024-04-03  100.010002  101.26  1.25  3.88
15 2024-04-04   99.779999   97.85 -1.94  1.94
16 2024-04-05  100.150002  100.56  0.42  2.36
17 2024-04-08  100.019997  100.27  0.25  2.61
18 2024-04-09  100.000000  100.27  0.27  2.88
19 2024-04-10   99.989998   98.65 -1.34  1.54
20 2024-04-11  100.019997  101.69  1.67  3.21
21 2024-04-12   99.830002   98.26 -1.57  1.64
22 2024-04-15  100.010002   99.12 -0.90  0.74
23 2024-04-16  100.070000   99.85 -0.22  0.52
24 2024-04-17   99.959999   97.77 -2.19 -1.67
25 2024-04-18  100.040001   99.70 -0.34 -2.01
26 2024-04-19  100.080002   98.80 -1.28 -3.29
27 2024-04-22  100.120003  101.57  1.45 -1.84
28 2024-04-23  100.099998  100.61  0.51 -1.33
29 2024-04-24  100.040001   99.70 -0.34 -1.67
30 2024-04-25   99.900002   99.67 -0.23 -1.90
31 2024-04-29  100.180000  101.52  1.34 -0.56
32 2024-04-30   99.930000   99.28 -0.65 -1.21
33 2024-05-01   99.750000   99.92  0.17 -1.04
34 2024-05-06  100.290001  102.21  1.92  0.88
35 2024-05-07  100.089996   99.48 -0.61  0.27
36 2024-05-08  100.139999   98.96 -1.18 -0.91
37 2024-05-09  100.120003  100.48  0.35 -0.56
38 2024-05-10  100.080002   99.28 -0.80 -1.36
39 2024-05-13  100.019997  100.20  0.18 -1.18
40 2024-05-14  100.070000  100.95  0.88 -0.30
41 2024-05-15   99.989998  100.35  0.36  0.06
42 2024-05-16  100.040001   99.58 -0.46 -0.40
43 2024-05-17  100.080002  100.42  0.34 -0.06
Mean Absolute Error: 0.87%
Epoch: 353, Final Loss: 0.000106
Norm: 36.83

         date     Predict    True  diff   acc
0  2024-03-13  100.019997   98.50 -1.52 -1.52
1  2024-03-14  100.010002   99.83 -0.19 -1.71
2  2024-03-15  100.010002  101.15  1.14 -0.57
3  2024-03-18  100.029999  101.53  1.50  0.93
4  2024-03-20  100.279999  102.63  2.35  3.28
5  2024-03-21  100.089996  100.95  0.86  4.14
6  2024-03-22   99.930000   99.48 -0.45  3.69
7  2024-03-25   99.980003   99.03 -0.95  2.74
8  2024-03-26  100.010002  100.26  0.25  2.99
9  2024-03-27  100.099998  100.38  0.28  3.27
10 2024-03-28  100.019997   99.83 -0.19  3.08
11 2024-04-01   99.970001   98.98 -1.00  2.08
12 2024-04-02   99.919998   99.02 -0.91  1.17
13 2024-04-03  100.010002  101.26  1.25  2.42
14 2024-04-04   99.879997   97.85 -2.03  0.39
15 2024-04-05  100.089996  100.56  0.47  0.86
16 2024-04-08  100.019997  100.27  0.25  1.11
17 2024-04-09  100.010002  100.27  0.26  1.37
18 2024-04-10  100.000000   98.65 -1.35  0.02
19 2024-04-11  100.019997  101.69  1.67  1.69
20 2024-04-12   99.900002   98.26 -1.64  0.05
21 2024-04-15  100.010002   99.12 -0.90 -0.85
22 2024-04-16  100.050003   99.85 -0.20 -1.05
23 2024-04-17   99.980003   97.77 -2.21 -3.26
24 2024-04-18  100.029999   99.70 -0.33 -3.59
25 2024-04-19  100.059998   98.80 -1.25 -4.84
26 2024-04-22  100.080002  101.57  1.49 -3.35
27 2024-04-23  100.070000  100.61  0.54 -2.81
28 2024-04-24  100.029999   99.70 -0.33 -3.14
29 2024-04-25   99.949997   99.67 -0.27 -3.41
30 2024-04-29  100.110001  101.52  1.41 -2.00
31 2024-04-30   99.959999   99.28 -0.69 -2.69
32 2024-05-01   99.860001   99.92  0.07 -2.62
33 2024-05-06  100.180000  102.21  2.03 -0.59
34 2024-05-07  100.059998   99.48 -0.58 -1.17
35 2024-05-08  100.089996   98.96 -1.13 -2.30
36 2024-05-09  100.080002  100.48  0.40 -1.90
37 2024-05-10  100.050003   99.28 -0.77 -2.67
38 2024-05-13  100.019997  100.20  0.18 -2.49
39 2024-05-14  100.050003  100.95  0.90 -1.59
40 2024-05-15  100.000000  100.35  0.35 -1.24
41 2024-05-16  100.029999   99.58 -0.45 -1.69
42 2024-05-17  100.050003  100.42  0.37 -1.32
43 2024-05-20  100.000000  101.38  1.38  0.06
Mean Absolute Error: 0.88%
Epoch: 869, Final Loss: 0.000110
Norm: 54.57

         date     Predict    True  diff   acc
0  2024-03-14  100.019997   99.83 -0.20 -0.20
1  2024-03-15  100.019997  101.15  1.13  0.93
2  2024-03-18  100.040001  101.53  1.49  2.42
3  2024-03-20  100.290001  102.63  2.33  4.75
4  2024-03-21  100.099998  100.95  0.85  5.60
5  2024-03-22   99.949997   99.48 -0.46  5.14
6  2024-03-25   99.989998   99.03 -0.96  4.18
7  2024-03-26  100.029999  100.26  0.24  4.42
8  2024-03-27  100.110001  100.38  0.27  4.69
9  2024-03-28  100.040001   99.83 -0.20  4.49
10 2024-04-01   99.989998   98.98 -1.01  3.48
11 2024-04-02   99.930000   99.02 -0.92  2.56
12 2024-04-03  100.019997  101.26  1.24  3.80
13 2024-04-04   99.889999   97.85 -2.04  1.76
14 2024-04-05  100.099998  100.56  0.46  2.22
15 2024-04-08  100.029999  100.27  0.24  2.46
16 2024-04-09  100.019997  100.27  0.25  2.71
17 2024-04-10  100.010002   98.65 -1.36  1.35
18 2024-04-11  100.029999  101.69  1.66  3.01
19 2024-04-12   99.919998   98.26 -1.65  1.36
20 2024-04-15  100.029999   99.12 -0.91  0.45
21 2024-04-16  100.059998   99.85 -0.21  0.24
22 2024-04-17  100.000000   97.77 -2.23 -1.99
23 2024-04-18  100.040001   99.70 -0.35 -2.34
24 2024-04-19  100.070000   98.80 -1.26 -3.60
25 2024-04-22  100.089996  101.57  1.48 -2.12
26 2024-04-23  100.080002  100.61  0.53 -1.59
27 2024-04-24  100.040001   99.70 -0.34 -1.93
28 2024-04-25   99.959999   99.67 -0.29 -2.22
29 2024-04-29  100.129997  101.52  1.39 -0.83
30 2024-04-30   99.980003   99.28 -0.70 -1.53
31 2024-05-01   99.870003   99.92  0.05 -1.48
32 2024-05-06  100.190002  102.21  2.02  0.54
33 2024-05-07  100.070000   99.48 -0.59 -0.05
34 2024-05-08  100.099998   98.96 -1.14 -1.19
35 2024-05-09  100.089996  100.48  0.38 -0.81
36 2024-05-10  100.059998   99.28 -0.79 -1.60
37 2024-05-13  100.029999  100.20  0.17 -1.43
38 2024-05-14  100.059998  100.95  0.89 -0.54
39 2024-05-15  100.010002  100.35  0.33 -0.21
40 2024-05-16  100.040001   99.58 -0.46 -0.67
41 2024-05-17  100.059998  100.42  0.36 -0.31
42 2024-05-20  100.010002  101.38  1.37  1.06
43 2024-05-21  100.029999   99.00 -1.03  0.03
Mean Absolute Error: 0.87%
Epoch: 814, Final Loss: 0.000107
Norm: 39.46

         date     Predict    True  diff   acc
0  2024-03-15  100.019997  101.15  1.13  1.13
1  2024-03-18  100.050003  101.53  1.48  2.61
2  2024-03-20  100.410004  102.63  2.21  4.82
3  2024-03-21  100.129997  100.95  0.82  5.64
4  2024-03-22   99.910004   99.48 -0.43  5.21
5  2024-03-25   99.970001   99.03 -0.94  4.27
6  2024-03-26  100.019997  100.26  0.24  4.51
7  2024-03-27  100.150002  100.38  0.23  4.74
8  2024-03-28  100.040001   99.83 -0.21  4.53
9  2024-04-01   99.970001   98.98 -0.99  3.54
10 2024-04-02   99.900002   99.02 -0.88  2.66
11 2024-04-03  100.019997  101.26  1.24  3.90
12 2024-04-04   99.830002   97.85 -1.99  1.91
13 2024-04-05  100.139999  100.56  0.42  2.33
14 2024-04-08  100.029999  100.27  0.24  2.57
15 2024-04-09  100.010002  100.27  0.25  2.82
16 2024-04-10  100.000000   98.65 -1.36  1.46
17 2024-04-11  100.029999  101.69  1.66  3.12
18 2024-04-12   99.870003   98.26 -1.61  1.51
19 2024-04-15  100.029999   99.12 -0.91  0.60
20 2024-04-16  100.070000   99.85 -0.22  0.38
21 2024-04-17   99.980003   97.77 -2.21 -1.83
22 2024-04-18  100.050003   99.70 -0.35 -2.18
23 2024-04-19  100.089996   98.80 -1.28 -3.46
24 2024-04-22  100.120003  101.57  1.45 -2.01
25 2024-04-23  100.099998  100.61  0.51 -1.50
26 2024-04-24  100.050003   99.70 -0.35 -1.85
27 2024-04-25   99.930000   99.67 -0.26 -2.11
28 2024-04-29  100.169998  101.52  1.35 -0.76
29 2024-04-30   99.959999   99.28 -0.68 -1.44
30 2024-05-01   99.809998   99.92  0.12 -1.32
31 2024-05-06  100.260002  102.21  1.95  0.63
32 2024-05-07  100.089996   99.48 -0.61  0.02
33 2024-05-08  100.139999   98.96 -1.17 -1.15
34 2024-05-09  100.120003  100.48  0.35 -0.80
35 2024-05-10  100.080002   99.28 -0.80 -1.60
36 2024-05-13  100.029999  100.20  0.17 -1.43
37 2024-05-14  100.080002  100.95  0.87 -0.56
38 2024-05-15  100.010002  100.35  0.34 -0.22
39 2024-05-16  100.050003   99.58 -0.47 -0.69
40 2024-05-17  100.080002  100.42  0.34 -0.35
41 2024-05-20  100.010002  101.38  1.37  1.02
42 2024-05-21  100.040001   99.00 -1.03 -0.01
43 2024-05-22  100.010002   99.98 -0.03 -0.04
Mean Absolute Error: 0.85%
Epoch: 419, Final Loss: 0.000103
Norm: 37.58

         date     Predict    True  diff   acc
0  2024-03-18  100.010002  101.53  1.53  1.53
1  2024-03-20  100.379997  102.63  2.24  3.77
2  2024-03-21  100.089996  100.95  0.86  4.63
3  2024-03-22   99.860001   99.48 -0.38  4.25
4  2024-03-25   99.919998   99.03 -0.89  3.36
5  2024-03-26   99.980003  100.26  0.29  3.65
6  2024-03-27  100.099998  100.38  0.28  3.93
7  2024-03-28   99.989998   99.83 -0.16  3.77
8  2024-04-01   99.919998   98.98 -0.94  2.83
9  2024-04-02   99.839996   99.02 -0.82  2.01
10 2024-04-03   99.970001  101.26  1.29  3.30
11 2024-04-04   99.769997   97.85 -1.93  1.37
12 2024-04-05  100.099998  100.56  0.47  1.84
13 2024-04-08   99.980003  100.27  0.28  2.12
14 2024-04-09   99.959999  100.27  0.30  2.42
15 2024-04-10   99.949997   98.65 -1.31  1.11
16 2024-04-11   99.980003  101.69  1.71  2.82
17 2024-04-12   99.809998   98.26 -1.55  1.27
18 2024-04-15   99.980003   99.12 -0.86  0.41
19 2024-04-16  100.029999   99.85 -0.18  0.23
20 2024-04-17   99.930000   97.77 -2.16 -1.93
21 2024-04-18  100.000000   99.70 -0.30 -2.23
22 2024-04-19  100.040001   98.80 -1.24 -3.47
23 2024-04-22  100.070000  101.57  1.50 -1.97
24 2024-04-23  100.059998  100.61  0.55 -1.42
25 2024-04-24  100.000000   99.70 -0.30 -1.72
26 2024-04-25   99.870003   99.67 -0.20 -1.92
27 2024-04-29  100.129997  101.52  1.39 -0.53
28 2024-04-30   99.900002   99.28 -0.63 -1.16
29 2024-05-01   99.750000   99.92  0.18 -0.98
30 2024-05-06  100.230003  102.21  1.98  1.00
31 2024-05-07  100.050003   99.48 -0.56  0.44
32 2024-05-08  100.089996   98.96 -1.13 -0.69
33 2024-05-09  100.080002  100.48  0.40 -0.29
34 2024-05-10  100.029999   99.28 -0.76 -1.05
35 2024-05-13   99.980003  100.20  0.22 -0.83
36 2024-05-14  100.029999  100.95  0.92  0.09
37 2024-05-15   99.959999  100.35  0.39  0.48
38 2024-05-16  100.000000   99.58 -0.42  0.06
39 2024-05-17  100.029999  100.42  0.39  0.45
40 2024-05-20   99.959999  101.38  1.43  1.88
41 2024-05-21   99.989998   99.00 -0.99  0.89
42 2024-05-22   99.959999   99.98  0.02  0.91
43 2024-05-23   99.790001   98.84 -0.95 -0.04
Mean Absolute Error: 0.85%
Epoch: 353, Final Loss: 0.000102
Norm: 42.35

         date     Predict    True  diff   acc
0  2024-03-20  100.239998  102.63  2.38  2.38
1  2024-03-21  100.040001  100.95  0.91  3.29
2  2024-03-22   99.879997   99.48 -0.40  2.89
3  2024-03-25   99.930000   99.03 -0.90  1.99
4  2024-03-26   99.959999  100.26  0.30  2.29
5  2024-03-27  100.050003  100.38  0.33  2.62
6  2024-03-28   99.980003   99.83 -0.14  2.48
7  2024-04-01   99.919998   98.98 -0.95  1.53
8  2024-04-02   99.870003   99.02 -0.85  0.68
9  2024-04-03   99.959999  101.26  1.30  1.98
10 2024-04-04   99.820000   97.85 -1.98  0.00
11 2024-04-05  100.050003  100.56  0.52  0.52
12 2024-04-08   99.970001  100.27  0.30  0.82
13 2024-04-09   99.959999  100.27  0.31  1.13
14 2024-04-10   99.949997   98.65 -1.30 -0.17
15 2024-04-11   99.970001  101.69  1.72  1.55
16 2024-04-12   99.849998   98.26 -1.59 -0.04
17 2024-04-15   99.959999   99.12 -0.85 -0.89
18 2024-04-16  100.000000   99.85 -0.15 -1.04
19 2024-04-17   99.930000   97.77 -2.17 -3.21
20 2024-04-18   99.980003   99.70 -0.29 -3.50
21 2024-04-19  100.010002   98.80 -1.20 -4.70
22 2024-04-22  100.029999  101.57  1.54 -3.16
23 2024-04-23  100.019997  100.61  0.59 -2.57
24 2024-04-24   99.980003   99.70 -0.28 -2.85
25 2024-04-25   99.889999   99.67 -0.22 -3.07
26 2024-04-29  100.070000  101.52  1.45 -1.62
27 2024-04-30   99.910004   99.28 -0.64 -2.26
28 2024-05-01   99.800003   99.92  0.12 -2.14
29 2024-05-06  100.139999  102.21  2.08 -0.06
30 2024-05-07  100.010002   99.48 -0.53 -0.59
31 2024-05-08  100.050003   98.96 -1.08 -1.67
32 2024-05-09  100.029999  100.48  0.44 -1.23
33 2024-05-10  100.000000   99.28 -0.73 -1.96
34 2024-05-13   99.970001  100.20  0.23 -1.73
35 2024-05-14  100.000000  100.95  0.95 -0.78
36 2024-05-15   99.949997  100.35  0.39 -0.39
37 2024-05-16   99.980003   99.58 -0.40 -0.79
38 2024-05-17  100.010002  100.42  0.42 -0.37
39 2024-05-20   99.949997  101.38  1.43  1.06
40 2024-05-21   99.970001   99.00 -0.97  0.09
41 2024-05-22   99.949997   99.98  0.02  0.11
42 2024-05-23   99.839996   98.84 -1.00 -0.89
43 2024-05-24   99.970001  100.85  0.88 -0.01
Mean Absolute Error: 0.85%
Epoch: 840, Final Loss: 0.000103
Norm: 58.70

         date     Predict    True  diff   acc
0  2024-03-21  100.040001  100.95  0.91  0.91
1  2024-03-22   99.790001   99.48 -0.30  0.61
2  2024-03-25   99.860001   99.03 -0.83 -0.22
3  2024-03-26   99.919998  100.26  0.35  0.13
4  2024-03-27  100.059998  100.38  0.32  0.45
5  2024-03-28   99.930000   99.83 -0.10  0.35
6  2024-04-01   99.849998   98.98 -0.88 -0.53
7  2024-04-02   99.769997   99.02 -0.75 -1.28
8  2024-04-03   99.910004  101.26  1.35  0.07
9  2024-04-04   99.690002   97.85 -1.85 -1.78
10 2024-04-05  100.050003  100.56  0.51 -1.27
11 2024-04-08   99.930000  100.27  0.34 -0.93
12 2024-04-09   99.900002  100.27  0.36 -0.57
13 2024-04-10   99.889999   98.65 -1.25 -1.82
14 2024-04-11   99.919998  101.69  1.77 -0.05
15 2024-04-12   99.739998   98.26 -1.48 -1.53
16 2024-04-15   99.919998   99.12 -0.80 -2.33
17 2024-04-16   99.980003   99.85 -0.12 -2.45
18 2024-04-17   99.870003   97.77 -2.10 -4.55
19 2024-04-18   99.940002   99.70 -0.25 -4.80
20 2024-04-19   99.989998   98.80 -1.18 -5.98
21 2024-04-22  100.019997  101.57  1.55 -4.43
22 2024-04-23  100.010002  100.61  0.60 -3.83
23 2024-04-24   99.940002   99.70 -0.25 -4.08
24 2024-04-25   99.809998   99.67 -0.13 -4.21
25 2024-04-29  100.080002  101.52  1.44 -2.77
26 2024-04-30   99.839996   99.28 -0.56 -3.33
27 2024-05-01   99.660004   99.92  0.26 -3.07
28 2024-05-06  100.190002  102.21  2.02 -1.05
29 2024-05-07  100.000000   99.48 -0.51 -1.56
30 2024-05-08  100.050003   98.96 -1.09 -2.65
31 2024-05-09  100.029999  100.48  0.45 -2.20
32 2024-05-10   99.980003   99.28 -0.70 -2.90
33 2024-05-13   99.930000  100.20  0.27 -2.63
34 2024-05-14   99.980003  100.95  0.97 -1.66
35 2024-05-15   99.900002  100.35  0.45 -1.21
36 2024-05-16   99.949997   99.58 -0.37 -1.58
37 2024-05-17   99.980003  100.42  0.44 -1.14
38 2024-05-20   99.900002  101.38  1.49  0.35
39 2024-05-21   99.930000   99.00 -0.93 -0.58
40 2024-05-22   99.900002   99.98  0.08 -0.50
41 2024-05-23   99.720001   98.84 -0.87 -1.37
42 2024-05-24   99.919998  100.85  0.92 -0.45
43 2024-05-28   99.849998  100.27  0.42 -0.03
Mean Absolute Error: 0.79%
Epoch: 333, Final Loss: 0.000087
Norm: 86.36

         date     Predict    True  diff   acc
0  2024-03-22   99.739998   99.48 -0.25 -0.25
1  2024-03-25   99.800003   99.03 -0.77 -1.02
2  2024-03-26   99.849998  100.26  0.41 -0.61
3  2024-03-27   99.980003  100.38  0.40 -0.21
4  2024-03-28   99.870003   99.83 -0.04 -0.25
5  2024-04-01   99.800003   98.98 -0.82 -1.07
6  2024-04-02   99.720001   99.02 -0.70 -1.77
7  2024-04-03   99.849998  101.26  1.41 -0.36
8  2024-04-04   99.650002   97.85 -1.81 -2.17
9  2024-04-05   99.970001  100.56  0.59 -1.58
10 2024-04-08   99.860001  100.27  0.41 -1.17
11 2024-04-09   99.839996  100.27  0.42 -0.75
12 2024-04-10   99.830002   98.65 -1.19 -1.94
13 2024-04-11   99.860001  101.69  1.83 -0.11
14 2024-04-12   99.690002   98.26 -1.43 -1.54
15 2024-04-15   99.849998   99.12 -0.74 -2.28
16 2024-04-16   99.910004   99.85 -0.05 -2.33
17 2024-04-17   99.809998   97.77 -2.05 -4.38
18 2024-04-18   99.879997   99.70 -0.18 -4.56
19 2024-04-19   99.919998   98.80 -1.11 -5.67
20 2024-04-22   99.949997  101.57  1.62 -4.05
21 2024-04-23   99.930000  100.61  0.68 -3.37
22 2024-04-24   99.879997   99.70 -0.18 -3.55
23 2024-04-25   99.750000   99.67 -0.08 -3.63
24 2024-04-29  100.000000  101.52  1.52 -2.11
25 2024-04-30   99.779999   99.28 -0.51 -2.62
26 2024-05-01   99.629997   99.92  0.30 -2.32
27 2024-05-06  100.099998  102.21  2.11 -0.21
28 2024-05-07   99.919998   99.48 -0.44 -0.65
29 2024-05-08   99.970001   98.96 -1.01 -1.66
30 2024-05-09   99.949997  100.48  0.52 -1.14
31 2024-05-10   99.910004   99.28 -0.63 -1.77
32 2024-05-13   99.860001  100.20  0.34 -1.43
33 2024-05-14   99.910004  100.95  1.05 -0.38
34 2024-05-15   99.839996  100.35  0.51  0.13
35 2024-05-16   99.879997   99.58 -0.30 -0.17
36 2024-05-17   99.910004  100.42  0.51  0.34
37 2024-05-20   99.839996  101.38  1.55  1.89
38 2024-05-21   99.860001   99.00 -0.86  1.03
39 2024-05-22   99.830002   99.98  0.14  1.17
40 2024-05-23   99.669998   98.84 -0.83  0.34
41 2024-05-24   99.860001  100.85  0.99  1.33
42 2024-05-28   99.790001  100.27  0.48  1.81
43 2024-05-29   99.760002   97.93 -1.83 -0.02
Mean Absolute Error: 0.81%
Epoch: 376, Final Loss: 0.000094
Norm: 74.74

         date     Predict    True  diff   acc
0  2024-03-25   99.820000   99.03 -0.79 -0.79
1  2024-03-26   99.870003  100.26  0.39 -0.40
2  2024-03-27   99.989998  100.38  0.39 -0.01
3  2024-03-28   99.879997   99.83 -0.05 -0.06
4  2024-04-01   99.820000   98.98 -0.84 -0.90
5  2024-04-02   99.739998   99.02 -0.73 -1.63
6  2024-04-03   99.860001  101.26  1.40 -0.23
7  2024-04-04   99.680000   97.85 -1.84 -2.07
8  2024-04-05   99.980003  100.56  0.58 -1.49
9  2024-04-08   99.879997  100.27  0.39 -1.10
10 2024-04-09   99.860001  100.27  0.41 -0.69
11 2024-04-10   99.849998   98.65 -1.20 -1.89
12 2024-04-11   99.870003  101.69  1.82 -0.07
13 2024-04-12   99.720001   98.26 -1.46 -1.53
14 2024-04-15   99.870003   99.12 -0.75 -2.28
15 2024-04-16   99.919998   99.85 -0.07 -2.35
16 2024-04-17   99.830002   97.77 -2.06 -4.41
17 2024-04-18   99.889999   99.70 -0.20 -4.61
18 2024-04-19   99.930000   98.80 -1.13 -5.74
19 2024-04-22   99.959999  101.57  1.61 -4.13
20 2024-04-23   99.949997  100.61  0.66 -3.47
21 2024-04-24   99.889999   99.70 -0.19 -3.66
22 2024-04-25   99.779999   99.67 -0.10 -3.76
23 2024-04-29  100.010002  101.52  1.51 -2.25
24 2024-04-30   99.800003   99.28 -0.53 -2.78
25 2024-05-01   99.650002   99.92  0.27 -2.51
26 2024-05-06  100.099998  102.21  2.11 -0.40
27 2024-05-07   99.940002   99.48 -0.45 -0.85
28 2024-05-08   99.980003   98.96 -1.02 -1.87
29 2024-05-09   99.959999  100.48  0.51 -1.36
30 2024-05-10   99.919998   99.28 -0.65 -2.01
31 2024-05-13   99.879997  100.20  0.32 -1.69
32 2024-05-14   99.919998  100.95  1.03 -0.66
33 2024-05-15   99.849998  100.35  0.50 -0.16
34 2024-05-16   99.889999   99.58 -0.31 -0.47
35 2024-05-17   99.919998  100.42  0.50  0.03
36 2024-05-20   99.849998  101.38  1.53  1.56
37 2024-05-21   99.879997   99.00 -0.88  0.68
38 2024-05-22   99.849998   99.98  0.12  0.80
39 2024-05-23   99.699997   98.84 -0.86 -0.06
40 2024-05-24   99.870003  100.85  0.97  0.91
41 2024-05-28   99.809998  100.27  0.46  1.37
42 2024-05-29   99.779999   97.93 -1.85 -0.48
43 2024-05-30   99.699997  100.13  0.42 -0.06
Mean Absolute Error: 0.81%
Epoch: 420, Final Loss: 0.000095
Norm: 77.81

         date     Predict    True  diff   acc
0  2024-03-26   99.919998  100.26  0.34  0.34
1  2024-03-27  100.040001  100.38  0.35  0.69
2  2024-03-28   99.940002   99.83 -0.10  0.59
3  2024-04-01   99.870003   98.98 -0.89 -0.30
4  2024-04-02   99.800003   99.02 -0.79 -1.09
5  2024-04-03   99.919998  101.26  1.34  0.25
6  2024-04-04   99.750000   97.85 -1.90 -1.65
7  2024-04-05  100.029999  100.56  0.53 -1.12
8  2024-04-08   99.930000  100.27  0.34 -0.78
9  2024-04-09   99.910004  100.27  0.35 -0.43
10 2024-04-10   99.900002   98.65 -1.26 -1.69
11 2024-04-11   99.930000  101.69  1.76  0.07
12 2024-04-12   99.779999   98.26 -1.52 -1.45
13 2024-04-15   99.919998   99.12 -0.81 -2.26
14 2024-04-16   99.970001   99.85 -0.12 -2.38
15 2024-04-17   99.879997   97.77 -2.12 -4.50
16 2024-04-18   99.949997   99.70 -0.25 -4.75
17 2024-04-19   99.980003   98.80 -1.18 -5.93
18 2024-04-22  100.010002  101.57  1.56 -4.37
19 2024-04-23   99.989998  100.61  0.61 -3.76
20 2024-04-24   99.949997   99.70 -0.25 -4.01
21 2024-04-25   99.839996   99.67 -0.16 -4.17
22 2024-04-29  100.059998  101.52  1.46 -2.71
23 2024-04-30   99.860001   99.28 -0.59 -3.30
24 2024-05-01   99.720001   99.92  0.20 -3.10
25 2024-05-06  100.139999  102.21  2.07 -1.03
26 2024-05-07   99.989998   99.48 -0.50 -1.53
27 2024-05-08  100.029999   98.96 -1.07 -2.60
28 2024-05-09  100.010002  100.48  0.46 -2.14
29 2024-05-10   99.970001   99.28 -0.70 -2.84
30 2024-05-13   99.930000  100.20  0.27 -2.57
31 2024-05-14   99.970001  100.95  0.98 -1.59
32 2024-05-15   99.910004  100.35  0.44 -1.15
33 2024-05-16   99.949997   99.58 -0.37 -1.52
34 2024-05-17   99.980003  100.42  0.45 -1.07
35 2024-05-20   99.910004  101.38  1.48  0.41
36 2024-05-21   99.930000   99.00 -0.93 -0.52
37 2024-05-22   99.910004   99.98  0.07 -0.45
38 2024-05-23   99.760002   98.84 -0.92 -1.37
39 2024-05-24   99.930000  100.85  0.92 -0.45
40 2024-05-28   99.870003  100.27  0.40 -0.05
41 2024-05-29   99.839996   97.93 -1.91 -1.96
42 2024-05-30   99.769997  100.13  0.36 -1.60
43 2024-05-31  100.120003  101.66  1.54 -0.06
Mean Absolute Error: 0.83%
Epoch: 535, Final Loss: 0.000099
Norm: 88.67

         date     Predict    True  diff   acc
0  2024-03-27  100.029999  100.38  0.35  0.35
1  2024-03-28   99.930000   99.83 -0.10  0.25
2  2024-04-01   99.870003   98.98 -0.89 -0.64
3  2024-04-02   99.800003   99.02 -0.78 -1.42
4  2024-04-03   99.910004  101.26  1.35 -0.07
5  2024-04-04   99.739998   97.85 -1.90 -1.97
6  2024-04-05  100.019997  100.56  0.54 -1.43
7  2024-04-08   99.919998  100.27  0.35 -1.08
8  2024-04-09   99.910004  100.27  0.36 -0.72
9  2024-04-10   99.900002   98.65 -1.25 -1.97
10 2024-04-11   99.919998  101.69  1.77 -0.20
11 2024-04-12   99.779999   98.26 -1.51 -1.71
12 2024-04-15   99.919998   99.12 -0.80 -2.51
13 2024-04-16   99.959999   99.85 -0.11 -2.62
14 2024-04-17   99.879997   97.77 -2.11 -4.73
15 2024-04-18   99.940002   99.70 -0.24 -4.97
16 2024-04-19   99.970001   98.80 -1.17 -6.14
17 2024-04-22  100.000000  101.57  1.57 -4.57
18 2024-04-23   99.989998  100.61  0.62 -3.95
19 2024-04-24   99.940002   99.70 -0.24 -4.19
20 2024-04-25   99.830002   99.67 -0.16 -4.35
21 2024-04-29  100.050003  101.52  1.47 -2.88
22 2024-04-30   99.849998   99.28 -0.58 -3.46
23 2024-05-01   99.709999   99.92  0.21 -3.25
24 2024-05-06  100.129997  102.21  2.08 -1.17
25 2024-05-07   99.980003   99.48 -0.49 -1.66
26 2024-05-08  100.019997   98.96 -1.06 -2.72
27 2024-05-09  100.000000  100.48  0.47 -2.25
28 2024-05-10   99.970001   99.28 -0.69 -2.94
29 2024-05-13   99.919998  100.20  0.28 -2.66
30 2024-05-14   99.959999  100.95  0.99 -1.67
31 2024-05-15   99.900002  100.35  0.45 -1.22
32 2024-05-16   99.940002   99.58 -0.36 -1.58
33 2024-05-17   99.970001  100.42  0.45 -1.13
34 2024-05-20   99.900002  101.38  1.48  0.35
35 2024-05-21   99.930000   99.00 -0.92 -0.57
36 2024-05-22   99.900002   99.98  0.08 -0.49
37 2024-05-23   99.760002   98.84 -0.92 -1.41
38 2024-05-24   99.919998  100.85  0.93 -0.48
39 2024-05-28   99.860001  100.27  0.41 -0.07
40 2024-05-29   99.830002   97.93 -1.90 -1.97
41 2024-05-30   99.760002  100.13  0.36 -1.61
42 2024-05-31  100.110001  101.66  1.55 -0.06
43 2024-06-03   99.790001   99.80  0.01 -0.05
Mean Absolute Error: 0.83%
Epoch: 533, Final Loss: 0.000099
Norm: 93.84

         date     Predict    True  diff   acc
0  2024-03-28   99.919998   99.83 -0.09 -0.09
1  2024-04-01   99.849998   98.98 -0.87 -0.96
2  2024-04-02   99.769997   99.02 -0.76 -1.72
3  2024-04-03   99.900002  101.26  1.36 -0.36
4  2024-04-04   99.709999   97.85 -1.86 -2.22
5  2024-04-05  100.019997  100.56  0.54 -1.68
6  2024-04-08   99.910004  100.27  0.36 -1.32
7  2024-04-09   99.889999  100.27  0.37 -0.95
8  2024-04-10   99.879997   98.65 -1.24 -2.19
9  2024-04-11   99.910004  101.69  1.78 -0.41
10 2024-04-12   99.750000   98.26 -1.49 -1.90
11 2024-04-15   99.910004   99.12 -0.79 -2.69
12 2024-04-16   99.959999   99.85 -0.11 -2.80
13 2024-04-17   99.860001   97.77 -2.10 -4.90
14 2024-04-18   99.930000   99.70 -0.23 -5.13
15 2024-04-19   99.970001   98.80 -1.16 -6.29
16 2024-04-22  100.000000  101.57  1.57 -4.72
17 2024-04-23   99.980003  100.61  0.62 -4.10
18 2024-04-24   99.930000   99.70 -0.23 -4.33
19 2024-04-25   99.809998   99.67 -0.13 -4.46
20 2024-04-29  100.050003  101.52  1.47 -2.99
21 2024-04-30   99.830002   99.28 -0.56 -3.55
22 2024-05-01   99.680000   99.92  0.25 -3.30
23 2024-05-06  100.150002  102.21  2.06 -1.24
24 2024-05-07   99.970001   99.48 -0.49 -1.73
25 2024-05-08  100.019997   98.96 -1.06 -2.79
26 2024-05-09  100.000000  100.48  0.47 -2.32
27 2024-05-10   99.959999   99.28 -0.68 -3.00
28 2024-05-13   99.910004  100.20  0.29 -2.71
29 2024-05-14   99.959999  100.95  0.99 -1.72
30 2024-05-15   99.889999  100.35  0.46 -1.26
31 2024-05-16   99.930000   99.58 -0.35 -1.61
32 2024-05-17   99.959999  100.42  0.46 -1.15
33 2024-05-20   99.889999  101.38  1.50  0.35
34 2024-05-21   99.919998   99.00 -0.92 -0.57
35 2024-05-22   99.889999   99.98  0.09 -0.48
36 2024-05-23   99.730003   98.84 -0.88 -1.36
37 2024-05-24   99.910004  100.85  0.94 -0.42
38 2024-05-28   99.849998  100.27  0.43  0.01
39 2024-05-29   99.809998   97.93 -1.88 -1.87
40 2024-05-30   99.730003  100.13  0.40 -1.47
41 2024-05-31  100.120003  101.66  1.53  0.06
42 2024-06-03   99.760002   99.80  0.04  0.10
43 2024-06-04   99.849998   99.73 -0.12 -0.02
Mean Absolute Error: 0.82%
Epoch: 364, Final Loss: 0.000097
Norm: 94.43

         date     Predict    True  diff   acc
0  2024-04-01   99.870003   98.98 -0.89 -0.89
1  2024-04-02   99.790001   99.02 -0.78 -1.67
2  2024-04-03   99.930000  101.26  1.34 -0.33
3  2024-04-04   99.720001   97.85 -1.88 -2.21
4  2024-04-05  100.050003  100.56  0.51 -1.70
5  2024-04-08   99.940002  100.27  0.33 -1.37
6  2024-04-09   99.919998  100.27  0.35 -1.02
7  2024-04-10   99.910004   98.65 -1.26 -2.28
8  2024-04-11   99.940002  101.69  1.76 -0.52
9  2024-04-12   99.760002   98.26 -1.50 -2.02
10 2024-04-15   99.930000   99.12 -0.82 -2.84
11 2024-04-16   99.989998   99.85 -0.13 -2.97
12 2024-04-17   99.889999   97.77 -2.12 -5.09
13 2024-04-18   99.959999   99.70 -0.26 -5.35
14 2024-04-19  100.000000   98.80 -1.19 -6.54
15 2024-04-22  100.029999  101.57  1.54 -5.00
16 2024-04-23  100.010002  100.61  0.59 -4.41
17 2024-04-24   99.959999   99.70 -0.26 -4.67
18 2024-04-25   99.830002   99.67 -0.16 -4.83
19 2024-04-29  100.089996  101.52  1.43 -3.40
20 2024-04-30   99.860001   99.28 -0.58 -3.98
21 2024-05-01   99.690002   99.92  0.23 -3.75
22 2024-05-06  100.190002  102.21  2.02 -1.73
23 2024-05-07  100.000000   99.48 -0.52 -2.25
24 2024-05-08  100.050003   98.96 -1.09 -3.34
25 2024-05-09  100.029999  100.48  0.44 -2.90
26 2024-05-10   99.989998   99.28 -0.71 -3.61
27 2024-05-13   99.940002  100.20  0.26 -3.35
28 2024-05-14   99.989998  100.95  0.96 -2.39
29 2024-05-15   99.910004  100.35  0.43 -1.96
30 2024-05-16   99.959999   99.58 -0.38 -2.34
31 2024-05-17   99.989998  100.42  0.43 -1.91
32 2024-05-20   99.910004  101.38  1.47 -0.44
33 2024-05-21   99.940002   99.00 -0.94 -1.38
34 2024-05-22   99.910004   99.98  0.06 -1.32
35 2024-05-23   99.739998   98.84 -0.90 -2.22
36 2024-05-24   99.940002  100.85  0.91 -1.31
37 2024-05-28   99.870003  100.27  0.40 -0.91
38 2024-05-29   99.830002   97.93 -1.90 -2.81
39 2024-05-30   99.750000  100.13  0.38 -2.43
40 2024-05-31  100.160004  101.66  1.49 -0.94
41 2024-06-03   99.779999   99.80  0.02 -0.92
42 2024-06-04   99.879997   99.73 -0.15 -1.07
43 2024-06-05  100.070000  101.09  1.03 -0.04
Mean Absolute Error: 0.84%
Epoch: 322, Final Loss: 0.000099
Norm: 104.67

         date     Predict    True  diff   acc
0  2024-04-02   99.820000   99.02 -0.81 -0.81
1  2024-04-03   99.930000  101.26  1.33  0.52
2  2024-04-04   99.769997   97.85 -1.93 -1.41
3  2024-04-05  100.029999  100.56  0.53 -0.88
4  2024-04-08   99.940002  100.27  0.33 -0.55
5  2024-04-09   99.919998  100.27  0.34 -0.21
6  2024-04-10   99.910004   98.65 -1.27 -1.48
7  2024-04-11   99.940002  101.69  1.76  0.28
8  2024-04-12   99.800003   98.26 -1.54 -1.26
9  2024-04-15   99.930000   99.12 -0.82 -2.08
10 2024-04-16   99.980003   99.85 -0.12 -2.20
11 2024-04-17   99.900002   97.77 -2.13 -4.33
12 2024-04-18   99.949997   99.70 -0.26 -4.59
13 2024-04-19   99.989998   98.80 -1.18 -5.77
14 2024-04-22  100.010002  101.57  1.56 -4.21
15 2024-04-23  100.000000  100.61  0.61 -3.60
16 2024-04-24   99.949997   99.70 -0.25 -3.85
17 2024-04-25   99.849998   99.67 -0.18 -4.03
18 2024-04-29  100.050003  101.52  1.47 -2.56
19 2024-04-30   99.870003   99.28 -0.60 -3.16
20 2024-05-01   99.739998   99.92  0.18 -2.98
21 2024-05-06  100.129997  102.21  2.08 -0.90
22 2024-05-07   99.989998   99.48 -0.51 -1.41
23 2024-05-08  100.029999   98.96 -1.07 -2.48
24 2024-05-09  100.010002  100.48  0.46 -2.02
25 2024-05-10   99.980003   99.28 -0.70 -2.72
26 2024-05-13   99.940002  100.20  0.26 -2.46
27 2024-05-14   99.980003  100.95  0.98 -1.48
28 2024-05-15   99.919998  100.35  0.43 -1.05
29 2024-05-16   99.949997   99.58 -0.37 -1.42
30 2024-05-17   99.980003  100.42  0.44 -0.98
31 2024-05-20   99.919998  101.38  1.47  0.49
32 2024-05-21   99.940002   99.00 -0.94 -0.45
33 2024-05-22   99.919998   99.98  0.06 -0.39
34 2024-05-23   99.779999   98.84 -0.94 -1.33
35 2024-05-24   99.940002  100.85  0.91 -0.42
36 2024-05-28   99.879997  100.27  0.39 -0.03
37 2024-05-29   99.849998   97.93 -1.93 -1.96
38 2024-05-30   99.790001  100.13  0.34 -1.62
39 2024-05-31  100.110001  101.66  1.54 -0.08
40 2024-06-03   99.820000   99.80 -0.01 -0.09
41 2024-06-04   99.889999   99.73 -0.16 -0.25
42 2024-06-05  100.040001  101.09  1.05  0.80
43 2024-06-06   99.910004   99.09 -0.82 -0.02
Mean Absolute Error: 0.84%
Epoch: 635, Final Loss: 0.000101
Norm: 87.52

