         date     Predict    True  diff   acc
0  2024-01-29  100.239998  101.10  0.87  0.87
1  2024-01-30  100.269997   98.62 -1.65 -0.78
2  2024-01-31  100.040001  100.65  0.61 -0.17
3  2024-02-01  100.300003  100.83  0.53  0.36
4  2024-02-02  100.440002  100.64  0.20  0.56
5  2024-02-05  100.150002   99.45 -0.71 -0.15
6  2024-02-06  100.199997   99.07 -1.12 -1.27
7  2024-02-07  100.290001  101.23  0.94 -0.33
8  2024-02-08  100.330002  101.72  1.38  1.05
9  2024-02-12  100.239998  101.41  1.16  2.21
10 2024-02-13  100.160004  100.49  0.33  2.54
11 2024-02-14  100.250000  101.05  0.79  3.33
12 2024-02-15  100.279999  101.54  1.26  4.59
13 2024-02-16  100.190002   99.40 -0.78  3.81
14 2024-02-20  100.180000   99.40 -0.78  3.03
15 2024-02-21  100.260002  101.49  1.23  4.26
16 2024-02-23  100.410004  101.42  1.00  5.26
17 2024-02-26  100.209999   99.76 -0.46  4.80
18 2024-02-27  100.160004  100.00 -0.16  4.64
19 2024-02-28  100.220001   99.26 -0.96  3.68
20 2024-02-29  100.169998  100.96  0.80  4.48
21 2024-03-01  100.260002  102.43  2.16  6.64
22 2024-03-04  100.220001   99.21 -1.01  5.63
23 2024-03-05  100.029999   99.69 -0.35  5.28
24 2024-03-06  100.180000  101.43  1.24  6.52
25 2024-03-07  100.139999   98.28 -1.85  4.67
26 2024-03-08  100.099998   98.28 -1.82  2.85
27 2024-03-11  100.220001   98.67 -1.55  1.30
28 2024-03-12  100.360001  101.78  1.41  2.71
29 2024-03-13  100.239998   98.50 -1.73  0.98
30 2024-03-14  100.220001   99.83 -0.39  0.59
31 2024-03-15  100.220001  101.15  0.93  1.52
32 2024-03-18  100.250000  101.53  1.28  2.80
33 2024-03-20  100.650002  102.63  1.97  4.77
34 2024-03-21  100.339996  100.95  0.61  5.38
35 2024-03-22  100.089996   99.48 -0.61  4.77
36 2024-03-25  100.160004   99.03 -1.13  3.64
37 2024-03-26  100.220001  100.26  0.04  3.68
38 2024-03-27  100.360001  100.38  0.02  3.70
39 2024-03-28  100.239998   99.83 -0.40  3.30
40 2024-04-01  100.160004   98.98 -1.18  2.12
41 2024-04-02  100.070000   99.02 -1.06  1.06
42 2024-04-03  100.209999  101.26  1.04  2.10
43 2024-04-04  100.000000   97.85 -2.16 -0.06
Mean Absolute Error: 0.99%
Epoch: 304, Final Loss: 0.000122
Norm: 15.30

         date     Predict    True  diff   acc
0  2024-01-30  100.239998   98.62 -1.62 -1.62
1  2024-01-31  100.080002  100.65  0.57 -1.05
2  2024-02-01  100.269997  100.83  0.56 -0.49
3  2024-02-02  100.360001  100.64  0.28 -0.21
4  2024-02-05  100.160004   99.45 -0.71 -0.92
5  2024-02-06  100.190002   99.07 -1.12 -2.04
6  2024-02-07  100.260002  101.23  0.97 -1.07
7  2024-02-08  100.290001  101.72  1.43  0.36
8  2024-02-12  100.220001  101.41  1.18  1.54
9  2024-02-13  100.169998  100.49  0.32  1.86
10 2024-02-14  100.230003  101.05  0.82  2.68
11 2024-02-15  100.250000  101.54  1.29  3.97
12 2024-02-16  100.180000   99.40 -0.78  3.19
13 2024-02-20  100.180000   99.40 -0.78  2.41
14 2024-02-21  100.230003  101.49  1.25  3.66
15 2024-02-23  100.339996  101.42  1.07  4.73
16 2024-02-26  100.199997   99.76 -0.45  4.28
17 2024-02-27  100.169998  100.00 -0.17  4.11
18 2024-02-28  100.209999   99.26 -0.94  3.17
19 2024-02-29  100.169998  100.96  0.79  3.96
20 2024-03-01  100.230003  102.43  2.19  6.15
21 2024-03-04  100.209999   99.21 -1.00  5.15
22 2024-03-05  100.070000   99.69 -0.39  4.76
23 2024-03-06  100.180000  101.43  1.24  6.00
24 2024-03-07  100.150002   98.28 -1.86  4.14
25 2024-03-08  100.120003   98.28 -1.84  2.30
26 2024-03-11  100.209999   98.67 -1.54  0.76
27 2024-03-12  100.309998  101.78  1.47  2.23
28 2024-03-13  100.220001   98.50 -1.72  0.51
29 2024-03-14  100.209999   99.83 -0.38  0.13
30 2024-03-15  100.199997  101.15  0.94  1.07
31 2024-03-18  100.230003  101.53  1.30  2.37
32 2024-03-20  100.510002  102.63  2.11  4.48
33 2024-03-21  100.290001  100.95  0.66  5.14
34 2024-03-22  100.120003   99.48 -0.63  4.51
35 2024-03-25  100.169998   99.03 -1.13  3.38
36 2024-03-26  100.209999  100.26  0.06  3.44
37 2024-03-27  100.300003  100.38  0.08  3.52
38 2024-03-28  100.220001   99.83 -0.38  3.14
39 2024-04-01  100.160004   98.98 -1.18  1.96
40 2024-04-02  100.099998   99.02 -1.09  0.87
41 2024-04-03  100.199997  101.26  1.06  1.93
42 2024-04-04  100.050003   97.85 -2.20 -0.27
43 2024-04-05  100.300003  100.56  0.26 -0.01
Mean Absolute Error: 1.00%
Epoch: 755, Final Loss: 0.000124
Norm: 24.79

         date     Predict    True  diff   acc
0  2024-01-31  100.050003  100.65  0.59  0.59
1  2024-02-01  100.330002  100.83  0.50  1.09
2  2024-02-02  100.470001  100.64  0.17  1.26
3  2024-02-05  100.169998   99.45 -0.73  0.53
4  2024-02-06  100.220001   99.07 -1.15 -0.62
5  2024-02-07  100.320000  101.23  0.91  0.29
6  2024-02-08  100.360001  101.72  1.35  1.64
7  2024-02-12  100.269997  101.41  1.14  2.78
8  2024-02-13  100.180000  100.49  0.31  3.09
9  2024-02-14  100.279999  101.05  0.77  3.86
10 2024-02-15  100.300003  101.54  1.24  5.10
11 2024-02-16  100.209999   99.40 -0.81  4.29
12 2024-02-20  100.199997   99.40 -0.80  3.49
13 2024-02-21  100.279999  101.49  1.20  4.69
14 2024-02-23  100.449997  101.42  0.96  5.65
15 2024-02-26  100.239998   99.76 -0.48  5.17
16 2024-02-27  100.180000  100.00 -0.18  4.99
17 2024-02-28  100.250000   99.26 -0.98  4.01
18 2024-02-29  100.190002  100.96  0.77  4.78
19 2024-03-01  100.279999  102.43  2.14  6.92
20 2024-03-04  100.250000   99.21 -1.03  5.89
21 2024-03-05  100.050003   99.69 -0.36  5.53
22 2024-03-06  100.209999  101.43  1.22  6.75
23 2024-03-07  100.160004   98.28 -1.87  4.88
24 2024-03-08  100.120003   98.28 -1.84  3.04
25 2024-03-11  100.250000   98.67 -1.58  1.46
26 2024-03-12  100.389999  101.78  1.38  2.84
27 2024-03-13  100.260002   98.50 -1.76  1.08
28 2024-03-14  100.239998   99.83 -0.42  0.66
29 2024-03-15  100.239998  101.15  0.91  1.57
30 2024-03-18  100.279999  101.53  1.25  2.82
31 2024-03-20  100.699997  102.63  1.92  4.74
32 2024-03-21  100.370003  100.95  0.58  5.32
33 2024-03-22  100.110001   99.48 -0.63  4.69
34 2024-03-25  100.180000   99.03 -1.15  3.54
35 2024-03-26  100.239998  100.26  0.02  3.56
36 2024-03-27  100.389999  100.38 -0.01  3.55
37 2024-03-28  100.260002   99.83 -0.43  3.12
38 2024-04-01  100.180000   98.98 -1.20  1.92
39 2024-04-02  100.089996   99.02 -1.07  0.85
40 2024-04-03  100.239998  101.26  1.02  1.87
41 2024-04-04  100.010002   97.85 -2.17 -0.30
42 2024-04-05  100.379997  100.56  0.19 -0.11
43 2024-04-08  100.250000  100.27  0.02 -0.09
Mean Absolute Error: 0.94%
Epoch: 346, Final Loss: 0.000114
Norm: 7.03

         date     Predict    True  diff   acc
0  2024-02-01  100.300003  100.83  0.53  0.53
1  2024-02-02  100.410004  100.64  0.23  0.76
2  2024-02-05  100.180000   99.45 -0.73  0.03
3  2024-02-06  100.209999   99.07 -1.14 -1.11
4  2024-02-07  100.290001  101.23  0.94 -0.17
5  2024-02-08  100.330002  101.72  1.39  1.22
6  2024-02-12  100.250000  101.41  1.15  2.37
7  2024-02-13  100.190002  100.49  0.30  2.67
8  2024-02-14  100.260002  101.05  0.79  3.46
9  2024-02-15  100.279999  101.54  1.26  4.72
10 2024-02-16  100.209999   99.40 -0.80  3.92
11 2024-02-20  100.199997   99.40 -0.80  3.12
12 2024-02-21  100.260002  101.49  1.22  4.34
13 2024-02-23  100.389999  101.42  1.02  5.36
14 2024-02-26  100.230003   99.76 -0.47  4.89
15 2024-02-27  100.190002  100.00 -0.19  4.70
16 2024-02-28  100.239998   99.26 -0.97  3.73
17 2024-02-29  100.190002  100.96  0.77  4.50
18 2024-03-01  100.260002  102.43  2.16  6.66
19 2024-03-04  100.239998   99.21 -1.02  5.64
20 2024-03-05  100.080002   99.69 -0.40  5.24
21 2024-03-06  100.199997  101.43  1.22  6.46
22 2024-03-07  100.169998   98.28 -1.88  4.58
23 2024-03-08  100.139999   98.28 -1.86  2.72
24 2024-03-11  100.239998   98.67 -1.57  1.15
25 2024-03-12  100.349998  101.78  1.42  2.57
26 2024-03-13  100.250000   98.50 -1.74  0.83
27 2024-03-14  100.230003   99.83 -0.41  0.42
28 2024-03-15  100.230003  101.15  0.92  1.34
29 2024-03-18  100.260002  101.53  1.27  2.61
30 2024-03-20  100.580002  102.63  2.04  4.65
31 2024-03-21  100.330002  100.95  0.62  5.27
32 2024-03-22  100.129997   99.48 -0.65  4.62
33 2024-03-25  100.190002   99.03 -1.15  3.47
34 2024-03-26  100.230003  100.26  0.03  3.50
35 2024-03-27  100.339996  100.38  0.04  3.54
36 2024-03-28  100.250000   99.83 -0.41  3.13
37 2024-04-01  100.180000   98.98 -1.20  1.93
38 2024-04-02  100.110001   99.02 -1.10  0.83
39 2024-04-03  100.230003  101.26  1.03  1.86
40 2024-04-04  100.059998   97.85 -2.21 -0.35
41 2024-04-05  100.339996  100.56  0.23 -0.12
42 2024-04-08  100.239998  100.27  0.03 -0.09
43 2024-04-09  100.220001  100.27  0.04 -0.05
Mean Absolute Error: 0.94%
Epoch: 561, Final Loss: 0.000116
Norm: 13.64

         date     Predict    True  diff   acc
0  2024-02-02  100.330002  100.64  0.31  0.31
1  2024-02-05  100.139999   99.45 -0.70 -0.39
2  2024-02-06  100.169998   99.07 -1.10 -1.49
3  2024-02-07  100.230003  101.23  1.00 -0.49
4  2024-02-08  100.260002  101.72  1.46  0.97
5  2024-02-12  100.199997  101.41  1.20  2.17
6  2024-02-13  100.150002  100.49  0.34  2.51
7  2024-02-14  100.209999  101.05  0.84  3.35
8  2024-02-15  100.220001  101.54  1.32  4.67
9  2024-02-16  100.169998   99.40 -0.76  3.91
10 2024-02-20  100.160004   99.40 -0.76  3.15
11 2024-02-21  100.209999  101.49  1.27  4.42
12 2024-02-23  100.309998  101.42  1.10  5.52
13 2024-02-26  100.180000   99.76 -0.43  5.09
14 2024-02-27  100.150002  100.00 -0.15  4.94
15 2024-02-28  100.190002   99.26 -0.92  4.02
16 2024-02-29  100.150002  100.96  0.81  4.83
17 2024-03-01  100.209999  102.43  2.21  7.04
18 2024-03-04  100.190002   99.21 -0.98  6.06
19 2024-03-05  100.070000   99.69 -0.38  5.68
20 2024-03-06  100.160004  101.43  1.26  6.94
21 2024-03-07  100.129997   98.28 -1.85  5.09
22 2024-03-08  100.110001   98.28 -1.83  3.26
23 2024-03-11  100.190002   98.67 -1.52  1.74
24 2024-03-12  100.279999  101.78  1.50  3.24
25 2024-03-13  100.199997   98.50 -1.70  1.54
26 2024-03-14  100.190002   99.83 -0.36  1.18
27 2024-03-15  100.180000  101.15  0.96  2.14
28 2024-03-18  100.209999  101.53  1.32  3.46
29 2024-03-20  100.459999  102.63  2.16  5.62
30 2024-03-21  100.260002  100.95  0.68  6.30
31 2024-03-22  100.099998   99.48 -0.62  5.68
32 2024-03-25  100.150002   99.03 -1.12  4.56
33 2024-03-26  100.190002  100.26  0.08  4.64
34 2024-03-27  100.269997  100.38  0.11  4.75
35 2024-03-28  100.199997   99.83 -0.36  4.39
36 2024-04-01  100.150002   98.98 -1.17  3.22
37 2024-04-02  100.089996   99.02 -1.07  2.15
38 2024-04-03  100.180000  101.26  1.08  3.23
39 2024-04-04  100.050003   97.85 -2.20  1.03
40 2024-04-05  100.269997  100.56  0.29  1.32
41 2024-04-08  100.190002  100.27  0.08  1.40
42 2024-04-09  100.180000  100.27  0.09  1.49
43 2024-04-10  100.169998   98.65 -1.52 -0.03
Mean Absolute Error: 0.98%
Epoch: 811, Final Loss: 0.000123
Norm: 17.12

         date     Predict    True  diff   acc
0  2024-02-05  100.160004   99.45 -0.72 -0.72
1  2024-02-06  100.199997   99.07 -1.12 -1.84
2  2024-02-07  100.269997  101.23  0.97 -0.87
3  2024-02-08  100.300003  101.72  1.42  0.55
4  2024-02-12  100.230003  101.41  1.17  1.72
5  2024-02-13  100.169998  100.49  0.32  2.04
6  2024-02-14  100.239998  101.05  0.81  2.85
7  2024-02-15  100.260002  101.54  1.28  4.13
8  2024-02-16  100.190002   99.40 -0.79  3.34
9  2024-02-20  100.180000   99.40 -0.78  2.56
10 2024-02-21  100.239998  101.49  1.24  3.80
11 2024-02-23  100.349998  101.42  1.06  4.86
12 2024-02-26  100.209999   99.76 -0.45  4.41
13 2024-02-27  100.169998  100.00 -0.17  4.24
14 2024-02-28  100.220001   99.26 -0.95  3.29
15 2024-02-29  100.180000  100.96  0.79  4.08
16 2024-03-01  100.239998  102.43  2.18  6.26
17 2024-03-04  100.220001   99.21 -1.00  5.26
18 2024-03-05  100.080002   99.69 -0.39  4.87
19 2024-03-06  100.190002  101.43  1.24  6.11
20 2024-03-07  100.150002   98.28 -1.87  4.24
21 2024-03-08  100.129997   98.28 -1.85  2.39
22 2024-03-11  100.220001   98.67 -1.55  0.84
23 2024-03-12  100.320000  101.78  1.46  2.30
24 2024-03-13  100.230003   98.50 -1.72  0.58
25 2024-03-14  100.209999   99.83 -0.39  0.19
26 2024-03-15  100.209999  101.15  0.94  1.13
27 2024-03-18  100.239998  101.53  1.29  2.42
28 2024-03-20  100.519997  102.63  2.10  4.52
29 2024-03-21  100.300003  100.95  0.65  5.17
30 2024-03-22  100.120003   99.48 -0.64  4.53
31 2024-03-25  100.169998   99.03 -1.14  3.39
32 2024-03-26  100.209999  100.26  0.05  3.44
33 2024-03-27  100.309998  100.38  0.07  3.51
34 2024-03-28  100.230003   99.83 -0.39  3.12
35 2024-04-01  100.169998   98.98 -1.19  1.93
36 2024-04-02  100.110001   99.02 -1.09  0.84
37 2024-04-03  100.209999  101.26  1.05  1.89
38 2024-04-04  100.059998   97.85 -2.21 -0.32
39 2024-04-05  100.309998  100.56  0.26 -0.06
40 2024-04-08  100.220001  100.27  0.05 -0.01
41 2024-04-09  100.199997  100.27  0.06  0.05
42 2024-04-10  100.199997   98.65 -1.55 -1.50
43 2024-04-11  100.220001  101.69  1.47 -0.03
Mean Absolute Error: 1.00%
Epoch: 735, Final Loss: 0.000127
Norm: 22.35

         date     Predict    True  diff   acc
0  2024-02-06  100.169998   99.07 -1.09 -1.09
1  2024-02-07  100.260002  101.23  0.97 -0.12
2  2024-02-08  100.300003  101.72  1.41  1.29
3  2024-02-12  100.209999  101.41  1.19  2.48
4  2024-02-13  100.129997  100.49  0.36  2.84
5  2024-02-14  100.220001  101.05  0.82  3.66
6  2024-02-15  100.250000  101.54  1.29  4.95
7  2024-02-16  100.160004   99.40 -0.75  4.20
8  2024-02-20  100.150002   99.40 -0.75  3.45
9  2024-02-21  100.230003  101.49  1.26  4.71
10 2024-02-23  100.389999  101.42  1.03  5.74
11 2024-02-26  100.180000   99.76 -0.42  5.32
12 2024-02-27  100.129997  100.00 -0.13  5.19
13 2024-02-28  100.190002   99.26 -0.93  4.26
14 2024-02-29  100.139999  100.96  0.83  5.09
15 2024-03-01  100.220001  102.43  2.20  7.29
16 2024-03-04  100.190002   99.21 -0.98  6.31
17 2024-03-05  100.000000   99.69 -0.31  6.00
18 2024-03-06  100.150002  101.43  1.27  7.27
19 2024-03-07  100.110001   98.28 -1.82  5.45
20 2024-03-08  100.070000   98.28 -1.79  3.66
21 2024-03-11  100.190002   98.67 -1.52  2.14
22 2024-03-12  100.330002  101.78  1.44  3.58
23 2024-03-13  100.209999   98.50 -1.70  1.88
24 2024-03-14  100.190002   99.83 -0.36  1.52
25 2024-03-15  100.180000  101.15  0.96  2.48
26 2024-03-18  100.220001  101.53  1.31  3.79
27 2024-03-20  100.620003  102.63  1.99  5.78
28 2024-03-21  100.309998  100.95  0.64  6.42
29 2024-03-22  100.059998   99.48 -0.58  5.84
30 2024-03-25  100.129997   99.03 -1.10  4.74
31 2024-03-26  100.190002  100.26  0.08  4.82
32 2024-03-27  100.330002  100.38  0.05  4.87
33 2024-03-28  100.199997   99.83 -0.37  4.50
34 2024-04-01  100.120003   98.98 -1.14  3.36
35 2024-04-02  100.040001   99.02 -1.02  2.34
36 2024-04-03  100.180000  101.26  1.08  3.42
37 2024-04-04   99.970001   97.85 -2.12  1.30
38 2024-04-05  100.320000  100.56  0.24  1.54
39 2024-04-08  100.199997  100.27  0.07  1.61
40 2024-04-09  100.180000  100.27  0.09  1.70
41 2024-04-10  100.160004   98.65 -1.51  0.19
42 2024-04-11  100.190002  101.69  1.49  1.68
43 2024-04-12  100.010002   98.26 -1.75 -0.07
Mean Absolute Error: 1.00%
Epoch: 301, Final Loss: 0.000128
Norm: 12.17

         date     Predict    True  diff   acc
0  2024-02-07  100.260002  101.23  0.97  0.97
1  2024-02-08  100.309998  101.72  1.41  2.38
2  2024-02-12  100.209999  101.41  1.19  3.57
3  2024-02-13  100.129997  100.49  0.36  3.93
4  2024-02-14  100.220001  101.05  0.82  4.75
5  2024-02-15  100.250000  101.54  1.29  6.04
6  2024-02-16  100.160004   99.40 -0.75  5.29
7  2024-02-20  100.150002   99.40 -0.75  4.54
8  2024-02-21  100.230003  101.49  1.26  5.80
9  2024-02-23  100.389999  101.42  1.02  6.82
10 2024-02-26  100.180000   99.76 -0.43  6.39
11 2024-02-27  100.129997  100.00 -0.13  6.26
12 2024-02-28  100.190002   99.26 -0.93  5.33
13 2024-02-29  100.129997  100.96  0.83  6.16
14 2024-03-01  100.230003  102.43  2.19  8.35
15 2024-03-04  100.190002   99.21 -0.98  7.37
16 2024-03-05  100.000000   99.69 -0.31  7.06
17 2024-03-06  100.150002  101.43  1.27  8.33
18 2024-03-07  100.099998   98.28 -1.82  6.51
19 2024-03-08  100.059998   98.28 -1.79  4.72
20 2024-03-11  100.190002   98.67 -1.52  3.20
21 2024-03-12  100.330002  101.78  1.44  4.64
22 2024-03-13  100.209999   98.50 -1.70  2.94
23 2024-03-14  100.190002   99.83 -0.36  2.58
24 2024-03-15  100.180000  101.15  0.96  3.54
25 2024-03-18  100.220001  101.53  1.31  4.85
26 2024-03-20  100.639999  102.63  1.98  6.83
27 2024-03-21  100.309998  100.95  0.63  7.46
28 2024-03-22  100.059998   99.48 -0.57  6.89
29 2024-03-25  100.129997   99.03 -1.09  5.80
30 2024-03-26  100.190002  100.26  0.07  5.87
31 2024-03-27  100.330002  100.38  0.05  5.92
32 2024-03-28  100.209999   99.83 -0.37  5.55
33 2024-04-01  100.120003   98.98 -1.14  4.41
34 2024-04-02  100.040001   99.02 -1.02  3.39
35 2024-04-03  100.180000  101.26  1.08  4.47
36 2024-04-04   99.959999   97.85 -2.12  2.35
37 2024-04-05  100.320000  100.56  0.24  2.59
38 2024-04-08  100.199997  100.27  0.07  2.66
39 2024-04-09  100.180000  100.27  0.09  2.75
40 2024-04-10  100.160004   98.65 -1.51  1.24
41 2024-04-11  100.190002  101.69  1.49  2.73
42 2024-04-12  100.010002   98.26 -1.74  0.99
43 2024-04-15  100.190002   99.12 -1.07 -0.08
Mean Absolute Error: 1.00%
Epoch: 331, Final Loss: 0.000128
Norm: -14.23

         date     Predict    True  diff   acc
0  2024-02-08  100.279999  101.72  1.44  1.44
1  2024-02-12  100.180000  101.41  1.22  2.66
2  2024-02-13  100.089996  100.49  0.39  3.05
3  2024-02-14  100.190002  101.05  0.85  3.90
4  2024-02-15  100.220001  101.54  1.32  5.22
5  2024-02-16  100.120003   99.40 -0.72  4.50
6  2024-02-20  100.110001   99.40 -0.71  3.79
7  2024-02-21  100.199997  101.49  1.29  5.08
8  2024-02-23  100.370003  101.42  1.05  6.13
9  2024-02-26  100.150002   99.76 -0.39  5.74
10 2024-02-27  100.099998  100.00 -0.10  5.64
11 2024-02-28  100.160004   99.26 -0.90  4.74
12 2024-02-29  100.099998  100.96  0.86  5.60
13 2024-03-01  100.199997  102.43  2.23  7.83
14 2024-03-04  100.160004   99.21 -0.95  6.88
15 2024-03-05   99.959999   99.69 -0.27  6.61
16 2024-03-06  100.120003  101.43  1.31  7.92
17 2024-03-07  100.070000   98.28 -1.79  6.13
18 2024-03-08  100.029999   98.28 -1.75  4.38
19 2024-03-11  100.160004   98.67 -1.49  2.89
20 2024-03-12  100.309998  101.78  1.46  4.35
21 2024-03-13  100.180000   98.50 -1.67  2.68
22 2024-03-14  100.160004   99.83 -0.33  2.35
23 2024-03-15  100.150002  101.15  1.00  3.35
24 2024-03-18  100.190002  101.53  1.34  4.69
25 2024-03-20  100.620003  102.63  1.99  6.68
26 2024-03-21  100.290001  100.95  0.66  7.34
27 2024-03-22  100.019997   99.48 -0.54  6.80
28 2024-03-25  100.089996   99.03 -1.06  5.74
29 2024-03-26  100.160004  100.26  0.11  5.85
30 2024-03-27  100.300003  100.38  0.08  5.93
31 2024-03-28  100.180000   99.83 -0.34  5.59
32 2024-04-01  100.089996   98.98 -1.11  4.48
33 2024-04-02  100.000000   99.02 -0.98  3.50
34 2024-04-03  100.150002  101.26  1.11  4.61
35 2024-04-04   99.919998   97.85 -2.08  2.53
36 2024-04-05  100.290001  100.56  0.27  2.80
37 2024-04-08  100.169998  100.27  0.10  2.90
38 2024-04-09  100.139999  100.27  0.12  3.02
39 2024-04-10  100.129997   98.65 -1.48  1.54
40 2024-04-11  100.160004  101.69  1.53  3.07
41 2024-04-12   99.970001   98.26 -1.71  1.36
42 2024-04-15  100.160004   99.12 -1.04  0.32
43 2024-04-16  100.220001   99.85 -0.36 -0.04
Mean Absolute Error: 0.99%
Epoch: 410, Final Loss: 0.000125
Norm: -4.74

         date     Predict    True  diff   acc
0  2024-02-12  100.080002  101.41  1.32  1.32
1  2024-02-13  100.029999  100.49  0.46  1.78
2  2024-02-14  100.089996  101.05  0.96  2.74
3  2024-02-15  100.110001  101.54  1.44  4.18
4  2024-02-16  100.050003   99.40 -0.65  3.53
5  2024-02-20  100.040001   99.40 -0.64  2.89
6  2024-02-21  100.089996  101.49  1.39  4.28
7  2024-02-23  100.190002  101.42  1.22  5.50
8  2024-02-26  100.059998   99.76 -0.31  5.19
9  2024-02-27  100.029999  100.00 -0.03  5.16
10 2024-02-28  100.070000   99.26 -0.81  4.35
11 2024-02-29  100.040001  100.96  0.93  5.28
12 2024-03-01  100.089996  102.43  2.33  7.61
13 2024-03-04  100.070000   99.21 -0.86  6.75
14 2024-03-05   99.949997   99.69 -0.26  6.49
15 2024-03-06  100.050003  101.43  1.38  7.87
16 2024-03-07  100.019997   98.28 -1.73  6.14
17 2024-03-08   99.989998   98.28 -1.72  4.42
18 2024-03-11  100.070000   98.67 -1.40  3.02
19 2024-03-12  100.160004  101.78  1.62  4.64
20 2024-03-13  100.080002   98.50 -1.58  3.06
21 2024-03-14  100.070000   99.83 -0.24  2.82
22 2024-03-15  100.070000  101.15  1.08  3.90
23 2024-03-18  100.089996  101.53  1.44  5.34
24 2024-03-20  100.339996  102.63  2.28  7.62
25 2024-03-21  100.139999  100.95  0.80  8.42
26 2024-03-22   99.989998   99.48 -0.51  7.91
27 2024-03-25  100.029999   99.03 -1.00  6.91
28 2024-03-26  100.070000  100.26  0.19  7.10
29 2024-03-27  100.150002  100.38  0.23  7.33
30 2024-03-28  100.080002   99.83 -0.25  7.08
31 2024-04-01  100.029999   98.98 -1.05  6.03
32 2024-04-02   99.980003   99.02 -0.96  5.07
33 2024-04-03  100.059998  101.26  1.19  6.26
34 2024-04-04   99.930000   97.85 -2.09  4.17
35 2024-04-05  100.150002  100.56  0.41  4.58
36 2024-04-08  100.070000  100.27  0.19  4.77
37 2024-04-09  100.059998  100.27  0.21  4.98
38 2024-04-10  100.050003   98.65 -1.41  3.57
39 2024-04-11  100.070000  101.69  1.62  5.19
40 2024-04-12   99.959999   98.26 -1.70  3.49
41 2024-04-15  100.070000   99.12 -0.95  2.54
42 2024-04-16  100.099998   99.85 -0.25  2.29
43 2024-04-17  100.040001   97.77 -2.27  0.02
Mean Absolute Error: 1.03%
Epoch: 876, Final Loss: 0.000139
Norm: -18.31

         date     Predict    True  diff   acc
0  2024-02-13   99.989998  100.49  0.50  0.50
1  2024-02-14  100.059998  101.05  0.99  1.49
2  2024-02-15  100.070000  101.54  1.47  2.96
3  2024-02-16  100.010002   99.40 -0.61  2.35
4  2024-02-20  100.000000   99.40 -0.60  1.75
5  2024-02-21  100.059998  101.49  1.43  3.18
6  2024-02-23  100.169998  101.42  1.24  4.42
7  2024-02-26  100.029999   99.76 -0.27  4.15
8  2024-02-27   99.989998  100.00  0.01  4.16
9  2024-02-28  100.029999   99.26 -0.77  3.39
10 2024-02-29   99.989998  100.96  0.97  4.36
11 2024-03-01  100.059998  102.43  2.37  6.73
12 2024-03-04  100.029999   99.21 -0.82  5.91
13 2024-03-05   99.889999   99.69 -0.21  5.70
14 2024-03-06  100.010002  101.43  1.42  7.12
15 2024-03-07   99.970001   98.28 -1.69  5.43
16 2024-03-08   99.940002   98.28 -1.67  3.76
17 2024-03-11  100.029999   98.67 -1.37  2.39
18 2024-03-12  100.139999  101.78  1.64  4.03
19 2024-03-13  100.050003   98.50 -1.54  2.49
20 2024-03-14  100.029999   99.83 -0.21  2.28
21 2024-03-15  100.029999  101.15  1.12  3.40
22 2024-03-18  100.050003  101.53  1.48  4.88
23 2024-03-20  100.349998  102.63  2.27  7.15
24 2024-03-21  100.120003  100.95  0.83  7.98
25 2024-03-22   99.940002   99.48 -0.46  7.52
26 2024-03-25   99.989998   99.03 -0.96  6.56
27 2024-03-26  100.029999  100.26  0.23  6.79
28 2024-03-27  100.129997  100.38  0.25  7.04
29 2024-03-28  100.040001   99.83 -0.21  6.83
30 2024-04-01   99.989998   98.98 -1.01  5.82
31 2024-04-02   99.919998   99.02 -0.91  4.91
32 2024-04-03  100.029999  101.26  1.23  6.14
33 2024-04-04   99.870003   97.85 -2.03  4.11
34 2024-04-05  100.129997  100.56  0.44  4.55
35 2024-04-08  100.040001  100.27  0.23  4.78
36 2024-04-09  100.019997  100.27  0.24  5.02
37 2024-04-10  100.010002   98.65 -1.37  3.65
38 2024-04-11  100.040001  101.69  1.65  5.30
39 2024-04-12   99.900002   98.26 -1.64  3.66
40 2024-04-15  100.029999   99.12 -0.91  2.75
41 2024-04-16  100.070000   99.85 -0.22  2.53
42 2024-04-17  100.000000   97.77 -2.23  0.30
43 2024-04-18  100.050003   99.70 -0.36 -0.06
Mean Absolute Error: 1.00%
Epoch: 651, Final Loss: 0.000133
Norm: -4.69

         date     Predict    True  diff   acc
0  2024-02-14  100.019997  101.05  1.03  1.03
1  2024-02-15  100.040001  101.54  1.50  2.53
2  2024-02-16   99.959999   99.40 -0.56  1.97
3  2024-02-20   99.959999   99.40 -0.56  1.41
4  2024-02-21  100.019997  101.49  1.46  2.87
5  2024-02-23  100.160004  101.42  1.25  4.12
6  2024-02-26   99.989998   99.76 -0.23  3.89
7  2024-02-27   99.940002  100.00  0.06  3.95
8  2024-02-28   99.989998   99.26 -0.73  3.22
9  2024-02-29   99.949997  100.96  1.02  4.24
10 2024-03-01  100.019997  102.43  2.40  6.64
11 2024-03-04   99.989998   99.21 -0.78  5.86
12 2024-03-05   99.830002   99.69 -0.14  5.72
13 2024-03-06   99.959999  101.43  1.47  7.19
14 2024-03-07   99.919998   98.28 -1.64  5.55
15 2024-03-08   99.889999   98.28 -1.61  3.94
16 2024-03-11   99.989998   98.67 -1.33  2.61
17 2024-03-12  100.110001  101.78  1.66  4.27
18 2024-03-13  100.010002   98.50 -1.51  2.76
19 2024-03-14   99.989998   99.83 -0.17  2.59
20 2024-03-15   99.989998  101.15  1.16  3.75
21 2024-03-18  100.019997  101.53  1.51  5.26
22 2024-03-20  100.360001  102.63  2.26  7.52
23 2024-03-21  100.089996  100.95  0.85  8.37
24 2024-03-22   99.879997   99.48 -0.40  7.97
25 2024-03-25   99.940002   99.03 -0.91  7.06
26 2024-03-26   99.989998  100.26  0.27  7.33
27 2024-03-27  100.110001  100.38  0.27  7.60
28 2024-03-28  100.010002   99.83 -0.17  7.43
29 2024-04-01   99.940002   98.98 -0.96  6.47
30 2024-04-02   99.860001   99.02 -0.85  5.62
31 2024-04-03   99.989998  101.26  1.27  6.89
32 2024-04-04   99.800003   97.85 -1.96  4.93
33 2024-04-05  100.099998  100.56  0.46  5.39
34 2024-04-08  100.000000  100.27  0.27  5.66
35 2024-04-09   99.980003  100.27  0.29  5.95
36 2024-04-10   99.970001   98.65 -1.32  4.63
37 2024-04-11  100.000000  101.69  1.70  6.33
38 2024-04-12   99.839996   98.26 -1.58  4.75
39 2024-04-15   99.989998   99.12 -0.87  3.88
40 2024-04-16  100.040001   99.85 -0.19  3.69
41 2024-04-17   99.949997   97.77 -2.18  1.51
42 2024-04-18  100.010002   99.70 -0.32  1.19
43 2024-04-19  100.050003   98.80 -1.25 -0.06
Mean Absolute Error: 1.01%
Epoch: 445, Final Loss: 0.000134
Norm: -14.85

         date     Predict    True  diff   acc
0  2024-02-15  100.040001  101.54  1.50  1.50
1  2024-02-16   99.980003   99.40 -0.58  0.92
2  2024-02-20   99.970001   99.40 -0.58  0.34
3  2024-02-21  100.029999  101.49  1.46  1.80
4  2024-02-23  100.129997  101.42  1.28  3.08
5  2024-02-26  100.000000   99.76 -0.24  2.84
6  2024-02-27   99.970001  100.00  0.03  2.87
7  2024-02-28  100.000000   99.26 -0.74  2.13
8  2024-02-29   99.970001  100.96  1.00  3.13
9  2024-03-01  100.029999  102.43  2.40  5.53
10 2024-03-04  100.000000   99.21 -0.79  4.74
11 2024-03-05   99.879997   99.69 -0.19  4.55
12 2024-03-06   99.980003  101.43  1.45  6.00
13 2024-03-07   99.949997   98.28 -1.67  4.33
14 2024-03-08   99.919998   98.28 -1.65  2.68
15 2024-03-11  100.000000   98.67 -1.34  1.34
16 2024-03-12  100.099998  101.78  1.68  3.02
17 2024-03-13  100.010002   98.50 -1.51  1.51
18 2024-03-14  100.000000   99.83 -0.18  1.33
19 2024-03-15  100.000000  101.15  1.15  2.48
20 2024-03-18  100.019997  101.53  1.51  3.99
21 2024-03-20  100.290001  102.63  2.34  6.33
22 2024-03-21  100.080002  100.95  0.87  7.20
23 2024-03-22   99.919998   99.48 -0.43  6.77
24 2024-03-25   99.959999   99.03 -0.93  5.84
25 2024-03-26  100.000000  100.26  0.26  6.10
26 2024-03-27  100.089996  100.38  0.29  6.39
27 2024-03-28  100.010002   99.83 -0.18  6.21
28 2024-04-01   99.959999   98.98 -0.98  5.23
29 2024-04-02   99.900002   99.02 -0.89  4.34
30 2024-04-03  100.000000  101.26  1.26  5.60
31 2024-04-04   99.860001   97.85 -2.01  3.59
32 2024-04-05  100.089996  100.56  0.48  4.07
33 2024-04-08  100.010002  100.27  0.26  4.33
34 2024-04-09   99.989998  100.27  0.27  4.60
35 2024-04-10   99.980003   98.65 -1.34  3.26
36 2024-04-11  100.010002  101.69  1.69  4.95
37 2024-04-12   99.889999   98.26 -1.62  3.33
38 2024-04-15  100.000000   99.12 -0.88  2.45
39 2024-04-16  100.040001   99.85 -0.19  2.26
40 2024-04-17   99.970001   97.77 -2.20  0.06
41 2024-04-18  100.019997   99.70 -0.32 -0.26
42 2024-04-19  100.050003   98.80 -1.24 -1.50
43 2024-04-22  100.070000  101.57  1.50  0.00
Mean Absolute Error: 1.03%
Epoch: 822, Final Loss: 0.000140
Norm: 17.24

         date     Predict    True  diff   acc
0  2024-02-16   99.959999   99.40 -0.56 -0.56
1  2024-02-20   99.949997   99.40 -0.56 -1.12
2  2024-02-21  100.000000  101.49  1.49  0.37
3  2024-02-23  100.099998  101.42  1.31  1.68
4  2024-02-26   99.970001   99.76 -0.22  1.46
5  2024-02-27   99.949997  100.00  0.05  1.51
6  2024-02-28   99.980003   99.26 -0.72  0.79
7  2024-02-29   99.949997  100.96  1.02  1.81
8  2024-03-01  100.000000  102.43  2.42  4.23
9  2024-03-04   99.980003   99.21 -0.77  3.46
10 2024-03-05   99.860001   99.69 -0.18  3.28
11 2024-03-06   99.959999  101.43  1.47  4.75
12 2024-03-07   99.930000   98.28 -1.65  3.10
13 2024-03-08   99.900002   98.28 -1.63  1.47
14 2024-03-11   99.980003   98.67 -1.32  0.15
15 2024-03-12  100.070000  101.78  1.71  1.86
16 2024-03-13   99.989998   98.50 -1.49  0.37
17 2024-03-14   99.980003   99.83 -0.15  0.22
18 2024-03-15   99.980003  101.15  1.17  1.39
19 2024-03-18  100.000000  101.53  1.53  2.92
20 2024-03-20  100.250000  102.63  2.38  5.30
21 2024-03-21  100.050003  100.95  0.89  6.19
22 2024-03-22   99.900002   99.48 -0.42  5.77
23 2024-03-25   99.940002   99.03 -0.91  4.86
24 2024-03-26   99.980003  100.26  0.28  5.14
25 2024-03-27  100.059998  100.38  0.32  5.46
26 2024-03-28   99.989998   99.83 -0.16  5.30
27 2024-04-01   99.940002   98.98 -0.96  4.34
28 2024-04-02   99.889999   99.02 -0.87  3.47
29 2024-04-03   99.980003  101.26  1.28  4.75
30 2024-04-04   99.839996   97.85 -2.00  2.75
31 2024-04-05  100.059998  100.56  0.50  3.25
32 2024-04-08   99.980003  100.27  0.28  3.53
33 2024-04-09   99.970001  100.27  0.30  3.83
34 2024-04-10   99.959999   98.65 -1.32  2.51
35 2024-04-11   99.980003  101.69  1.71  4.22
36 2024-04-12   99.870003   98.26 -1.61  2.61
37 2024-04-15   99.980003   99.12 -0.86  1.75
38 2024-04-16  100.010002   99.85 -0.16  1.59
39 2024-04-17   99.949997   97.77 -2.18 -0.59
40 2024-04-18  100.000000   99.70 -0.30 -0.89
41 2024-04-19  100.019997   98.80 -1.22 -2.11
42 2024-04-22  100.040001  101.57  1.53 -0.58
43 2024-04-23  100.029999  100.61  0.57 -0.01
Mean Absolute Error: 1.01%
Epoch: 901, Final Loss: 0.000136
Norm: 25.30

         date     Predict    True  diff   acc
0  2024-02-20   99.949997   99.40 -0.55 -0.55
1  2024-02-21  100.019997  101.49  1.47  0.92
2  2024-02-23  100.160004  101.42  1.25  2.17
3  2024-02-26   99.980003   99.76 -0.22  1.95
4  2024-02-27   99.930000  100.00  0.07  2.02
5  2024-02-28   99.989998   99.26 -0.73  1.29
6  2024-02-29   99.940002  100.96  1.03  2.32
7  2024-03-01  100.019997  102.43  2.41  4.73
8  2024-03-04   99.989998   99.21 -0.78  3.95
9  2024-03-05   99.809998   99.69 -0.13  3.82
10 2024-03-06   99.949997  101.43  1.48  5.30
11 2024-03-07   99.910004   98.28 -1.63  3.67
12 2024-03-08   99.879997   98.28 -1.60  2.07
13 2024-03-11   99.989998   98.67 -1.32  0.75
14 2024-03-12  100.120003  101.78  1.66  2.41
15 2024-03-13  100.000000   98.50 -1.50  0.91
16 2024-03-14   99.980003   99.83 -0.16  0.75
17 2024-03-15   99.980003  101.15  1.17  1.92
18 2024-03-18  100.010002  101.53  1.52  3.44
19 2024-03-20  100.379997  102.63  2.24  5.68
20 2024-03-21  100.099998  100.95  0.85  6.53
21 2024-03-22   99.870003   99.48 -0.39  6.14
22 2024-03-25   99.930000   99.03 -0.90  5.24
23 2024-03-26   99.980003  100.26  0.28  5.52
24 2024-03-27  100.110001  100.38  0.27  5.79
25 2024-03-28  100.000000   99.83 -0.17  5.62
26 2024-04-01   99.930000   98.98 -0.95  4.67
27 2024-04-02   99.849998   99.02 -0.83  3.84
28 2024-04-03   99.980003  101.26  1.28  5.12
29 2024-04-04   99.779999   97.85 -1.94  3.18
30 2024-04-05  100.099998  100.56  0.46  3.64
31 2024-04-08   99.989998  100.27  0.28  3.92
32 2024-04-09   99.970001  100.27  0.29  4.21
33 2024-04-10   99.959999   98.65 -1.32  2.89
34 2024-04-11   99.989998  101.69  1.70  4.59
35 2024-04-12   99.830002   98.26 -1.56  3.03
36 2024-04-15   99.980003   99.12 -0.87  2.16
37 2024-04-16  100.040001   99.85 -0.18  1.98
38 2024-04-17   99.940002   97.77 -2.17 -0.19
39 2024-04-18  100.010002   99.70 -0.31 -0.50
40 2024-04-19  100.050003   98.80 -1.24 -1.74
41 2024-04-22  100.080002  101.57  1.49 -0.25
42 2024-04-23  100.059998  100.61  0.54  0.29
43 2024-04-24  100.010002   99.70 -0.31 -0.02
Mean Absolute Error: 0.99%
Epoch: 370, Final Loss: 0.000131
Norm: 20.80

         date     Predict    True  diff   acc
0  2024-02-21  100.029999  101.49  1.46  1.46
1  2024-02-23  100.190002  101.42  1.22  2.68
2  2024-02-26   99.980003   99.76 -0.23  2.45
3  2024-02-27   99.940002  100.00  0.06  2.51
4  2024-02-28  100.000000   99.26 -0.73  1.78
5  2024-02-29   99.940002  100.96  1.02  2.80
6  2024-03-01  100.029999  102.43  2.39  5.19
7  2024-03-04   99.989998   99.21 -0.78  4.41
8  2024-03-05   99.800003   99.69 -0.12  4.29
9  2024-03-06   99.959999  101.43  1.47  5.76
10 2024-03-07   99.910004   98.28 -1.63  4.13
11 2024-03-08   99.870003   98.28 -1.60  2.53
12 2024-03-11  100.000000   98.67 -1.33  1.20
13 2024-03-12  100.139999  101.78  1.64  2.84
14 2024-03-13  100.010002   98.50 -1.51  1.33
15 2024-03-14   99.989998   99.83 -0.16  1.17
16 2024-03-15   99.989998  101.15  1.16  2.33
17 2024-03-18  100.019997  101.53  1.51  3.84
18 2024-03-20  100.430000  102.63  2.19  6.03
19 2024-03-21  100.110001  100.95  0.83  6.86
20 2024-03-22   99.860001   99.48 -0.38  6.48
21 2024-03-25   99.930000   99.03 -0.90  5.58
22 2024-03-26   99.989998  100.26  0.27  5.85
23 2024-03-27  100.129997  100.38  0.25  6.10
24 2024-03-28  100.010002   99.83 -0.18  5.92
25 2024-04-01   99.930000   98.98 -0.95  4.97
26 2024-04-02   99.839996   99.02 -0.83  4.14
27 2024-04-03   99.989998  101.26  1.27  5.41
28 2024-04-04   99.769997   97.85 -1.93  3.48
29 2024-04-05  100.120003  100.56  0.44  3.92
30 2024-04-08  100.000000  100.27  0.27  4.19
31 2024-04-09   99.980003  100.27  0.29  4.48
32 2024-04-10   99.959999   98.65 -1.32  3.16
33 2024-04-11  100.000000  101.69  1.69  4.85
34 2024-04-12   99.809998   98.26 -1.55  3.30
35 2024-04-15   99.989998   99.12 -0.87  2.43
36 2024-04-16  100.050003   99.85 -0.20  2.23
37 2024-04-17   99.949997   97.77 -2.18  0.05
38 2024-04-18  100.019997   99.70 -0.32 -0.27
39 2024-04-19  100.059998   98.80 -1.26 -1.53
40 2024-04-22  100.099998  101.57  1.47 -0.06
41 2024-04-23  100.080002  100.61  0.53  0.47
42 2024-04-24  100.019997   99.70 -0.32  0.15
43 2024-04-25   99.879997   99.67 -0.21 -0.06
Mean Absolute Error: 0.98%
Epoch: 300, Final Loss: 0.000129
Norm: 17.52

         date     Predict    True  diff   acc
0  2024-02-23  100.180000  101.42  1.23  1.23
1  2024-02-26   99.980003   99.76 -0.23  1.00
2  2024-02-27   99.940002  100.00  0.06  1.06
3  2024-02-28   99.989998   99.26 -0.73  0.33
4  2024-02-29   99.940002  100.96  1.02  1.35
5  2024-03-01  100.029999  102.43  2.40  3.75
6  2024-03-04   99.989998   99.21 -0.78  2.97
7  2024-03-05   99.809998   99.69 -0.12  2.85
8  2024-03-06   99.959999  101.43  1.47  4.32
9  2024-03-07   99.910004   98.28 -1.63  2.69
10 2024-03-08   99.870003   98.28 -1.60  1.09
11 2024-03-11   99.989998   98.67 -1.33 -0.24
12 2024-03-12  100.129997  101.78  1.65  1.41
13 2024-03-13  100.010002   98.50 -1.51 -0.10
14 2024-03-14   99.989998   99.83 -0.16 -0.26
15 2024-03-15   99.989998  101.15  1.16  0.90
16 2024-03-18  100.019997  101.53  1.51  2.41
17 2024-03-20  100.410004  102.63  2.21  4.62
18 2024-03-21  100.110001  100.95  0.84  5.46
19 2024-03-22   99.870003   99.48 -0.39  5.07
20 2024-03-25   99.930000   99.03 -0.90  4.17
21 2024-03-26   99.989998  100.26  0.27  4.44
22 2024-03-27  100.120003  100.38  0.26  4.70
23 2024-03-28  100.010002   99.83 -0.17  4.53
24 2024-04-01   99.930000   98.98 -0.95  3.58
25 2024-04-02   99.849998   99.02 -0.83  2.75
26 2024-04-03   99.980003  101.26  1.28  4.03
27 2024-04-04   99.779999   97.85 -1.94  2.09
28 2024-04-05  100.110001  100.56  0.45  2.54
29 2024-04-08  100.000000  100.27  0.27  2.81
30 2024-04-09   99.980003  100.27  0.29  3.10
31 2024-04-10   99.970001   98.65 -1.32  1.78
32 2024-04-11  100.000000  101.69  1.70  3.48
33 2024-04-12   99.820000   98.26 -1.56  1.92
34 2024-04-15   99.989998   99.12 -0.87  1.05
35 2024-04-16  100.040001   99.85 -0.19  0.86
36 2024-04-17   99.940002   97.77 -2.18 -1.32
37 2024-04-18  100.019997   99.70 -0.32 -1.64
38 2024-04-19  100.059998   98.80 -1.25 -2.89
39 2024-04-22  100.089996  101.57  1.48 -1.41
40 2024-04-23  100.070000  100.61  0.53 -0.88
41 2024-04-24  100.019997   99.70 -0.32 -1.20
42 2024-04-25   99.889999   99.67 -0.21 -1.41
43 2024-04-29  100.150002  101.52  1.37 -0.04
Mean Absolute Error: 0.98%
Epoch: 318, Final Loss: 0.000130
Norm: 34.13

         date     Predict    True  diff   acc
0  2024-02-26   99.940002   99.76 -0.19 -0.19
1  2024-02-27   99.900002  100.00  0.10 -0.09
2  2024-02-28   99.949997   99.26 -0.69 -0.78
3  2024-02-29   99.910004  100.96  1.06  0.28
4  2024-03-01   99.980003  102.43  2.45  2.73
5  2024-03-04   99.949997   99.21 -0.74  1.99
6  2024-03-05   99.790001   99.69 -0.11  1.88
7  2024-03-06   99.919998  101.43  1.51  3.39
8  2024-03-07   99.879997   98.28 -1.60  1.79
9  2024-03-08   99.849998   98.28 -1.57  0.22
10 2024-03-11   99.949997   98.67 -1.29 -1.07
11 2024-03-12  100.059998  101.78  1.71  0.64
12 2024-03-13   99.959999   98.50 -1.46 -0.82
13 2024-03-14   99.949997   99.83 -0.12 -0.94
14 2024-03-15   99.949997  101.15  1.21  0.27
15 2024-03-18   99.970001  101.53  1.56  1.83
16 2024-03-20  100.300003  102.63  2.32  4.15
17 2024-03-21  100.050003  100.95  0.90  5.05
18 2024-03-22   99.839996   99.48 -0.36  4.69
19 2024-03-25   99.900002   99.03 -0.87  3.82
20 2024-03-26   99.949997  100.26  0.31  4.13
21 2024-03-27  100.059998  100.38  0.32  4.45
22 2024-03-28   99.959999   99.83 -0.13  4.32
23 2024-04-01   99.900002   98.98 -0.92  3.40
24 2024-04-02   99.830002   99.02 -0.81  2.59
25 2024-04-03   99.940002  101.26  1.32  3.91
26 2024-04-04   99.769997   97.85 -1.93  1.98
27 2024-04-05  100.050003  100.56  0.51  2.49
28 2024-04-08   99.949997  100.27  0.31  2.80
29 2024-04-09   99.940002  100.27  0.33  3.13
30 2024-04-10   99.930000   98.65 -1.28  1.85
31 2024-04-11   99.949997  101.69  1.74  3.59
32 2024-04-12   99.800003   98.26 -1.54  2.05
33 2024-04-15   99.949997   99.12 -0.83  1.22
34 2024-04-16   99.989998   99.85 -0.14  1.08
35 2024-04-17   99.910004   97.77 -2.14 -1.06
36 2024-04-18   99.970001   99.70 -0.27 -1.33
37 2024-04-19  100.010002   98.80 -1.20 -2.53
38 2024-04-22  100.029999  101.57  1.54 -0.99
39 2024-04-23  100.019997  100.61  0.59 -0.40
40 2024-04-24   99.970001   99.70 -0.27 -0.67
41 2024-04-25   99.860001   99.67 -0.19 -0.86
42 2024-04-29  100.080002  101.52  1.44  0.58
43 2024-04-30   99.879997   99.28 -0.61 -0.03
Mean Absolute Error: 0.97%
Epoch: 521, Final Loss: 0.000129
Norm: 32.98

         date     Predict    True  diff   acc
0  2024-02-27   99.910004  100.00  0.09  0.09
1  2024-02-28   99.959999   99.26 -0.70 -0.61
2  2024-02-29   99.919998  100.96  1.05  0.44
3  2024-03-01   99.980003  102.43  2.44  2.88
4  2024-03-04   99.959999   99.21 -0.75  2.13
5  2024-03-05   99.820000   99.69 -0.13  2.00
6  2024-03-06   99.930000  101.43  1.50  3.50
7  2024-03-07   99.889999   98.28 -1.61  1.89
8  2024-03-08   99.870003   98.28 -1.59  0.30
9  2024-03-11   99.959999   98.67 -1.29 -0.99
10 2024-03-12  100.059998  101.78  1.71  0.72
11 2024-03-13   99.970001   98.50 -1.47 -0.75
12 2024-03-14   99.959999   99.83 -0.13 -0.88
13 2024-03-15   99.949997  101.15  1.20  0.32
14 2024-03-18   99.980003  101.53  1.55  1.87
15 2024-03-20  100.279999  102.63  2.34  4.21
16 2024-03-21  100.050003  100.95  0.90  5.11
17 2024-03-22   99.860001   99.48 -0.38  4.73
18 2024-03-25   99.910004   99.03 -0.88  3.85
19 2024-03-26   99.959999  100.26  0.31  4.16
20 2024-03-27  100.059998  100.38  0.32  4.48
21 2024-03-28   99.970001   99.83 -0.13  4.35
22 2024-04-01   99.910004   98.98 -0.93  3.42
23 2024-04-02   99.849998   99.02 -0.83  2.59
24 2024-04-03   99.949997  101.26  1.31  3.90
25 2024-04-04   99.790001   97.85 -1.95  1.95
26 2024-04-05  100.050003  100.56  0.51  2.46
27 2024-04-08   99.959999  100.27  0.31  2.77
28 2024-04-09   99.949997  100.27  0.32  3.09
29 2024-04-10   99.940002   98.65 -1.29  1.80
30 2024-04-11   99.959999  101.69  1.73  3.53
31 2024-04-12   99.830002   98.26 -1.56  1.97
32 2024-04-15   99.959999   99.12 -0.84  1.13
33 2024-04-16  100.000000   99.85 -0.15  0.98
34 2024-04-17   99.919998   97.77 -2.15 -1.17
35 2024-04-18   99.980003   99.70 -0.28 -1.45
36 2024-04-19  100.010002   98.80 -1.20 -2.65
37 2024-04-22  100.029999  101.57  1.54 -1.11
38 2024-04-23  100.019997  100.61  0.59 -0.52
39 2024-04-24   99.980003   99.70 -0.28 -0.80
40 2024-04-25   99.870003   99.67 -0.20 -1.00
41 2024-04-29  100.080002  101.52  1.44  0.44
42 2024-04-30   99.900002   99.28 -0.62 -0.18
43 2024-05-01   99.769997   99.92  0.15 -0.03
Mean Absolute Error: 0.97%
Epoch: 640, Final Loss: 0.000130
Norm: 33.76

         date     Predict    True  diff   acc
0  2024-02-28  100.000000   99.26 -0.74 -0.74
1  2024-02-29   99.949997  100.96  1.01  0.27
2  2024-03-01  100.040001  102.43  2.39  2.66
3  2024-03-04  100.000000   99.21 -0.79  1.87
4  2024-03-05   99.820000   99.69 -0.14  1.73
5  2024-03-06   99.970001  101.43  1.46  3.19
6  2024-03-07   99.919998   98.28 -1.64  1.55
7  2024-03-08   99.889999   98.28 -1.61 -0.06
8  2024-03-11  100.000000   98.67 -1.34 -1.40
9  2024-03-12  100.139999  101.78  1.64  0.24
10 2024-03-13  100.019997   98.50 -1.52 -1.28
11 2024-03-14  100.000000   99.83 -0.17 -1.45
12 2024-03-15  100.000000  101.15  1.15 -0.30
13 2024-03-18  100.029999  101.53  1.50  1.20
14 2024-03-20  100.410004  102.63  2.21  3.41
15 2024-03-21  100.110001  100.95  0.83  4.24
16 2024-03-22   99.879997   99.48 -0.40  3.84
17 2024-03-25   99.940002   99.03 -0.91  2.93
18 2024-03-26  100.000000  100.26  0.26  3.19
19 2024-03-27  100.129997  100.38  0.25  3.44
20 2024-03-28  100.019997   99.83 -0.18  3.26
21 2024-04-01   99.940002   98.98 -0.96  2.30
22 2024-04-02   99.860001   99.02 -0.85  1.45
23 2024-04-03   99.989998  101.26  1.27  2.72
24 2024-04-04   99.790001   97.85 -1.95  0.77
25 2024-04-05  100.120003  100.56  0.44  1.21
26 2024-04-08  100.010002  100.27  0.26  1.47
27 2024-04-09   99.989998  100.27  0.28  1.75
28 2024-04-10   99.980003   98.65 -1.33  0.42
29 2024-04-11  100.010002  101.69  1.69  2.11
30 2024-04-12   99.830002   98.26 -1.57  0.54
31 2024-04-15  100.000000   99.12 -0.88 -0.34
32 2024-04-16  100.050003   99.85 -0.20 -0.54
33 2024-04-17   99.959999   97.77 -2.19 -2.73
34 2024-04-18  100.029999   99.70 -0.33 -3.06
35 2024-04-19  100.070000   98.80 -1.26 -4.32
36 2024-04-22  100.099998  101.57  1.47 -2.85
37 2024-04-23  100.080002  100.61  0.52 -2.33
38 2024-04-24  100.029999   99.70 -0.33 -2.66
39 2024-04-25   99.900002   99.67 -0.23 -2.89
40 2024-04-29  100.150002  101.52  1.36 -1.53
41 2024-04-30   99.930000   99.28 -0.65 -2.18
42 2024-05-01   99.769997   99.92  0.16 -2.02
43 2024-05-06  100.260002  102.21  1.95 -0.07
Mean Absolute Error: 1.01%
Epoch: 329, Final Loss: 0.000136
Norm: 49.65

         date     Predict    True  diff   acc
0  2024-02-29   99.949997  100.96  1.02  1.02
1  2024-03-01  100.040001  102.43  2.38  3.40
2  2024-03-04  100.010002   99.21 -0.80  2.60
3  2024-03-05   99.800003   99.69 -0.12  2.48
4  2024-03-06   99.959999  101.43  1.46  3.94
5  2024-03-07   99.919998   98.28 -1.63  2.31
6  2024-03-08   99.870003   98.28 -1.60  0.71
7  2024-03-11  100.010002   98.67 -1.34 -0.63
8  2024-03-12  100.160004  101.78  1.62  0.99
9  2024-03-13  100.019997   98.50 -1.52 -0.53
10 2024-03-14  100.000000   99.83 -0.18 -0.71
11 2024-03-15  100.000000  101.15  1.15  0.44
12 2024-03-18  100.040001  101.53  1.50  1.94
13 2024-03-20  100.470001  102.63  2.15  4.09
14 2024-03-21  100.129997  100.95  0.82  4.91
15 2024-03-22   99.870003   99.48 -0.39  4.52
16 2024-03-25   99.940002   99.03 -0.91  3.61
17 2024-03-26  100.000000  100.26  0.26  3.87
18 2024-03-27  100.150002  100.38  0.23  4.10
19 2024-03-28  100.019997   99.83 -0.19  3.91
20 2024-04-01   99.940002   98.98 -0.96  2.95
21 2024-04-02   99.849998   99.02 -0.83  2.12
22 2024-04-03  100.000000  101.26  1.26  3.38
23 2024-04-04   99.769997   97.85 -1.93  1.45
24 2024-04-05  100.139999  100.56  0.42  1.87
25 2024-04-08  100.010002  100.27  0.26  2.13
26 2024-04-09   99.989998  100.27  0.28  2.41
27 2024-04-10   99.980003   98.65 -1.33  1.08
28 2024-04-11  100.010002  101.69  1.68  2.76
29 2024-04-12   99.820000   98.26 -1.56  1.20
30 2024-04-15  100.000000   99.12 -0.89  0.31
31 2024-04-16  100.059998   99.85 -0.21  0.10
32 2024-04-17   99.949997   97.77 -2.18 -2.08
33 2024-04-18  100.029999   99.70 -0.34 -2.42
34 2024-04-19  100.080002   98.80 -1.27 -3.69
35 2024-04-22  100.110001  101.57  1.45 -2.24
36 2024-04-23  100.099998  100.61  0.51 -1.73
37 2024-04-24  100.029999   99.70 -0.33 -2.06
38 2024-04-25   99.889999   99.67 -0.22 -2.28
39 2024-04-29  100.180000  101.52  1.34 -0.94
40 2024-04-30   99.919998   99.28 -0.64 -1.58
41 2024-05-01   99.739998   99.92  0.19 -1.39
42 2024-05-06  100.290001  102.21  1.92  0.53
43 2024-05-07  100.080002   99.48 -0.60 -0.07
Mean Absolute Error: 1.00%
Epoch: 385, Final Loss: 0.000133
Norm: 42.09

         date     Predict    True  diff   acc
0  2024-03-01   99.989998  102.43  2.44  2.44
1  2024-03-04   99.959999   99.21 -0.75  1.69
2  2024-03-05   99.779999   99.69 -0.09  1.60
3  2024-03-06   99.919998  101.43  1.51  3.11
4  2024-03-07   99.879997   98.28 -1.60  1.51
5  2024-03-08   99.839996   98.28 -1.57 -0.06
6  2024-03-11   99.959999   98.67 -1.29 -1.35
7  2024-03-12  100.089996  101.78  1.69  0.34
8  2024-03-13   99.970001   98.50 -1.47 -1.13
9  2024-03-14   99.949997   99.83 -0.13 -1.26
10 2024-03-15   99.949997  101.15  1.20 -0.06
11 2024-03-18   99.980003  101.53  1.55  1.49
12 2024-03-20  100.360001  102.63  2.26  3.75
13 2024-03-21  100.070000  100.95  0.88  4.63
14 2024-03-22   99.839996   99.48 -0.35  4.28
15 2024-03-25   99.900002   99.03 -0.87  3.41
16 2024-03-26   99.949997  100.26  0.31  3.72
17 2024-03-27  100.080002  100.38  0.30  4.02
18 2024-03-28   99.970001   99.83 -0.14  3.88
19 2024-04-01   99.900002   98.98 -0.92  2.96
20 2024-04-02   99.820000   99.02 -0.80  2.16
21 2024-04-03   99.949997  101.26  1.31  3.47
22 2024-04-04   99.750000   97.85 -1.91  1.56
23 2024-04-05  100.070000  100.56  0.49  2.05
24 2024-04-08   99.959999  100.27  0.31  2.36
25 2024-04-09   99.940002  100.27  0.32  2.68
26 2024-04-10   99.930000   98.65 -1.29  1.39
27 2024-04-11   99.959999  101.69  1.73  3.12
28 2024-04-12   99.790001   98.26 -1.53  1.59
29 2024-04-15   99.949997   99.12 -0.84  0.75
30 2024-04-16  100.010002   99.85 -0.16  0.59
31 2024-04-17   99.910004   97.77 -2.14 -1.55
32 2024-04-18   99.980003   99.70 -0.28 -1.83
33 2024-04-19  100.019997   98.80 -1.21 -3.04
34 2024-04-22  100.050003  101.57  1.52 -1.52
35 2024-04-23  100.040001  100.61  0.57 -0.95
36 2024-04-24   99.980003   99.70 -0.28 -1.23
37 2024-04-25   99.849998   99.67 -0.18 -1.41
38 2024-04-29  100.110001  101.52  1.41  0.00
39 2024-04-30   99.879997   99.28 -0.61 -0.61
40 2024-05-01   99.720001   99.92  0.20 -0.41
41 2024-05-06  100.209999  102.21  2.00  1.59
42 2024-05-07  100.029999   99.48 -0.54  1.05
43 2024-05-08  100.070000   98.96 -1.11 -0.06
Mean Absolute Error: 1.00%
Epoch: 344, Final Loss: 0.000136
Norm: 38.85

         date     Predict    True  diff   acc
0  2024-03-04   99.910004   99.21 -0.70 -0.70
1  2024-03-05   99.739998   99.69 -0.06 -0.76
2  2024-03-06   99.879997  101.43  1.55  0.79
3  2024-03-07   99.839996   98.28 -1.56 -0.77
4  2024-03-08   99.800003   98.28 -1.53 -2.30
5  2024-03-11   99.910004   98.67 -1.25 -3.55
6  2024-03-12  100.029999  101.78  1.74 -1.81
7  2024-03-13   99.930000   98.50 -1.43 -3.24
8  2024-03-14   99.910004   99.83 -0.08 -3.32
9  2024-03-15   99.910004  101.15  1.24 -2.08
10 2024-03-18   99.940002  101.53  1.60 -0.48
11 2024-03-20  100.290001  102.63  2.33  1.85
12 2024-03-21  100.019997  100.95  0.93  2.78
13 2024-03-22   99.800003   99.48 -0.31  2.47
14 2024-03-25   99.860001   99.03 -0.83  1.64
15 2024-03-26   99.910004  100.26  0.35  1.99
16 2024-03-27  100.029999  100.38  0.35  2.34
17 2024-03-28   99.919998   99.83 -0.09  2.25
18 2024-04-01   99.849998   98.98 -0.88  1.37
19 2024-04-02   99.779999   99.02 -0.76  0.61
20 2024-04-03   99.900002  101.26  1.36  1.97
21 2024-04-04   99.720001   97.85 -1.87  0.10
22 2024-04-05  100.019997  100.56  0.54  0.64
23 2024-04-08   99.919998  100.27  0.35  0.99
24 2024-04-09   99.900002  100.27  0.37  1.36
25 2024-04-10   99.889999   98.65 -1.24  0.12
26 2024-04-11   99.910004  101.69  1.78  1.90
27 2024-04-12   99.750000   98.26 -1.49  0.41
28 2024-04-15   99.910004   99.12 -0.79 -0.38
29 2024-04-16   99.959999   99.85 -0.11 -0.49
30 2024-04-17   99.870003   97.77 -2.10 -2.59
31 2024-04-18   99.930000   99.70 -0.24 -2.83
32 2024-04-19   99.970001   98.80 -1.17 -4.00
33 2024-04-22  100.000000  101.57  1.57 -2.43
34 2024-04-23   99.989998  100.61  0.62 -1.81
35 2024-04-24   99.930000   99.70 -0.23 -2.04
36 2024-04-25   99.809998   99.67 -0.14 -2.18
37 2024-04-29  100.050003  101.52  1.47 -0.71
38 2024-04-30   99.839996   99.28 -0.57 -1.28
39 2024-05-01   99.690002   99.92  0.24 -1.04
40 2024-05-06  100.150002  102.21  2.07  1.03
41 2024-05-07   99.980003   99.48 -0.49  0.54
42 2024-05-08  100.019997   98.96 -1.06 -0.52
43 2024-05-09  100.000000  100.48  0.47 -0.05
Mean Absolute Error: 0.95%
Epoch: 405, Final Loss: 0.000124
Norm: 58.26

         date     Predict    True  diff   acc
0  2024-03-05   99.720001   99.69 -0.04 -0.04
1  2024-03-06   99.870003  101.43  1.56  1.52
2  2024-03-07   99.830002   98.28 -1.55 -0.03
3  2024-03-08   99.790001   98.28 -1.52 -1.55
4  2024-03-11   99.910004   98.67 -1.25 -2.80
5  2024-03-12  100.050003  101.78  1.73 -1.07
6  2024-03-13   99.930000   98.50 -1.43 -2.50
7  2024-03-14   99.910004   99.83 -0.08 -2.58
8  2024-03-15   99.910004  101.15  1.25 -1.33
9  2024-03-18   99.940002  101.53  1.59  0.26
10 2024-03-20  100.339996  102.63  2.28  2.54
11 2024-03-21  100.029999  100.95  0.92  3.46
12 2024-03-22   99.779999   99.48 -0.30  3.16
13 2024-03-25   99.849998   99.03 -0.82  2.34
14 2024-03-26   99.910004  100.26  0.35  2.69
15 2024-03-27  100.040001  100.38  0.34  3.03
16 2024-03-28   99.930000   99.83 -0.09  2.94
17 2024-04-01   99.849998   98.98 -0.87  2.07
18 2024-04-02   99.760002   99.02 -0.75  1.32
19 2024-04-03   99.900002  101.26  1.36  2.68
20 2024-04-04   99.690002   97.85 -1.85  0.83
21 2024-04-05  100.040001  100.56  0.53  1.36
22 2024-04-08   99.919998  100.27  0.35  1.71
23 2024-04-09   99.900002  100.27  0.37  2.08
24 2024-04-10   99.879997   98.65 -1.24  0.84
25 2024-04-11   99.910004  101.69  1.78  2.62
26 2024-04-12   99.739998   98.26 -1.48  1.14
27 2024-04-15   99.910004   99.12 -0.79  0.35
28 2024-04-16   99.959999   99.85 -0.11  0.24
29 2024-04-17   99.860001   97.77 -2.10 -1.86
30 2024-04-18   99.930000   99.70 -0.24 -2.10
31 2024-04-19   99.980003   98.80 -1.17 -3.27
32 2024-04-22  100.010002  101.57  1.56 -1.71
33 2024-04-23   99.989998  100.61  0.61 -1.10
34 2024-04-24   99.930000   99.70 -0.24 -1.34
35 2024-04-25   99.800003   99.67 -0.13 -1.47
36 2024-04-29  100.070000  101.52  1.45 -0.02
37 2024-04-30   99.830002   99.28 -0.56 -0.58
38 2024-05-01   99.669998   99.92  0.26 -0.32
39 2024-05-06  100.180000  102.21  2.04  1.72
40 2024-05-07   99.980003   99.48 -0.50  1.22
41 2024-05-08  100.029999   98.96 -1.07  0.15
42 2024-05-09  100.019997  100.48  0.46  0.61
43 2024-05-10   99.970001   99.28 -0.69 -0.08
Mean Absolute Error: 0.95%
Epoch: 303, Final Loss: 0.000122
Norm: 47.40

         date     Predict    True  diff   acc
0  2024-03-06   99.879997  101.43  1.55  1.55
1  2024-03-07   99.839996   98.28 -1.56 -0.01
2  2024-03-08   99.800003   98.28 -1.52 -1.53
3  2024-03-11   99.919998   98.67 -1.25 -2.78
4  2024-03-12  100.059998  101.78  1.72 -1.06
5  2024-03-13   99.930000   98.50 -1.44 -2.50
6  2024-03-14   99.910004   99.83 -0.09 -2.59
7  2024-03-15   99.910004  101.15  1.24 -1.35
8  2024-03-18   99.949997  101.53  1.59  0.24
9  2024-03-20  100.349998  102.63  2.28  2.52
10 2024-03-21  100.029999  100.95  0.91  3.43
11 2024-03-22   99.790001   99.48 -0.31  3.12
12 2024-03-25   99.860001   99.03 -0.83  2.29
13 2024-03-26   99.919998  100.26  0.35  2.64
14 2024-03-27  100.050003  100.38  0.33  2.97
15 2024-03-28   99.930000   99.83 -0.10  2.87
16 2024-04-01   99.849998   98.98 -0.88  1.99
17 2024-04-02   99.769997   99.02 -0.76  1.23
18 2024-04-03   99.910004  101.26  1.35  2.58
19 2024-04-04   99.699997   97.85 -1.86  0.72
20 2024-04-05  100.040001  100.56  0.52  1.24
21 2024-04-08   99.919998  100.27  0.34  1.58
22 2024-04-09   99.900002  100.27  0.36  1.94
23 2024-04-10   99.889999   98.65 -1.25  0.69
24 2024-04-11   99.919998  101.69  1.77  2.46
25 2024-04-12   99.739998   98.26 -1.48  0.98
26 2024-04-15   99.919998   99.12 -0.80  0.18
27 2024-04-16   99.970001   99.85 -0.12  0.06
28 2024-04-17   99.870003   97.77 -2.10 -2.04
29 2024-04-18   99.940002   99.70 -0.25 -2.29
30 2024-04-19   99.980003   98.80 -1.18 -3.47
31 2024-04-22  100.019997  101.57  1.55 -1.92
32 2024-04-23  100.000000  100.61  0.61 -1.31
33 2024-04-24   99.940002   99.70 -0.24 -1.55
34 2024-04-25   99.809998   99.67 -0.14 -1.69
35 2024-04-29  100.080002  101.52  1.44 -0.25
36 2024-04-30   99.839996   99.28 -0.56 -0.81
37 2024-05-01   99.669998   99.92  0.25 -0.56
38 2024-05-06  100.180000  102.21  2.03  1.47
39 2024-05-07   99.989998   99.48 -0.51  0.96
40 2024-05-08  100.040001   98.96 -1.08 -0.12
41 2024-05-09  100.019997  100.48  0.45  0.33
42 2024-05-10   99.980003   99.28 -0.70 -0.37
43 2024-05-13   99.919998  100.20  0.28 -0.09
Mean Absolute Error: 0.95%
Epoch: 304, Final Loss: 0.000123
Norm: 48.99

         date     Predict    True  diff   acc
0  2024-03-07   99.820000   98.28 -1.54 -1.54
1  2024-03-08   99.790001   98.28 -1.51 -3.05
2  2024-03-11   99.910004   98.67 -1.24 -4.29
3  2024-03-12  100.040001  101.78  1.74 -2.55
4  2024-03-13   99.919998   98.50 -1.42 -3.97
5  2024-03-14   99.900002   99.83 -0.08 -4.05
6  2024-03-15   99.900002  101.15  1.25 -2.80
7  2024-03-18   99.930000  101.53  1.60 -1.20
8  2024-03-20  100.320000  102.63  2.30  1.10
9  2024-03-21  100.019997  100.95  0.93  2.03
10 2024-03-22   99.779999   99.48 -0.30  1.73
11 2024-03-25   99.849998   99.03 -0.82  0.91
12 2024-03-26   99.900002  100.26  0.36  1.27
13 2024-03-27  100.040001  100.38  0.34  1.61
14 2024-03-28   99.919998   99.83 -0.09  1.52
15 2024-04-01   99.839996   98.98 -0.87  0.65
16 2024-04-02   99.760002   99.02 -0.75 -0.10
17 2024-04-03   99.900002  101.26  1.36  1.26
18 2024-04-04   99.690002   97.85 -1.85 -0.59
19 2024-04-05  100.029999  100.56  0.54 -0.05
20 2024-04-08   99.910004  100.27  0.36  0.31
21 2024-04-09   99.889999  100.27  0.38  0.69
22 2024-04-10   99.879997   98.65 -1.24 -0.55
23 2024-04-11   99.910004  101.69  1.78  1.23
24 2024-04-12   99.739998   98.26 -1.48 -0.25
25 2024-04-15   99.900002   99.12 -0.79 -1.04
26 2024-04-16   99.959999   99.85 -0.11 -1.15
27 2024-04-17   99.860001   97.77 -2.09 -3.24
28 2024-04-18   99.930000   99.70 -0.23 -3.47
29 2024-04-19   99.970001   98.80 -1.17 -4.64
30 2024-04-22  100.000000  101.57  1.57 -3.07
31 2024-04-23   99.989998  100.61  0.62 -2.45
32 2024-04-24   99.930000   99.70 -0.23 -2.68
33 2024-04-25   99.800003   99.67 -0.13 -2.81
34 2024-04-29  100.059998  101.52  1.46 -1.35
35 2024-04-30   99.830002   99.28 -0.55 -1.90
36 2024-05-01   99.669998   99.92  0.26 -1.64
37 2024-05-06  100.160004  102.21  2.05  0.41
38 2024-05-07   99.980003   99.48 -0.49 -0.08
39 2024-05-08  100.019997   98.96 -1.06 -1.14
40 2024-05-09  100.010002  100.48  0.47 -0.67
41 2024-05-10   99.959999   99.28 -0.68 -1.35
42 2024-05-13   99.910004  100.20  0.29 -1.06
43 2024-05-14   99.959999  100.95  0.99 -0.07
Mean Absolute Error: 0.94%
Epoch: 349, Final Loss: 0.000120
Norm: 68.52

         date     Predict    True  diff   acc
0  2024-03-08   99.830002   98.28 -1.56 -1.56
1  2024-03-11   99.949997   98.67 -1.29 -2.85
2  2024-03-12  100.080002  101.78  1.69 -1.16
3  2024-03-13   99.970001   98.50 -1.47 -2.63
4  2024-03-14   99.949997   99.83 -0.12 -2.75
5  2024-03-15   99.949997  101.15  1.20 -1.55
6  2024-03-18   99.980003  101.53  1.55  0.00
7  2024-03-20  100.360001  102.63  2.26  2.26
8  2024-03-21  100.059998  100.95  0.89  3.15
9  2024-03-22   99.830002   99.48 -0.35  2.80
10 2024-03-25   99.889999   99.03 -0.86  1.94
11 2024-03-26   99.949997  100.26  0.31  2.25
12 2024-03-27  100.080002  100.38  0.30  2.55
13 2024-03-28   99.970001   99.83 -0.13  2.42
14 2024-04-01   99.889999   98.98 -0.91  1.51
15 2024-04-02   99.809998   99.02 -0.79  0.72
16 2024-04-03   99.940002  101.26  1.32  2.04
17 2024-04-04   99.739998   97.85 -1.90  0.14
18 2024-04-05  100.070000  100.56  0.49  0.63
19 2024-04-08   99.959999  100.27  0.31  0.94
20 2024-04-09   99.940002  100.27  0.33  1.27
21 2024-04-10   99.930000   98.65 -1.28 -0.01
22 2024-04-11   99.949997  101.69  1.74  1.73
23 2024-04-12   99.779999   98.26 -1.52  0.21
24 2024-04-15   99.949997   99.12 -0.83 -0.62
25 2024-04-16  100.000000   99.85 -0.15 -0.77
26 2024-04-17   99.900002   97.77 -2.14 -2.91
27 2024-04-18   99.970001   99.70 -0.28 -3.19
28 2024-04-19  100.010002   98.80 -1.21 -4.40
29 2024-04-22  100.050003  101.57  1.52 -2.88
30 2024-04-23  100.029999  100.61  0.58 -2.30
31 2024-04-24   99.970001   99.70 -0.28 -2.58
32 2024-04-25   99.849998   99.67 -0.17 -2.75
33 2024-04-29  100.099998  101.52  1.42 -1.33
34 2024-04-30   99.879997   99.28 -0.60 -1.93
35 2024-05-01   99.709999   99.92  0.21 -1.72
36 2024-05-06  100.199997  102.21  2.01  0.29
37 2024-05-07  100.019997   99.48 -0.54 -0.25
38 2024-05-08  100.070000   98.96 -1.11 -1.36
39 2024-05-09  100.050003  100.48  0.42 -0.94
40 2024-05-10  100.010002   99.28 -0.73 -1.67
41 2024-05-13   99.959999  100.20  0.24 -1.43
42 2024-05-14  100.000000  100.95  0.95 -0.48
43 2024-05-15   99.930000  100.35  0.42 -0.06
Mean Absolute Error: 0.92%
Epoch: 334, Final Loss: 0.000115
Norm: 57.48

         date     Predict    True  diff   acc
0  2024-03-11   99.980003   98.67 -1.31 -1.31
1  2024-03-12  100.110001  101.78  1.67  0.36
2  2024-03-13   99.989998   98.50 -1.49 -1.13
3  2024-03-14   99.970001   99.83 -0.15 -1.28
4  2024-03-15   99.970001  101.15  1.18 -0.10
5  2024-03-18  100.000000  101.53  1.53  1.43
6  2024-03-20  100.379997  102.63  2.24  3.67
7  2024-03-21  100.089996  100.95  0.86  4.53
8  2024-03-22   99.860001   99.48 -0.37  4.16
9  2024-03-25   99.919998   99.03 -0.89  3.27
10 2024-03-26   99.980003  100.26  0.29  3.56
11 2024-03-27  100.099998  100.38  0.28  3.84
12 2024-03-28   99.989998   99.83 -0.16  3.68
13 2024-04-01   99.919998   98.98 -0.94  2.74
14 2024-04-02   99.839996   99.02 -0.82  1.92
15 2024-04-03   99.970001  101.26  1.29  3.21
16 2024-04-04   99.769997   97.85 -1.93  1.28
17 2024-04-05  100.099998  100.56  0.47  1.75
18 2024-04-08   99.980003  100.27  0.28  2.03
19 2024-04-09   99.959999  100.27  0.30  2.33
20 2024-04-10   99.949997   98.65 -1.31  1.02
21 2024-04-11   99.980003  101.69  1.71  2.73
22 2024-04-12   99.809998   98.26 -1.55  1.18
23 2024-04-15   99.980003   99.12 -0.86  0.32
24 2024-04-16  100.029999   99.85 -0.18  0.14
25 2024-04-17   99.930000   97.77 -2.16 -2.02
26 2024-04-18  100.000000   99.70 -0.30 -2.32
27 2024-04-19  100.040001   98.80 -1.24 -3.56
28 2024-04-22  100.070000  101.57  1.50 -2.06
29 2024-04-23  100.059998  100.61  0.55 -1.51
30 2024-04-24  100.000000   99.70 -0.30 -1.81
31 2024-04-25   99.870003   99.67 -0.20 -2.01
32 2024-04-29  100.129997  101.52  1.39 -0.62
33 2024-04-30   99.900002   99.28 -0.63 -1.25
34 2024-05-01   99.739998   99.92  0.18 -1.07
35 2024-05-06  100.230003  102.21  1.98  0.91
36 2024-05-07  100.050003   99.48 -0.56  0.35
37 2024-05-08  100.089996   98.96 -1.13 -0.78
38 2024-05-09  100.080002  100.48  0.40 -0.38
39 2024-05-10  100.029999   99.28 -0.76 -1.14
40 2024-05-13   99.980003  100.20  0.22 -0.92
41 2024-05-14  100.029999  100.95  0.92  0.00
42 2024-05-15   99.959999  100.35  0.39  0.39
43 2024-05-16  100.000000   99.58 -0.42 -0.03
Mean Absolute Error: 0.89%
Epoch: 349, Final Loss: 0.000111
Norm: 43.63

         date     Predict    True  diff   acc
0  2024-03-12  100.139999  101.78  1.64  1.64
1  2024-03-13  100.029999   98.50 -1.53  0.11
2  2024-03-14  100.019997   99.83 -0.19 -0.08
3  2024-03-15  100.010002  101.15  1.14  1.06
4  2024-03-18  100.040001  101.53  1.49  2.55
5  2024-03-20  100.389999  102.63  2.23  4.78
6  2024-03-21  100.120003  100.95  0.83  5.61
7  2024-03-22   99.910004   99.48 -0.42  5.19
8  2024-03-25   99.970001   99.03 -0.93  4.26
9  2024-03-26  100.019997  100.26  0.25  4.51
10 2024-03-27  100.129997  100.38  0.25  4.76
11 2024-03-28  100.029999   99.83 -0.20  4.56
12 2024-04-01   99.959999   98.98 -0.98  3.58
13 2024-04-02   99.889999   99.02 -0.87  2.71
14 2024-04-03  100.010002  101.26  1.25  3.96
15 2024-04-04   99.830002   97.85 -1.98  1.98
16 2024-04-05  100.129997  100.56  0.44  2.42
17 2024-04-08  100.019997  100.27  0.24  2.66
18 2024-04-09  100.010002  100.27  0.26  2.92
19 2024-04-10  100.000000   98.65 -1.35  1.57
20 2024-04-11  100.019997  101.69  1.67  3.24
21 2024-04-12   99.870003   98.26 -1.60  1.64
22 2024-04-15  100.019997   99.12 -0.90  0.74
23 2024-04-16  100.059998   99.85 -0.21  0.53
24 2024-04-17   99.980003   97.77 -2.21 -1.68
25 2024-04-18  100.040001   99.70 -0.34 -2.02
26 2024-04-19  100.080002   98.80 -1.27 -3.29
27 2024-04-22  100.110001  101.57  1.46 -1.83
28 2024-04-23  100.089996  100.61  0.52 -1.31
29 2024-04-24  100.040001   99.70 -0.34 -1.65
30 2024-04-25   99.919998   99.67 -0.25 -1.90
31 2024-04-29  100.160004  101.52  1.36 -0.54
32 2024-04-30   99.949997   99.28 -0.67 -1.21
33 2024-05-01   99.800003   99.92  0.12 -1.09
34 2024-05-06  100.250000  102.21  1.96  0.87
35 2024-05-07  100.080002   99.48 -0.60  0.27
36 2024-05-08  100.120003   98.96 -1.16 -0.89
37 2024-05-09  100.110001  100.48  0.37 -0.52
38 2024-05-10  100.070000   99.28 -0.79 -1.31
39 2024-05-13  100.019997  100.20  0.18 -1.13
40 2024-05-14  100.070000  100.95  0.88 -0.25
41 2024-05-15  100.000000  100.35  0.35  0.10
42 2024-05-16  100.040001   99.58 -0.46 -0.36
43 2024-05-17  100.070000  100.42  0.35 -0.01
Mean Absolute Error: 0.87%
Epoch: 441, Final Loss: 0.000108
Norm: 36.85

         date     Predict    True  diff   acc
0  2024-03-13  100.029999   98.50 -1.53 -1.53
1  2024-03-14  100.010002   99.83 -0.18 -1.71
2  2024-03-15  100.010002  101.15  1.14 -0.57
3  2024-03-18  100.040001  101.53  1.49  0.92
4  2024-03-20  100.419998  102.63  2.20  3.12
5  2024-03-21  100.120003  100.95  0.83  3.95
6  2024-03-22   99.889999   99.48 -0.41  3.54
7  2024-03-25   99.949997   99.03 -0.92  2.62
8  2024-03-26  100.010002  100.26  0.25  2.87
9  2024-03-27  100.139999  100.38  0.24  3.11
10 2024-03-28  100.019997   99.83 -0.19  2.92
11 2024-04-01   99.949997   98.98 -0.97  1.95
12 2024-04-02   99.870003   99.02 -0.85  1.10
13 2024-04-03  100.000000  101.26  1.26  2.36
14 2024-04-04   99.800003   97.85 -1.96  0.40
15 2024-04-05  100.129997  100.56  0.43  0.83
16 2024-04-08  100.019997  100.27  0.25  1.08
17 2024-04-09  100.000000  100.27  0.27  1.35
18 2024-04-10   99.989998   98.65 -1.34  0.01
19 2024-04-11  100.010002  101.69  1.68  1.69
20 2024-04-12   99.839996   98.26 -1.58  0.11
21 2024-04-15  100.010002   99.12 -0.89 -0.78
22 2024-04-16  100.059998   99.85 -0.21 -0.99
23 2024-04-17   99.959999   97.77 -2.20 -3.19
24 2024-04-18  100.029999   99.70 -0.34 -3.53
25 2024-04-19  100.070000   98.80 -1.27 -4.80
26 2024-04-22  100.110001  101.57  1.46 -3.34
27 2024-04-23  100.089996  100.61  0.52 -2.82
28 2024-04-24  100.029999   99.70 -0.34 -3.16
29 2024-04-25   99.910004   99.67 -0.23 -3.39
30 2024-04-29  100.160004  101.52  1.36 -2.03
31 2024-04-30   99.930000   99.28 -0.66 -2.69
32 2024-05-01   99.769997   99.92  0.15 -2.54
33 2024-05-06  100.260002  102.21  1.95 -0.59
34 2024-05-07  100.080002   99.48 -0.60 -1.19
35 2024-05-08  100.129997   98.96 -1.17 -2.36
36 2024-05-09  100.110001  100.48  0.36 -2.00
37 2024-05-10  100.070000   99.28 -0.79 -2.79
38 2024-05-13  100.019997  100.20  0.18 -2.61
39 2024-05-14  100.059998  100.95  0.89 -1.72
40 2024-05-15   99.989998  100.35  0.36 -1.36
41 2024-05-16  100.029999   99.58 -0.45 -1.81
42 2024-05-17  100.070000  100.42  0.35 -1.46
43 2024-05-20   99.989998  101.38  1.39 -0.07
Mean Absolute Error: 0.87%
Epoch: 335, Final Loss: 0.000105
Norm: 54.06

         date     Predict    True  diff   acc
0  2024-03-14  100.019997   99.83 -0.20 -0.20
1  2024-03-15  100.019997  101.15  1.13  0.93
2  2024-03-18  100.050003  101.53  1.48  2.41
3  2024-03-20  100.389999  102.63  2.23  4.64
4  2024-03-21  100.120003  100.95  0.82  5.46
5  2024-03-22   99.919998   99.48 -0.43  5.03
6  2024-03-25   99.970001   99.03 -0.94  4.09
7  2024-03-26  100.019997  100.26  0.24  4.33
8  2024-03-27  100.139999  100.38  0.24  4.57
9  2024-03-28  100.040001   99.83 -0.20  4.37
10 2024-04-01   99.970001   98.98 -0.99  3.38
11 2024-04-02   99.900002   99.02 -0.88  2.50
12 2024-04-03  100.019997  101.26  1.24  3.74
13 2024-04-04   99.839996   97.85 -1.99  1.75
14 2024-04-05  100.129997  100.56  0.43  2.18
15 2024-04-08  100.029999  100.27  0.24  2.42
16 2024-04-09  100.010002  100.27  0.25  2.67
17 2024-04-10  100.000000   98.65 -1.36  1.31
18 2024-04-11  100.029999  101.69  1.66  2.97
19 2024-04-12   99.879997   98.26 -1.61  1.36
20 2024-04-15  100.019997   99.12 -0.91  0.45
21 2024-04-16  100.070000   99.85 -0.22  0.23
22 2024-04-17   99.980003   97.77 -2.21 -1.98
23 2024-04-18  100.040001   99.70 -0.35 -2.33
24 2024-04-19  100.080002   98.80 -1.27 -3.60
25 2024-04-22  100.110001  101.57  1.46 -2.14
26 2024-04-23  100.099998  100.61  0.51 -1.63
27 2024-04-24  100.040001   99.70 -0.35 -1.98
28 2024-04-25   99.930000   99.67 -0.26 -2.24
29 2024-04-29  100.160004  101.52  1.36 -0.88
30 2024-04-30   99.959999   99.28 -0.68 -1.56
31 2024-05-01   99.809998   99.92  0.11 -1.45
32 2024-05-06  100.250000  102.21  1.96  0.51
33 2024-05-07  100.089996   99.48 -0.60 -0.09
34 2024-05-08  100.129997   98.96 -1.17 -1.26
35 2024-05-09  100.110001  100.48  0.36 -0.90
36 2024-05-10  100.070000   99.28 -0.80 -1.70
37 2024-05-13  100.029999  100.20  0.17 -1.53
38 2024-05-14  100.070000  100.95  0.88 -0.65
39 2024-05-15  100.010002  100.35  0.34 -0.31
40 2024-05-16  100.050003   99.58 -0.47 -0.78
41 2024-05-17  100.080002  100.42  0.35 -0.43
42 2024-05-20  100.010002  101.38  1.38  0.95
43 2024-05-21  100.029999   99.00 -1.03 -0.08
Mean Absolute Error: 0.86%
Epoch: 496, Final Loss: 0.000104
Norm: 38.85

         date     Predict    True  diff   acc
0  2024-03-15  100.019997  101.15  1.13  1.13
1  2024-03-18  100.050003  101.53  1.48  2.61
2  2024-03-20  100.470001  102.63  2.15  4.76
3  2024-03-21  100.150002  100.95  0.80  5.56
4  2024-03-22   99.889999   99.48 -0.41  5.15
5  2024-03-25   99.959999   99.03 -0.93  4.22
6  2024-03-26  100.019997  100.26  0.24  4.46
7  2024-03-27  100.160004  100.38  0.22  4.68
8  2024-03-28  100.040001   99.83 -0.21  4.47
9  2024-04-01   99.959999   98.98 -0.98  3.49
10 2024-04-02   99.870003   99.02 -0.85  2.64
11 2024-04-03  100.019997  101.26  1.24  3.88
12 2024-04-04   99.800003   97.85 -1.95  1.93
13 2024-04-05  100.150002  100.56  0.41  2.34
14 2024-04-08  100.029999  100.27  0.24  2.58
15 2024-04-09  100.010002  100.27  0.26  2.84
16 2024-04-10  100.000000   98.65 -1.35  1.49
17 2024-04-11  100.029999  101.69  1.66  3.15
18 2024-04-12   99.839996   98.26 -1.58  1.57
19 2024-04-15  100.019997   99.12 -0.91  0.66
20 2024-04-16  100.080002   99.85 -0.23  0.43
21 2024-04-17   99.970001   97.77 -2.20 -1.77
22 2024-04-18  100.050003   99.70 -0.35 -2.12
23 2024-04-19  100.089996   98.80 -1.29 -3.41
24 2024-04-22  100.129997  101.57  1.44 -1.97
25 2024-04-23  100.110001  100.61  0.50 -1.47
26 2024-04-24  100.050003   99.70 -0.35 -1.82
27 2024-04-25   99.910004   99.67 -0.24 -2.06
28 2024-04-29  100.190002  101.52  1.33 -0.73
29 2024-04-30   99.940002   99.28 -0.67 -1.40
30 2024-05-01   99.769997   99.92  0.16 -1.24
31 2024-05-06  100.300003  102.21  1.91  0.67
32 2024-05-07  100.099998   99.48 -0.62  0.05
33 2024-05-08  100.150002   98.96 -1.19 -1.14
34 2024-05-09  100.129997  100.48  0.34 -0.80
35 2024-05-10  100.089996   99.28 -0.81 -1.61
36 2024-05-13  100.029999  100.20  0.17 -1.44
37 2024-05-14  100.080002  100.95  0.87 -0.57
38 2024-05-15  100.000000  100.35  0.34 -0.23
39 2024-05-16  100.050003   99.58 -0.47 -0.70
40 2024-05-17  100.089996  100.42  0.33 -0.37
41 2024-05-20  100.000000  101.38  1.38  1.01
42 2024-05-21  100.029999   99.00 -1.03 -0.02
43 2024-05-22  100.000000   99.98 -0.02 -0.04
Mean Absolute Error: 0.85%
Epoch: 336, Final Loss: 0.000101
Norm: 37.57

         date     Predict    True  diff   acc
0  2024-03-18  100.000000  101.53  1.53  1.53
1  2024-03-20  100.349998  102.63  2.28  3.81
2  2024-03-21  100.080002  100.95  0.87  4.68
3  2024-03-22   99.870003   99.48 -0.39  4.29
4  2024-03-25   99.930000   99.03 -0.90  3.39
5  2024-03-26   99.980003  100.26  0.29  3.68
6  2024-03-27  100.089996  100.38  0.29  3.97
7  2024-03-28   99.989998   99.83 -0.16  3.81
8  2024-04-01   99.919998   98.98 -0.95  2.86
9  2024-04-02   99.849998   99.02 -0.84  2.02
10 2024-04-03   99.970001  101.26  1.29  3.31
11 2024-04-04   99.790001   97.85 -1.95  1.36
12 2024-04-05  100.089996  100.56  0.48  1.84
13 2024-04-08   99.980003  100.27  0.28  2.12
14 2024-04-09   99.970001  100.27  0.30  2.42
15 2024-04-10   99.959999   98.65 -1.31  1.11
16 2024-04-11   99.980003  101.69  1.71  2.82
17 2024-04-12   99.830002   98.26 -1.57  1.25
18 2024-04-15   99.980003   99.12 -0.86  0.39
19 2024-04-16  100.019997   99.85 -0.17  0.22
20 2024-04-17   99.940002   97.77 -2.17 -1.95
21 2024-04-18  100.000000   99.70 -0.30 -2.25
22 2024-04-19  100.040001   98.80 -1.23 -3.48
23 2024-04-22  100.070000  101.57  1.50 -1.98
24 2024-04-23  100.050003  100.61  0.56 -1.42
25 2024-04-24  100.000000   99.70 -0.30 -1.72
26 2024-04-25   99.879997   99.67 -0.21 -1.93
27 2024-04-29  100.110001  101.52  1.40 -0.53
28 2024-04-30   99.910004   99.28 -0.64 -1.17
29 2024-05-01   99.769997   99.92  0.16 -1.01
30 2024-05-06  100.209999  102.21  2.01  1.00
31 2024-05-07  100.040001   99.48 -0.56  0.44
32 2024-05-08  100.080002   98.96 -1.12 -0.68
33 2024-05-09  100.070000  100.48  0.41 -0.27
34 2024-05-10  100.029999   99.28 -0.75 -1.02
35 2024-05-13   99.989998  100.20  0.22 -0.80
36 2024-05-14  100.029999  100.95  0.92  0.12
37 2024-05-15   99.959999  100.35  0.39  0.51
38 2024-05-16  100.000000   99.58 -0.42  0.09
39 2024-05-17  100.029999  100.42  0.39  0.48
40 2024-05-20   99.959999  101.38  1.42  1.90
41 2024-05-21   99.989998   99.00 -0.99  0.91
42 2024-05-22   99.959999   99.98  0.02  0.93
43 2024-05-23   99.809998   98.84 -0.97 -0.04
Mean Absolute Error: 0.85%
Epoch: 461, Final Loss: 0.000103
Norm: 42.16

         date     Predict    True  diff   acc
0  2024-03-20  100.330002  102.63  2.29  2.29
1  2024-03-21  100.059998  100.95  0.88  3.17
2  2024-03-22   99.849998   99.48 -0.37  2.80
3  2024-03-25   99.910004   99.03 -0.88  1.92
4  2024-03-26   99.959999  100.26  0.30  2.22
5  2024-03-27  100.080002  100.38  0.30  2.52
6  2024-03-28   99.980003   99.83 -0.14  2.38
7  2024-04-01   99.910004   98.98 -0.93  1.45
8  2024-04-02   99.839996   99.02 -0.82  0.63
9  2024-04-03   99.959999  101.26  1.30  1.93
10 2024-04-04   99.779999   97.85 -1.93  0.00
11 2024-04-05  100.070000  100.56  0.49  0.49
12 2024-04-08   99.970001  100.27  0.30  0.79
13 2024-04-09   99.949997  100.27  0.32  1.11
14 2024-04-10   99.940002   98.65 -1.30 -0.19
15 2024-04-11   99.970001  101.69  1.72  1.53
16 2024-04-12   99.809998   98.26 -1.55 -0.02
17 2024-04-15   99.959999   99.12 -0.85 -0.87
18 2024-04-16  100.010002   99.85 -0.16 -1.03
19 2024-04-17   99.919998   97.77 -2.15 -3.18
20 2024-04-18   99.980003   99.70 -0.29 -3.47
21 2024-04-19  100.019997   98.80 -1.22 -4.69
22 2024-04-22  100.050003  101.57  1.52 -3.17
23 2024-04-23  100.040001  100.61  0.57 -2.60
24 2024-04-24   99.980003   99.70 -0.29 -2.89
25 2024-04-25   99.870003   99.67 -0.20 -3.09
26 2024-04-29  100.099998  101.52  1.42 -1.67
27 2024-04-30   99.900002   99.28 -0.62 -2.29
28 2024-05-01   99.750000   99.92  0.17 -2.12
29 2024-05-06  100.190002  102.21  2.02 -0.10
30 2024-05-07  100.029999   99.48 -0.54 -0.64
31 2024-05-08  100.070000   98.96 -1.11 -1.75
32 2024-05-09  100.050003  100.48  0.42 -1.33
33 2024-05-10  100.010002   99.28 -0.74 -2.07
34 2024-05-13   99.970001  100.20  0.23 -1.84
35 2024-05-14  100.010002  100.95  0.94 -0.90
36 2024-05-15   99.949997  100.35  0.40 -0.50
37 2024-05-16   99.989998   99.58 -0.41 -0.91
38 2024-05-17  100.019997  100.42  0.41 -0.50
39 2024-05-20   99.949997  101.38  1.44  0.94
40 2024-05-21   99.970001   99.00 -0.97 -0.03
41 2024-05-22   99.940002   99.98  0.03  0.00
42 2024-05-23   99.800003   98.84 -0.95 -0.95
43 2024-05-24   99.970001  100.85  0.88 -0.07
Mean Absolute Error: 0.84%
Epoch: 481, Final Loss: 0.000100
Norm: 58.78

         date     Predict    True  diff   acc
0  2024-03-21  100.019997  100.95  0.93  0.93
1  2024-03-22   99.809998   99.48 -0.33  0.60
2  2024-03-25   99.870003   99.03 -0.84 -0.24
3  2024-03-26   99.919998  100.26  0.34  0.10
4  2024-03-27  100.029999  100.38  0.35  0.45
5  2024-03-28   99.930000   99.83 -0.10  0.35
6  2024-04-01   99.870003   98.98 -0.89 -0.54
7  2024-04-02   99.800003   99.02 -0.78 -1.32
8  2024-04-03   99.910004  101.26  1.35  0.03
9  2024-04-04   99.739998   97.85 -1.90 -1.87
10 2024-04-05  100.019997  100.56  0.54 -1.33
11 2024-04-08   99.919998  100.27  0.34 -0.99
12 2024-04-09   99.910004  100.27  0.36 -0.63
13 2024-04-10   99.900002   98.65 -1.25 -1.88
14 2024-04-11   99.919998  101.69  1.77 -0.11
15 2024-04-12   99.779999   98.26 -1.52 -1.63
16 2024-04-15   99.919998   99.12 -0.80 -2.43
17 2024-04-16   99.959999   99.85 -0.11 -2.54
18 2024-04-17   99.879997   97.77 -2.11 -4.65
19 2024-04-18   99.940002   99.70 -0.24 -4.89
20 2024-04-19   99.970001   98.80 -1.17 -6.06
21 2024-04-22  100.000000  101.57  1.57 -4.49
22 2024-04-23   99.989998  100.61  0.62 -3.87
23 2024-04-24   99.940002   99.70 -0.24 -4.11
24 2024-04-25   99.830002   99.67 -0.16 -4.27
25 2024-04-29  100.050003  101.52  1.47 -2.80
26 2024-04-30   99.860001   99.28 -0.58 -3.38
27 2024-05-01   99.720001   99.92  0.21 -3.17
28 2024-05-06  100.129997  102.21  2.08 -1.09
29 2024-05-07   99.980003   99.48 -0.50 -1.59
30 2024-05-08  100.019997   98.96 -1.06 -2.65
31 2024-05-09  100.010002  100.48  0.47 -2.18
32 2024-05-10   99.970001   99.28 -0.69 -2.87
33 2024-05-13   99.930000  100.20  0.28 -2.59
34 2024-05-14   99.959999  100.95  0.99 -1.60
35 2024-05-15   99.900002  100.35  0.45 -1.15
36 2024-05-16   99.940002   99.58 -0.36 -1.51
37 2024-05-17   99.970001  100.42  0.45 -1.06
38 2024-05-20   99.900002  101.38  1.48  0.42
39 2024-05-21   99.930000   99.00 -0.93 -0.51
40 2024-05-22   99.900002   99.98  0.07 -0.44
41 2024-05-23   99.760002   98.84 -0.92 -1.36
42 2024-05-24   99.919998  100.85  0.92 -0.44
43 2024-05-28   99.870003  100.27  0.41 -0.03
Mean Absolute Error: 0.79%
Epoch: 527, Final Loss: 0.000089
Norm: 86.27

         date     Predict    True  diff   acc
0  2024-03-22   99.720001   99.48 -0.24 -0.24
1  2024-03-25   99.790001   99.03 -0.76 -1.00
2  2024-03-26   99.849998  100.26  0.41 -0.59
3  2024-03-27   99.989998  100.38  0.39 -0.20
4  2024-03-28   99.870003   99.83 -0.04 -0.24
5  2024-04-01   99.790001   98.98 -0.81 -1.05
6  2024-04-02   99.699997   99.02 -0.69 -1.74
7  2024-04-03   99.849998  101.26  1.41 -0.33
8  2024-04-04   99.629997   97.85 -1.79 -2.12
9  2024-04-05   99.980003  100.56  0.58 -1.54
10 2024-04-08   99.860001  100.27  0.41 -1.13
11 2024-04-09   99.839996  100.27  0.43 -0.70
12 2024-04-10   99.830002   98.65 -1.19 -1.89
13 2024-04-11   99.860001  101.69  1.83 -0.06
14 2024-04-12   99.680000   98.26 -1.42 -1.48
15 2024-04-15   99.849998   99.12 -0.74 -2.22
16 2024-04-16   99.910004   99.85 -0.06 -2.28
17 2024-04-17   99.809998   97.77 -2.04 -4.32
18 2024-04-18   99.879997   99.70 -0.19 -4.51
19 2024-04-19   99.919998   98.80 -1.12 -5.63
20 2024-04-22   99.959999  101.57  1.61 -4.02
21 2024-04-23   99.940002  100.61  0.67 -3.35
22 2024-04-24   99.879997   99.70 -0.18 -3.53
23 2024-04-25   99.739998   99.67 -0.07 -3.60
24 2024-04-29  100.019997  101.52  1.50 -2.10
25 2024-04-30   99.779999   99.28 -0.50 -2.60
26 2024-05-01   99.599998   99.92  0.32 -2.28
27 2024-05-06  100.129997  102.21  2.09 -0.19
28 2024-05-07   99.930000   99.48 -0.45 -0.64
29 2024-05-08   99.980003   98.96 -1.02 -1.66
30 2024-05-09   99.959999  100.48  0.51 -1.15
31 2024-05-10   99.919998   99.28 -0.64 -1.79
32 2024-05-13   99.860001  100.20  0.34 -1.45
33 2024-05-14   99.910004  100.95  1.04 -0.41
34 2024-05-15   99.830002  100.35  0.51  0.10
35 2024-05-16   99.879997   99.58 -0.30 -0.20
36 2024-05-17   99.919998  100.42  0.50  0.30
37 2024-05-20   99.839996  101.38  1.55  1.85
38 2024-05-21   99.870003   99.00 -0.87  0.98
39 2024-05-22   99.830002   99.98  0.14  1.12
40 2024-05-23   99.650002   98.84 -0.81  0.31
41 2024-05-24   99.860001  100.85  0.99  1.30
42 2024-05-28   99.790001  100.27  0.49  1.79
43 2024-05-29   99.750000   97.93 -1.82 -0.03
Mean Absolute Error: 0.81%
Epoch: 321, Final Loss: 0.000093
Norm: 74.87

         date     Predict    True  diff   acc
0  2024-03-25   99.820000   99.03 -0.79 -0.79
1  2024-03-26   99.870003  100.26  0.39 -0.40
2  2024-03-27  100.000000  100.38  0.38 -0.02
3  2024-03-28   99.889999   99.83 -0.05 -0.07
4  2024-04-01   99.809998   98.98 -0.83 -0.90
5  2024-04-02   99.730003   99.02 -0.72 -1.62
6  2024-04-03   99.860001  101.26  1.40 -0.22
7  2024-04-04   99.669998   97.85 -1.83 -2.05
8  2024-04-05   99.989998  100.56  0.57 -1.48
9  2024-04-08   99.879997  100.27  0.39 -1.09
10 2024-04-09   99.860001  100.27  0.41 -0.68
11 2024-04-10   99.849998   98.65 -1.20 -1.88
12 2024-04-11   99.879997  101.69  1.82 -0.06
13 2024-04-12   99.709999   98.26 -1.45 -1.51
14 2024-04-15   99.870003   99.12 -0.75 -2.26
15 2024-04-16   99.919998   99.85 -0.07 -2.33
16 2024-04-17   99.830002   97.77 -2.06 -4.39
17 2024-04-18   99.889999   99.70 -0.20 -4.59
18 2024-04-19   99.930000   98.80 -1.13 -5.72
19 2024-04-22   99.970001  101.57  1.60 -4.12
20 2024-04-23   99.949997  100.61  0.66 -3.46
21 2024-04-24   99.889999   99.70 -0.20 -3.66
22 2024-04-25   99.769997   99.67 -0.10 -3.76
23 2024-04-29  100.019997  101.52  1.50 -2.26
24 2024-04-30   99.800003   99.28 -0.52 -2.78
25 2024-05-01   99.639999   99.92  0.29 -2.49
26 2024-05-06  100.120003  102.21  2.09 -0.40
27 2024-05-07   99.940002   99.48 -0.46 -0.86
28 2024-05-08   99.989998   98.96 -1.03 -1.89
29 2024-05-09   99.970001  100.48  0.51 -1.38
30 2024-05-10   99.930000   99.28 -0.65 -2.03
31 2024-05-13   99.879997  100.20  0.32 -1.71
32 2024-05-14   99.919998  100.95  1.03 -0.68
33 2024-05-15   99.849998  100.35  0.50 -0.18
34 2024-05-16   99.900002   99.58 -0.32 -0.50
35 2024-05-17   99.930000  100.42  0.49 -0.01
36 2024-05-20   99.849998  101.38  1.53  1.52
37 2024-05-21   99.879997   99.00 -0.88  0.64
38 2024-05-22   99.849998   99.98  0.13  0.77
39 2024-05-23   99.690002   98.84 -0.85 -0.08
40 2024-05-24   99.879997  100.85  0.97  0.89
41 2024-05-28   99.809998  100.27  0.46  1.35
42 2024-05-29   99.769997   97.93 -1.85 -0.50
43 2024-05-30   99.690002  100.13  0.43 -0.07
Mean Absolute Error: 0.81%
Epoch: 351, Final Loss: 0.000094
Norm: 78.04

         date     Predict    True  diff   acc
0  2024-03-26   99.919998  100.26  0.34  0.34
1  2024-03-27  100.050003  100.38  0.33  0.67
2  2024-03-28   99.940002   99.83 -0.10  0.57
3  2024-04-01   99.860001   98.98 -0.89 -0.32
4  2024-04-02   99.790001   99.02 -0.77 -1.09
5  2024-04-03   99.919998  101.26  1.34  0.25
6  2024-04-04   99.720001   97.85 -1.88 -1.63
7  2024-04-05  100.040001  100.56  0.52 -1.11
8  2024-04-08   99.930000  100.27  0.34 -0.77
9  2024-04-09   99.910004  100.27  0.36 -0.41
10 2024-04-10   99.900002   98.65 -1.26 -1.67
11 2024-04-11   99.930000  101.69  1.76  0.09
12 2024-04-12   99.760002   98.26 -1.50 -1.41
13 2024-04-15   99.919998   99.12 -0.81 -2.22
14 2024-04-16   99.980003   99.85 -0.12 -2.34
15 2024-04-17   99.879997   97.77 -2.11 -4.45
16 2024-04-18   99.949997   99.70 -0.25 -4.70
17 2024-04-19   99.989998   98.80 -1.18 -5.88
18 2024-04-22  100.019997  101.57  1.55 -4.33
19 2024-04-23  100.000000  100.61  0.60 -3.73
20 2024-04-24   99.949997   99.70 -0.25 -3.98
21 2024-04-25   99.820000   99.67 -0.15 -4.13
22 2024-04-29  100.070000  101.52  1.45 -2.68
23 2024-04-30   99.849998   99.28 -0.58 -3.26
24 2024-05-01   99.690002   99.92  0.23 -3.03
25 2024-05-06  100.169998  102.21  2.04 -0.99
26 2024-05-07   99.989998   99.48 -0.51 -1.50
27 2024-05-08  100.040001   98.96 -1.08 -2.58
28 2024-05-09  100.019997  100.48  0.45 -2.13
29 2024-05-10   99.980003   99.28 -0.70 -2.83
30 2024-05-13   99.930000  100.20  0.27 -2.56
31 2024-05-14   99.980003  100.95  0.97 -1.59
32 2024-05-15   99.900002  100.35  0.44 -1.15
33 2024-05-16   99.949997   99.58 -0.37 -1.52
34 2024-05-17   99.980003  100.42  0.44 -1.08
35 2024-05-20   99.910004  101.38  1.48  0.40
36 2024-05-21   99.930000   99.00 -0.93 -0.53
37 2024-05-22   99.900002   99.98  0.07 -0.46
38 2024-05-23   99.739998   98.84 -0.90 -1.36
39 2024-05-24   99.930000  100.85  0.92 -0.44
40 2024-05-28   99.860001  100.27  0.41 -0.03
41 2024-05-29   99.830002   97.93 -1.90 -1.93
42 2024-05-30   99.739998  100.13  0.38 -1.55
43 2024-05-31  100.150002  101.66  1.51 -0.04
Mean Absolute Error: 0.83%
Epoch: 344, Final Loss: 0.000098
Norm: 89.16

         date     Predict    True  diff   acc
0  2024-03-27  100.019997  100.38  0.36  0.36
1  2024-03-28   99.930000   99.83 -0.10  0.26
2  2024-04-01   99.870003   98.98 -0.89 -0.63
3  2024-04-02   99.800003   99.02 -0.79 -1.42
4  2024-04-03   99.910004  101.26  1.35 -0.07
5  2024-04-04   99.750000   97.85 -1.90 -1.97
6  2024-04-05  100.019997  100.56  0.55 -1.42
7  2024-04-08   99.919998  100.27  0.35 -1.07
8  2024-04-09   99.910004  100.27  0.36 -0.71
9  2024-04-10   99.900002   98.65 -1.25 -1.96
10 2024-04-11   99.919998  101.69  1.77 -0.19
11 2024-04-12   99.779999   98.26 -1.52 -1.71
12 2024-04-15   99.919998   99.12 -0.80 -2.51
13 2024-04-16   99.959999   99.85 -0.11 -2.62
14 2024-04-17   99.879997   97.77 -2.11 -4.73
15 2024-04-18   99.940002   99.70 -0.24 -4.97
16 2024-04-19   99.970001   98.80 -1.17 -6.14
17 2024-04-22  100.000000  101.57  1.57 -4.57
18 2024-04-23   99.980003  100.61  0.62 -3.95
19 2024-04-24   99.940002   99.70 -0.24 -4.19
20 2024-04-25   99.830002   99.67 -0.16 -4.35
21 2024-04-29  100.040001  101.52  1.48 -2.87
22 2024-04-30   99.860001   99.28 -0.58 -3.45
23 2024-05-01   99.720001   99.92  0.20 -3.25
24 2024-05-06  100.120003  102.21  2.09 -1.16
25 2024-05-07   99.980003   99.48 -0.49 -1.65
26 2024-05-08  100.010002   98.96 -1.05 -2.70
27 2024-05-09  100.000000  100.48  0.48 -2.22
28 2024-05-10   99.959999   99.28 -0.69 -2.91
29 2024-05-13   99.919998  100.20  0.28 -2.63
30 2024-05-14   99.959999  100.95  0.99 -1.64
31 2024-05-15   99.900002  100.35  0.45 -1.19
32 2024-05-16   99.940002   99.58 -0.36 -1.55
33 2024-05-17   99.970001  100.42  0.46 -1.09
34 2024-05-20   99.900002  101.38  1.48  0.39
35 2024-05-21   99.919998   99.00 -0.92 -0.53
36 2024-05-22   99.900002   99.98  0.08 -0.45
37 2024-05-23   99.760002   98.84 -0.92 -1.37
38 2024-05-24   99.919998  100.85  0.93 -0.44
39 2024-05-28   99.870003  100.27  0.41 -0.03
40 2024-05-29   99.830002   97.93 -1.91 -1.94
41 2024-05-30   99.769997  100.13  0.36 -1.58
42 2024-05-31  100.099998  101.66  1.55 -0.03
43 2024-06-03   99.800003   99.80  0.01 -0.02
Mean Absolute Error: 0.83%
Epoch: 613, Final Loss: 0.000099
Norm: 93.72

         date     Predict    True  diff   acc
0  2024-03-28   99.919998   99.83 -0.08 -0.08
1  2024-04-01   99.849998   98.98 -0.88 -0.96
2  2024-04-02   99.779999   99.02 -0.77 -1.73
3  2024-04-03   99.900002  101.26  1.36 -0.37
4  2024-04-04   99.720001   97.85 -1.88 -2.25
5  2024-04-05  100.010002  100.56  0.55 -1.70
6  2024-04-08   99.910004  100.27  0.36 -1.34
7  2024-04-09   99.889999  100.27  0.37 -0.97
8  2024-04-10   99.879997   98.65 -1.24 -2.21
9  2024-04-11   99.910004  101.69  1.78 -0.43
10 2024-04-12   99.760002   98.26 -1.50 -1.93
11 2024-04-15   99.910004   99.12 -0.79 -2.72
12 2024-04-16   99.949997   99.85 -0.10 -2.82
13 2024-04-17   99.870003   97.77 -2.10 -4.92
14 2024-04-18   99.930000   99.70 -0.23 -5.15
15 2024-04-19   99.959999   98.80 -1.16 -6.31
16 2024-04-22   99.989998  101.57  1.58 -4.73
17 2024-04-23   99.980003  100.61  0.63 -4.10
18 2024-04-24   99.930000   99.70 -0.23 -4.33
19 2024-04-25   99.809998   99.67 -0.14 -4.47
20 2024-04-29  100.040001  101.52  1.48 -2.99
21 2024-04-30   99.839996   99.28 -0.57 -3.56
22 2024-05-01   99.699997   99.92  0.23 -3.33
23 2024-05-06  100.129997  102.21  2.08 -1.25
24 2024-05-07   99.970001   99.48 -0.49 -1.74
25 2024-05-08  100.010002   98.96 -1.05 -2.79
26 2024-05-09   99.989998  100.48  0.48 -2.31
27 2024-05-10   99.959999   99.28 -0.68 -2.99
28 2024-05-13   99.910004  100.20  0.29 -2.70
29 2024-05-14   99.949997  100.95  1.00 -1.70
30 2024-05-15   99.889999  100.35  0.46 -1.24
31 2024-05-16   99.930000   99.58 -0.35 -1.59
32 2024-05-17   99.959999  100.42  0.46 -1.13
33 2024-05-20   99.889999  101.38  1.50  0.37
34 2024-05-21   99.910004   99.00 -0.91 -0.54
35 2024-05-22   99.889999   99.98  0.09 -0.45
36 2024-05-23   99.739998   98.84 -0.90 -1.35
37 2024-05-24   99.910004  100.85  0.94 -0.41
38 2024-05-28   99.849998  100.27  0.42  0.01
39 2024-05-29   99.820000   97.93 -1.89 -1.88
40 2024-05-30   99.750000  100.13  0.38 -1.50
41 2024-05-31  100.099998  101.66  1.55  0.05
42 2024-06-03   99.779999   99.80  0.03  0.08
43 2024-06-04   99.860001   99.73 -0.13 -0.05
Mean Absolute Error: 0.82%
Epoch: 495, Final Loss: 0.000098
Norm: 93.71

         date     Predict    True  diff   acc
0  2024-04-01   99.870003   98.98 -0.89 -0.89
1  2024-04-02   99.779999   99.02 -0.77 -1.66
2  2024-04-03   99.930000  101.26  1.34 -0.32
3  2024-04-04   99.709999   97.85 -1.87 -2.19
4  2024-04-05  100.059998  100.56  0.50 -1.69
5  2024-04-08   99.940002  100.27  0.33 -1.36
6  2024-04-09   99.919998  100.27  0.35 -1.01
7  2024-04-10   99.910004   98.65 -1.26 -2.27
8  2024-04-11   99.940002  101.69  1.76 -0.51
9  2024-04-12   99.760002   98.26 -1.50 -2.01
10 2024-04-15   99.930000   99.12 -0.82 -2.83
11 2024-04-16   99.989998   99.85 -0.14 -2.97
12 2024-04-17   99.879997   97.77 -2.12 -5.09
13 2024-04-18   99.959999   99.70 -0.26 -5.35
14 2024-04-19  100.000000   98.80 -1.20 -6.55
15 2024-04-22  100.040001  101.57  1.53 -5.02
16 2024-04-23  100.019997  100.61  0.59 -4.43
17 2024-04-24   99.959999   99.70 -0.26 -4.69
18 2024-04-25   99.820000   99.67 -0.15 -4.84
19 2024-04-29  100.089996  101.52  1.43 -3.41
20 2024-04-30   99.849998   99.28 -0.58 -3.99
21 2024-05-01   99.690002   99.92  0.24 -3.75
22 2024-05-06  100.199997  102.21  2.01 -1.74
23 2024-05-07  100.010002   99.48 -0.52 -2.26
24 2024-05-08  100.059998   98.96 -1.10 -3.36
25 2024-05-09  100.040001  100.48  0.44 -2.92
26 2024-05-10   99.989998   99.28 -0.72 -3.64
27 2024-05-13   99.940002  100.20  0.26 -3.38
28 2024-05-14   99.989998  100.95  0.96 -2.42
29 2024-05-15   99.910004  100.35  0.43 -1.99
30 2024-05-16   99.959999   99.58 -0.38 -2.37
31 2024-05-17   99.989998  100.42  0.43 -1.94
32 2024-05-20   99.910004  101.38  1.47 -0.47
33 2024-05-21   99.940002   99.00 -0.94 -1.41
34 2024-05-22   99.910004   99.98  0.07 -1.34
35 2024-05-23   99.730003   98.84 -0.89 -2.23
36 2024-05-24   99.940002  100.85  0.91 -1.32
37 2024-05-28   99.870003  100.27  0.41 -0.91
38 2024-05-29   99.830002   97.93 -1.90 -2.81
39 2024-05-30   99.739998  100.13  0.39 -2.42
40 2024-05-31  100.169998  101.66  1.48 -0.94
41 2024-06-03   99.779999   99.80  0.02 -0.92
42 2024-06-04   99.870003   99.73 -0.15 -1.07
43 2024-06-05  100.070000  101.09  1.02 -0.05
Mean Absolute Error: 0.84%
Epoch: 304, Final Loss: 0.000099
Norm: 104.33

         date     Predict    True  diff   acc
0  2024-04-02   99.779999   99.02 -0.77 -0.77
1  2024-04-03   99.930000  101.26  1.33  0.56
2  2024-04-04   99.709999   97.85 -1.87 -1.31
3  2024-04-05  100.059998  100.56  0.50 -0.81
4  2024-04-08   99.940002  100.27  0.33 -0.48
5  2024-04-09   99.919998  100.27  0.35 -0.13
6  2024-04-10   99.900002   98.65 -1.26 -1.39
7  2024-04-11   99.940002  101.69  1.75  0.36
8  2024-04-12   99.760002   98.26 -1.50 -1.14
9  2024-04-15   99.930000   99.12 -0.81 -1.95
10 2024-04-16   99.989998   99.85 -0.14 -2.09
11 2024-04-17   99.889999   97.77 -2.12 -4.21
12 2024-04-18   99.959999   99.70 -0.26 -4.47
13 2024-04-19  100.000000   98.80 -1.20 -5.67
14 2024-04-22  100.040001  101.57  1.53 -4.14
15 2024-04-23  100.019997  100.61  0.59 -3.55
16 2024-04-24   99.959999   99.70 -0.26 -3.81
17 2024-04-25   99.820000   99.67 -0.15 -3.96
18 2024-04-29  100.099998  101.52  1.42 -2.54
19 2024-04-30   99.849998   99.28 -0.57 -3.11
20 2024-05-01   99.690002   99.92  0.23 -2.88
21 2024-05-06  100.209999  102.21  2.00 -0.88
22 2024-05-07  100.010002   99.48 -0.53 -1.41
23 2024-05-08  100.059998   98.96 -1.10 -2.51
24 2024-05-09  100.040001  100.48  0.43 -2.08
25 2024-05-10  100.000000   99.28 -0.72 -2.80
26 2024-05-13   99.940002  100.20  0.26 -2.54
27 2024-05-14   99.989998  100.95  0.96 -1.58
28 2024-05-15   99.919998  100.35  0.43 -1.15
29 2024-05-16   99.959999   99.58 -0.38 -1.53
30 2024-05-17  100.000000  100.42  0.42 -1.11
31 2024-05-20   99.910004  101.38  1.47  0.36
32 2024-05-21   99.949997   99.00 -0.94 -0.58
33 2024-05-22   99.910004   99.98  0.07 -0.51
34 2024-05-23   99.730003   98.84 -0.89 -1.40
35 2024-05-24   99.940002  100.85  0.91 -0.49
36 2024-05-28   99.870003  100.27  0.41 -0.08
37 2024-05-29   99.830002   97.93 -1.90 -1.98
38 2024-05-30   99.739998  100.13  0.38 -1.60
39 2024-05-31  100.180000  101.66  1.48 -0.12
40 2024-06-03   99.779999   99.80  0.02 -0.10
41 2024-06-04   99.879997   99.73 -0.15 -0.25
42 2024-06-05  100.070000  101.09  1.02  0.77
43 2024-06-06   99.910004   99.09 -0.82 -0.05
Mean Absolute Error: 0.83%
Epoch: 300, Final Loss: 0.000098
Norm: 87.27

         date     Predict    True  diff   acc
0  2024-04-03   99.949997  101.26  1.31  1.31
1  2024-04-04   99.779999   97.85 -1.93 -0.62
2  2024-04-05  100.059998  100.56  0.51 -0.11
3  2024-04-08   99.959999  100.27  0.31  0.20
4  2024-04-09   99.940002  100.27  0.32  0.52
5  2024-04-10   99.930000   98.65 -1.29 -0.77
6  2024-04-11   99.959999  101.69  1.73  0.96
7  2024-04-12   99.809998   98.26 -1.55 -0.59
8  2024-04-15   99.949997   99.12 -0.84 -1.43
9  2024-04-16  100.000000   99.85 -0.15 -1.58
10 2024-04-17   99.910004   97.77 -2.15 -3.73
11 2024-04-18   99.970001   99.70 -0.28 -4.01
12 2024-04-19  100.010002   98.80 -1.20 -5.21
13 2024-04-22  100.040001  101.57  1.53 -3.68
14 2024-04-23  100.019997  100.61  0.59 -3.09
15 2024-04-24   99.970001   99.70 -0.28 -3.37
16 2024-04-25   99.870003   99.67 -0.19 -3.56
17 2024-04-29  100.080002  101.52  1.44 -2.12
18 2024-04-30   99.889999   99.28 -0.62 -2.74
19 2024-05-01   99.750000   99.92  0.17 -2.57
20 2024-05-06  100.169998  102.21  2.04 -0.53
21 2024-05-07  100.010002   99.48 -0.53 -1.06
22 2024-05-08  100.059998   98.96 -1.09 -2.15
23 2024-05-09  100.040001  100.48  0.44 -1.71
24 2024-05-10  100.000000   99.28 -0.72 -2.43
25 2024-05-13   99.959999  100.20  0.24 -2.19
26 2024-05-14  100.000000  100.95  0.95 -1.24
27 2024-05-15   99.940002  100.35  0.41 -0.83
28 2024-05-16   99.980003   99.58 -0.40 -1.23
29 2024-05-17  100.000000  100.42  0.42 -0.81
30 2024-05-20   99.940002  101.38  1.45  0.64
31 2024-05-21   99.959999   99.00 -0.96 -0.32
32 2024-05-22   99.940002   99.98  0.04 -0.28
33 2024-05-23   99.790001   98.84 -0.95 -1.23
34 2024-05-24   99.959999  100.85  0.89 -0.34
35 2024-05-28   99.900002  100.27  0.37  0.03
36 2024-05-29   99.870003   97.93 -1.94 -1.91
37 2024-05-30   99.800003  100.13  0.33 -1.58
38 2024-05-31  100.150002  101.66  1.51 -0.07
39 2024-06-03   99.830002   99.80 -0.03 -0.10
40 2024-06-04   99.910004   99.73 -0.18 -0.28
41 2024-06-05  100.070000  101.09  1.03  0.75
42 2024-06-06   99.930000   99.09 -0.84 -0.09
43 2024-06-07  100.010002  100.07  0.07 -0.02
Mean Absolute Error: 0.82%
Epoch: 565, Final Loss: 0.000099
Norm: 79.60

