         date     Predict    True  diff   acc
0  2024-01-26  100.309998   99.70 -0.60 -0.60
1  2024-01-29  100.269997  101.10  0.83  0.23
2  2024-01-30  100.300003   98.62 -1.68 -1.45
3  2024-01-31  100.110001  100.65  0.53 -0.92
4  2024-02-01  100.320000  100.83  0.51 -0.41
5  2024-02-02  100.430000  100.64  0.21 -0.20
6  2024-02-05  100.199997   99.45 -0.76 -0.96
7  2024-02-06  100.239998   99.07 -1.17 -2.13
8  2024-02-07  100.320000  101.23  0.91 -1.22
9  2024-02-08  100.349998  101.72  1.37  0.15
10 2024-02-12  100.279999  101.41  1.13  1.28
11 2024-02-13  100.209999  100.49  0.28  1.56
12 2024-02-14  100.279999  101.05  0.76  2.32
13 2024-02-15  100.300003  101.54  1.23  3.55
14 2024-02-16  100.230003   99.40 -0.83  2.72
15 2024-02-20  100.220001   99.40 -0.82  1.90
16 2024-02-21  100.290001  101.49  1.20  3.10
17 2024-02-23  100.410004  101.42  1.00  4.10
18 2024-02-26  100.250000   99.76 -0.50  3.60
19 2024-02-27  100.209999  100.00 -0.21  3.39
20 2024-02-28  100.260002   99.26 -1.00  2.39
21 2024-02-29  100.220001  100.96  0.75  3.14
22 2024-03-01  100.290001  102.43  2.13  5.27
23 2024-03-04  100.260002   99.21 -1.05  4.22
24 2024-03-05  100.110001   99.69 -0.42  3.80
25 2024-03-06  100.230003  101.43  1.20  5.00
26 2024-03-07  100.190002   98.28 -1.91  3.09
27 2024-03-08  100.160004   98.28 -1.88  1.21
28 2024-03-11  100.260002   98.67 -1.59 -0.38
29 2024-03-12  100.370003  101.78  1.40  1.02
30 2024-03-13  100.269997   98.50 -1.77 -0.75
31 2024-03-14  100.260002   99.83 -0.43 -1.18
32 2024-03-15  100.260002  101.15  0.89 -0.29
33 2024-03-18  100.279999  101.53  1.25  0.96
34 2024-03-20  100.599998  102.63  2.01  2.97
35 2024-03-21  100.349998  100.95  0.59  3.56
36 2024-03-22  100.160004   99.48 -0.67  2.89
37 2024-03-25  100.209999   99.03 -1.18  1.71
38 2024-03-26  100.260002  100.26  0.01  1.72
39 2024-03-27  100.370003  100.38  0.01  1.73
40 2024-03-28  100.269997   99.83 -0.44  1.29
41 2024-04-01  100.209999   98.98 -1.23  0.06
42 2024-04-02  100.139999   99.02 -1.12 -1.06
43 2024-04-03  100.250000  101.26  1.00 -0.06
Mean Absolute Error: 0.96%
Epoch: 582, Final Loss: 0.000115
Norm: 27.97

         date     Predict    True  diff   acc
0  2024-01-29  100.230003  101.10  0.87  0.87
1  2024-01-30  100.260002   98.62 -1.64 -0.77
2  2024-01-31  100.080002  100.65  0.57 -0.20
3  2024-02-01  100.290001  100.83  0.54  0.34
4  2024-02-02  100.389999  100.64  0.24  0.58
5  2024-02-05  100.169998   99.45 -0.72 -0.14
6  2024-02-06  100.199997   99.07 -1.13 -1.27
7  2024-02-07  100.279999  101.23  0.95 -0.32
8  2024-02-08  100.309998  101.72  1.40  1.08
9  2024-02-12  100.239998  101.41  1.17  2.25
10 2024-02-13  100.169998  100.49  0.31  2.56
11 2024-02-14  100.250000  101.05  0.80  3.36
12 2024-02-15  100.269997  101.54  1.27  4.63
13 2024-02-16  100.199997   99.40 -0.79  3.84
14 2024-02-20  100.190002   99.40 -0.79  3.05
15 2024-02-21  100.250000  101.49  1.23  4.28
16 2024-02-23  100.379997  101.42  1.04  5.32
17 2024-02-26  100.220001   99.76 -0.46  4.86
18 2024-02-27  100.180000  100.00 -0.18  4.68
19 2024-02-28  100.220001   99.26 -0.96  3.72
20 2024-02-29  100.180000  100.96  0.78  4.50
21 2024-03-01  100.250000  102.43  2.17  6.67
22 2024-03-04  100.220001   99.21 -1.01  5.66
23 2024-03-05  100.070000   99.69 -0.38  5.28
24 2024-03-06  100.190002  101.43  1.23  6.51
25 2024-03-07  100.160004   98.28 -1.87  4.64
26 2024-03-08  100.120003   98.28 -1.85  2.79
27 2024-03-11  100.220001   98.67 -1.55  1.24
28 2024-03-12  100.330002  101.78  1.44  2.68
29 2024-03-13  100.239998   98.50 -1.73  0.95
30 2024-03-14  100.220001   99.83 -0.39  0.56
31 2024-03-15  100.220001  101.15  0.93  1.49
32 2024-03-18  100.250000  101.53  1.28  2.77
33 2024-03-20  100.570000  102.63  2.05  4.82
34 2024-03-21  100.320000  100.95  0.63  5.45
35 2024-03-22  100.120003   99.48 -0.64  4.81
36 2024-03-25  100.169998   99.03 -1.14  3.67
37 2024-03-26  100.220001  100.26  0.04  3.71
38 2024-03-27  100.330002  100.38  0.05  3.76
39 2024-03-28  100.230003   99.83 -0.40  3.36
40 2024-04-01  100.169998   98.98 -1.19  2.17
41 2024-04-02  100.099998   99.02 -1.09  1.08
42 2024-04-03  100.220001  101.26  1.04  2.12
43 2024-04-04  100.050003   97.85 -2.20 -0.08
Mean Absolute Error: 1.00%
Epoch: 299, Final Loss: 0.000125
Norm: 14.99

         date     Predict    True  diff   acc
0  2024-01-30  100.250000   98.62 -1.63 -1.63
1  2024-01-31  100.059998  100.65  0.59 -1.04
2  2024-02-01  100.269997  100.83  0.56 -0.48
3  2024-02-02  100.379997  100.64  0.26 -0.22
4  2024-02-05  100.150002   99.45 -0.71 -0.93
5  2024-02-06  100.190002   99.07 -1.12 -2.05
6  2024-02-07  100.269997  101.23  0.97 -1.08
7  2024-02-08  100.300003  101.72  1.42  0.34
8  2024-02-12  100.220001  101.41  1.18  1.52
9  2024-02-13  100.160004  100.49  0.33  1.85
10 2024-02-14  100.230003  101.05  0.81  2.66
11 2024-02-15  100.250000  101.54  1.29  3.95
12 2024-02-16  100.180000   99.40 -0.78  3.17
13 2024-02-20  100.169998   99.40 -0.77  2.40
14 2024-02-21  100.239998  101.49  1.25  3.65
15 2024-02-23  100.360001  101.42  1.05  4.70
16 2024-02-26  100.199997   99.76 -0.44  4.26
17 2024-02-27  100.160004  100.00 -0.16  4.10
18 2024-02-28  100.209999   99.26 -0.94  3.16
19 2024-02-29  100.160004  100.96  0.80  3.96
20 2024-03-01  100.239998  102.43  2.18  6.14
21 2024-03-04  100.209999   99.21 -1.00  5.14
22 2024-03-05  100.059998   99.69 -0.37  4.77
23 2024-03-06  100.180000  101.43  1.25  6.02
24 2024-03-07  100.139999   98.28 -1.86  4.16
25 2024-03-08  100.110001   98.28 -1.83  2.33
26 2024-03-11  100.209999   98.67 -1.54  0.79
27 2024-03-12  100.320000  101.78  1.45  2.24
28 2024-03-13  100.220001   98.50 -1.72  0.52
29 2024-03-14  100.209999   99.83 -0.38  0.14
30 2024-03-15  100.199997  101.15  0.94  1.08
31 2024-03-18  100.230003  101.53  1.30  2.38
32 2024-03-20  100.550003  102.63  2.07  4.45
33 2024-03-21  100.300003  100.95  0.64  5.09
34 2024-03-22  100.099998   99.48 -0.62  4.47
35 2024-03-25  100.160004   99.03 -1.13  3.34
36 2024-03-26  100.209999  100.26  0.06  3.40
37 2024-03-27  100.320000  100.38  0.06  3.46
38 2024-03-28  100.220001   99.83 -0.38  3.08
39 2024-04-01  100.160004   98.98 -1.18  1.90
40 2024-04-02  100.089996   99.02 -1.07  0.83
41 2024-04-03  100.199997  101.26  1.06  1.89
42 2024-04-04  100.029999   97.85 -2.18 -0.29
43 2024-04-05  100.309998  100.56  0.25 -0.04
Mean Absolute Error: 0.99%
Epoch: 299, Final Loss: 0.000123
Norm: 24.54

         date     Predict    True  diff   acc
0  2024-01-31  100.099998  100.65  0.55  0.55
1  2024-02-01  100.309998  100.83  0.52  1.07
2  2024-02-02  100.419998  100.64  0.22  1.29
3  2024-02-05  100.190002   99.45 -0.74  0.55
4  2024-02-06  100.230003   99.07 -1.15 -0.60
5  2024-02-07  100.300003  101.23  0.93  0.33
6  2024-02-08  100.339996  101.72  1.38  1.71
7  2024-02-12  100.260002  101.41  1.14  2.85
8  2024-02-13  100.199997  100.49  0.29  3.14
9  2024-02-14  100.269997  101.05  0.77  3.91
10 2024-02-15  100.290001  101.54  1.25  5.16
11 2024-02-16  100.220001   99.40 -0.82  4.34
12 2024-02-20  100.209999   99.40 -0.81  3.53
13 2024-02-21  100.269997  101.49  1.21  4.74
14 2024-02-23  100.400002  101.42  1.01  5.75
15 2024-02-26  100.239998   99.76 -0.48  5.27
16 2024-02-27  100.199997  100.00 -0.20  5.07
17 2024-02-28  100.250000   99.26 -0.98  4.09
18 2024-02-29  100.199997  100.96  0.76  4.85
19 2024-03-01  100.269997  102.43  2.15  7.00
20 2024-03-04  100.250000   99.21 -1.03  5.97
21 2024-03-05  100.089996   99.69 -0.41  5.56
22 2024-03-06  100.220001  101.43  1.21  6.77
23 2024-03-07  100.180000   98.28 -1.89  4.88
24 2024-03-08  100.150002   98.28 -1.87  3.01
25 2024-03-11  100.250000   98.67 -1.58  1.43
26 2024-03-12  100.360001  101.78  1.41  2.84
27 2024-03-13  100.260002   98.50 -1.76  1.08
28 2024-03-14  100.239998   99.83 -0.42  0.66
29 2024-03-15  100.239998  101.15  0.91  1.57
30 2024-03-18  100.269997  101.53  1.26  2.83
31 2024-03-20  100.589996  102.63  2.03  4.86
32 2024-03-21  100.339996  100.95  0.61  5.47
33 2024-03-22  100.139999   99.48 -0.66  4.81
34 2024-03-25  100.199997   99.03 -1.16  3.65
35 2024-03-26  100.239998  100.26  0.02  3.67
36 2024-03-27  100.349998  100.38  0.03  3.70
37 2024-03-28  100.260002   99.83 -0.42  3.28
38 2024-04-01  100.190002   98.98 -1.21  2.07
39 2024-04-02  100.129997   99.02 -1.11  0.96
40 2024-04-03  100.239998  101.26  1.02  1.98
41 2024-04-04  100.070000   97.85 -2.22 -0.24
42 2024-04-05  100.349998  100.56  0.21 -0.03
43 2024-04-08  100.250000  100.27  0.02 -0.01
Mean Absolute Error: 0.95%
Epoch: 299, Final Loss: 0.000117
Norm: 7.76

         date     Predict    True  diff   acc
0  2024-02-01  100.300003  100.83  0.53  0.53
1  2024-02-02  100.410004  100.64  0.23  0.76
2  2024-02-05  100.180000   99.45 -0.73  0.03
3  2024-02-06  100.209999   99.07 -1.14 -1.11
4  2024-02-07  100.290001  101.23  0.94 -0.17
5  2024-02-08  100.330002  101.72  1.39  1.22
6  2024-02-12  100.250000  101.41  1.15  2.37
7  2024-02-13  100.190002  100.49  0.30  2.67
8  2024-02-14  100.260002  101.05  0.79  3.46
9  2024-02-15  100.279999  101.54  1.26  4.72
10 2024-02-16  100.209999   99.40 -0.80  3.92
11 2024-02-20  100.199997   99.40 -0.80  3.12
12 2024-02-21  100.260002  101.49  1.22  4.34
13 2024-02-23  100.389999  101.42  1.02  5.36
14 2024-02-26  100.230003   99.76 -0.47  4.89
15 2024-02-27  100.190002  100.00 -0.19  4.70
16 2024-02-28  100.239998   99.26 -0.97  3.73
17 2024-02-29  100.190002  100.96  0.77  4.50
18 2024-03-01  100.260002  102.43  2.16  6.66
19 2024-03-04  100.239998   99.21 -1.02  5.64
20 2024-03-05  100.080002   99.69 -0.40  5.24
21 2024-03-06  100.199997  101.43  1.22  6.46
22 2024-03-07  100.169998   98.28 -1.88  4.58
23 2024-03-08  100.139999   98.28 -1.86  2.72
24 2024-03-11  100.239998   98.67 -1.57  1.15
25 2024-03-12  100.349998  101.78  1.43  2.58
26 2024-03-13  100.250000   98.50 -1.74  0.84
27 2024-03-14  100.230003   99.83 -0.41  0.43
28 2024-03-15  100.230003  101.15  0.92  1.35
29 2024-03-18  100.260002  101.53  1.27  2.62
30 2024-03-20  100.580002  102.63  2.04  4.66
31 2024-03-21  100.330002  100.95  0.62  5.28
32 2024-03-22  100.129997   99.48 -0.65  4.63
33 2024-03-25  100.190002   99.03 -1.15  3.48
34 2024-03-26  100.230003  100.26  0.03  3.51
35 2024-03-27  100.339996  100.38  0.04  3.55
36 2024-03-28  100.250000   99.83 -0.41  3.14
37 2024-04-01  100.180000   98.98 -1.20  1.94
38 2024-04-02  100.110001   99.02 -1.10  0.84
39 2024-04-03  100.230003  101.26  1.03  1.87
40 2024-04-04  100.059998   97.85 -2.21 -0.34
41 2024-04-05  100.339996  100.56  0.23 -0.11
42 2024-04-08  100.239998  100.27  0.03 -0.08
43 2024-04-09  100.220001  100.27  0.04 -0.04
Mean Absolute Error: 0.94%
Epoch: 299, Final Loss: 0.000116
Norm: 13.77

         date     Predict    True  diff   acc
0  2024-02-02  100.360001  100.64  0.28  0.28
1  2024-02-05  100.129997   99.45 -0.69 -0.41
2  2024-02-06  100.169998   99.07 -1.10 -1.51
3  2024-02-07  100.239998  101.23  0.99 -0.52
4  2024-02-08  100.279999  101.72  1.44  0.92
5  2024-02-12  100.199997  101.41  1.20  2.12
6  2024-02-13  100.139999  100.49  0.35  2.47
7  2024-02-14  100.209999  101.05  0.83  3.30
8  2024-02-15  100.230003  101.54  1.31  4.61
9  2024-02-16  100.160004   99.40 -0.76  3.85
10 2024-02-20  100.150002   99.40 -0.75  3.10
11 2024-02-21  100.220001  101.49  1.27  4.37
12 2024-02-23  100.339996  101.42  1.07  5.44
13 2024-02-26  100.180000   99.76 -0.42  5.02
14 2024-02-27  100.139999  100.00 -0.14  4.88
15 2024-02-28  100.190002   99.26 -0.92  3.96
16 2024-02-29  100.139999  100.96  0.82  4.78
17 2024-03-01  100.209999  102.43  2.21  6.99
18 2024-03-04  100.190002   99.21 -0.98  6.01
19 2024-03-05  100.040001   99.69 -0.35  5.66
20 2024-03-06  100.160004  101.43  1.27  6.93
21 2024-03-07  100.120003   98.28 -1.84  5.09
22 2024-03-08  100.089996   98.28 -1.81  3.28
23 2024-03-11  100.190002   98.67 -1.52  1.76
24 2024-03-12  100.300003  101.78  1.47  3.23
25 2024-03-13  100.199997   98.50 -1.70  1.53
26 2024-03-14  100.180000   99.83 -0.36  1.17
27 2024-03-15  100.180000  101.15  0.97  2.14
28 2024-03-18  100.209999  101.53  1.32  3.46
29 2024-03-20  100.529999  102.63  2.09  5.55
30 2024-03-21  100.279999  100.95  0.67  6.22
31 2024-03-22  100.080002   99.48 -0.60  5.62
32 2024-03-25  100.139999   99.03 -1.11  4.51
33 2024-03-26  100.180000  100.26  0.08  4.59
34 2024-03-27  100.300003  100.38  0.09  4.68
35 2024-03-28  100.199997   99.83 -0.36  4.32
36 2024-04-01  100.139999   98.98 -1.15  3.17
37 2024-04-02  100.070000   99.02 -1.05  2.12
38 2024-04-03  100.180000  101.26  1.08  3.20
39 2024-04-04  100.010002   97.85 -2.16  1.04
40 2024-04-05  100.290001  100.56  0.27  1.31
41 2024-04-08  100.190002  100.27  0.08  1.39
42 2024-04-09  100.180000  100.27  0.09  1.48
43 2024-04-10  100.160004   98.65 -1.52 -0.04
Mean Absolute Error: 0.97%
Epoch: 299, Final Loss: 0.000121
Norm: 17.29

         date     Predict    True  diff   acc
0  2024-02-05  100.160004   99.45 -0.71 -0.71
1  2024-02-06  100.199997   99.07 -1.12 -1.83
2  2024-02-07  100.269997  101.23  0.96 -0.87
3  2024-02-08  100.309998  101.72  1.41  0.54
4  2024-02-12  100.230003  101.41  1.17  1.71
5  2024-02-13  100.169998  100.49  0.32  2.03
6  2024-02-14  100.239998  101.05  0.81  2.84
7  2024-02-15  100.260002  101.54  1.28  4.12
8  2024-02-16  100.190002   99.40 -0.78  3.34
9  2024-02-20  100.180000   99.40 -0.78  2.56
10 2024-02-21  100.239998  101.49  1.24  3.80
11 2024-02-23  100.370003  101.42  1.04  4.84
12 2024-02-26  100.209999   99.76 -0.45  4.39
13 2024-02-27  100.169998  100.00 -0.17  4.22
14 2024-02-28  100.220001   99.26 -0.95  3.27
15 2024-02-29  100.169998  100.96  0.79  4.06
16 2024-03-01  100.239998  102.43  2.18  6.24
17 2024-03-04  100.220001   99.21 -1.00  5.24
18 2024-03-05  100.059998   99.69 -0.38  4.86
19 2024-03-06  100.180000  101.43  1.24  6.10
20 2024-03-07  100.150002   98.28 -1.86  4.24
21 2024-03-08  100.120003   98.28 -1.84  2.40
22 2024-03-11  100.220001   98.67 -1.55  0.85
23 2024-03-12  100.330002  101.78  1.45  2.30
24 2024-03-13  100.230003   98.50 -1.72  0.58
25 2024-03-14  100.209999   99.83 -0.39  0.19
26 2024-03-15  100.209999  101.15  0.94  1.13
27 2024-03-18  100.239998  101.53  1.29  2.42
28 2024-03-20  100.559998  102.63  2.06  4.48
29 2024-03-21  100.309998  100.95  0.64  5.12
30 2024-03-22  100.110001   99.48 -0.63  4.49
31 2024-03-25  100.169998   99.03 -1.13  3.36
32 2024-03-26  100.209999  100.26  0.05  3.41
33 2024-03-27  100.320000  100.38  0.06  3.47
34 2024-03-28  100.230003   99.83 -0.39  3.08
35 2024-04-01  100.160004   98.98 -1.18  1.90
36 2024-04-02  100.089996   99.02 -1.08  0.82
37 2024-04-03  100.209999  101.26  1.05  1.87
38 2024-04-04  100.040001   97.85 -2.19 -0.32
39 2024-04-05  100.320000  100.56  0.25 -0.07
40 2024-04-08  100.220001  100.27  0.05 -0.02
41 2024-04-09  100.199997  100.27  0.06  0.04
42 2024-04-10  100.190002   98.65 -1.54 -1.50
43 2024-04-11  100.220001  101.69  1.47 -0.03
Mean Absolute Error: 0.99%
Epoch: 299, Final Loss: 0.000126
Norm: 22.30

         date     Predict    True  diff   acc
0  2024-02-06  100.169998   99.07 -1.10 -1.10
1  2024-02-07  100.250000  101.23  0.98 -0.12
2  2024-02-08  100.279999  101.72  1.44  1.32
3  2024-02-12  100.209999  101.41  1.20  2.52
4  2024-02-13  100.139999  100.49  0.35  2.87
5  2024-02-14  100.220001  101.05  0.83  3.70
6  2024-02-15  100.239998  101.54  1.30  5.00
7  2024-02-16  100.160004   99.40 -0.76  4.24
8  2024-02-20  100.160004   99.40 -0.76  3.48
9  2024-02-21  100.220001  101.49  1.27  4.75
10 2024-02-23  100.339996  101.42  1.07  5.82
11 2024-02-26  100.180000   99.76 -0.43  5.39
12 2024-02-27  100.139999  100.00 -0.14  5.25
13 2024-02-28  100.190002   99.26 -0.93  4.32
14 2024-02-29  100.150002  100.96  0.82  5.14
15 2024-03-01  100.220001  102.43  2.20  7.34
16 2024-03-04  100.190002   99.21 -0.98  6.36
17 2024-03-05  100.040001   99.69 -0.35  6.01
18 2024-03-06  100.160004  101.43  1.27  7.28
19 2024-03-07  100.120003   98.28 -1.84  5.44
20 2024-03-08  100.089996   98.28 -1.81  3.63
21 2024-03-11  100.190002   98.67 -1.52  2.11
22 2024-03-12  100.300003  101.78  1.47  3.58
23 2024-03-13  100.199997   98.50 -1.70  1.88
24 2024-03-14  100.190002   99.83 -0.36  1.52
25 2024-03-15  100.190002  101.15  0.96  2.48
26 2024-03-18  100.209999  101.53  1.32  3.80
27 2024-03-20  100.529999  102.63  2.08  5.88
28 2024-03-21  100.279999  100.95  0.66  6.54
29 2024-03-22  100.089996   99.48 -0.60  5.94
30 2024-03-25  100.139999   99.03 -1.11  4.83
31 2024-03-26  100.190002  100.26  0.07  4.90
32 2024-03-27  100.300003  100.38  0.08  4.98
33 2024-03-28  100.199997   99.83 -0.37  4.61
34 2024-04-01  100.139999   98.98 -1.16  3.45
35 2024-04-02  100.070000   99.02 -1.05  2.40
36 2024-04-03  100.180000  101.26  1.07  3.47
37 2024-04-04  100.010002   97.85 -2.17  1.30
38 2024-04-05  100.290001  100.56  0.27  1.57
39 2024-04-08  100.190002  100.27  0.07  1.64
40 2024-04-09  100.180000  100.27  0.09  1.73
41 2024-04-10  100.169998   98.65 -1.52  0.21
42 2024-04-11  100.190002  101.69  1.50  1.71
43 2024-04-12  100.050003   98.26 -1.78 -0.07
Mean Absolute Error: 1.02%
Epoch: 299, Final Loss: 0.000131
Norm: 12.20

         date     Predict    True  diff   acc
0  2024-02-07  100.250000  101.23  0.98  0.98
1  2024-02-08  100.279999  101.72  1.44  2.42
2  2024-02-12  100.209999  101.41  1.20  3.62
3  2024-02-13  100.139999  100.49  0.35  3.97
4  2024-02-14  100.220001  101.05  0.83  4.80
5  2024-02-15  100.239998  101.54  1.30  6.10
6  2024-02-16  100.160004   99.40 -0.76  5.34
7  2024-02-20  100.160004   99.40 -0.76  4.58
8  2024-02-21  100.220001  101.49  1.27  5.85
9  2024-02-23  100.349998  101.42  1.07  6.92
10 2024-02-26  100.180000   99.76 -0.43  6.49
11 2024-02-27  100.139999  100.00 -0.14  6.35
12 2024-02-28  100.190002   99.26 -0.93  5.42
13 2024-02-29  100.150002  100.96  0.82  6.24
14 2024-03-01  100.220001  102.43  2.20  8.44
15 2024-03-04  100.190002   99.21 -0.98  7.46
16 2024-03-05  100.040001   99.69 -0.35  7.11
17 2024-03-06  100.160004  101.43  1.26  8.37
18 2024-03-07  100.120003   98.28 -1.84  6.53
19 2024-03-08  100.089996   98.28 -1.81  4.72
20 2024-03-11  100.190002   98.67 -1.52  3.20
21 2024-03-12  100.300003  101.78  1.47  4.67
22 2024-03-13  100.199997   98.50 -1.70  2.97
23 2024-03-14  100.190002   99.83 -0.36  2.61
24 2024-03-15  100.190002  101.15  0.96  3.57
25 2024-03-18  100.209999  101.53  1.32  4.89
26 2024-03-20  100.529999  102.63  2.08  6.97
27 2024-03-21  100.290001  100.95  0.66  7.63
28 2024-03-22  100.089996   99.48 -0.60  7.03
29 2024-03-25  100.139999   99.03 -1.11  5.92
30 2024-03-26  100.190002  100.26  0.07  5.99
31 2024-03-27  100.300003  100.38  0.08  6.07
32 2024-03-28  100.199997   99.83 -0.37  5.70
33 2024-04-01  100.139999   98.98 -1.16  4.54
34 2024-04-02  100.070000   99.02 -1.05  3.49
35 2024-04-03  100.180000  101.26  1.07  4.56
36 2024-04-04  100.010002   97.85 -2.17  2.39
37 2024-04-05  100.290001  100.56  0.27  2.66
38 2024-04-08  100.199997  100.27  0.07  2.73
39 2024-04-09  100.180000  100.27  0.09  2.82
40 2024-04-10  100.169998   98.65 -1.52  1.30
41 2024-04-11  100.190002  101.69  1.49  2.79
42 2024-04-12  100.050003   98.26 -1.78  1.01
43 2024-04-15  100.190002   99.12 -1.07 -0.06
Mean Absolute Error: 1.02%
Epoch: 299, Final Loss: 0.000131
Norm: -13.94

         date     Predict    True  diff   acc
0  2024-02-08  100.250000  101.72  1.47  1.47
1  2024-02-12  100.180000  101.41  1.23  2.70
2  2024-02-13  100.110001  100.49  0.38  3.08
3  2024-02-14  100.190002  101.05  0.86  3.94
4  2024-02-15  100.209999  101.54  1.34  5.28
5  2024-02-16  100.129997   99.40 -0.73  4.55
6  2024-02-20  100.120003   99.40 -0.73  3.82
7  2024-02-21  100.190002  101.49  1.30  5.12
8  2024-02-23  100.309998  101.42  1.10  6.22
9  2024-02-26  100.150002   99.76 -0.40  5.82
10 2024-02-27  100.110001  100.00 -0.11  5.71
11 2024-02-28  100.160004   99.26 -0.90  4.81
12 2024-02-29  100.120003  100.96  0.85  5.66
13 2024-03-01  100.190002  102.43  2.23  7.89
14 2024-03-04  100.160004   99.21 -0.95  6.94
15 2024-03-05  100.010002   99.69 -0.32  6.62
16 2024-03-06  100.129997  101.43  1.30  7.92
17 2024-03-07  100.089996   98.28 -1.81  6.11
18 2024-03-08  100.059998   98.28 -1.78  4.33
19 2024-03-11  100.160004   98.67 -1.49  2.84
20 2024-03-12  100.269997  101.78  1.50  4.34
21 2024-03-13  100.169998   98.50 -1.67  2.67
22 2024-03-14  100.160004   99.83 -0.33  2.34
23 2024-03-15  100.160004  101.15  0.99  3.33
24 2024-03-18  100.180000  101.53  1.35  4.68
25 2024-03-20  100.500000  102.63  2.12  6.80
26 2024-03-21  100.250000  100.95  0.69  7.49
27 2024-03-22  100.059998   99.48 -0.57  6.92
28 2024-03-25  100.110001   99.03 -1.08  5.84
29 2024-03-26  100.160004  100.26  0.10  5.94
30 2024-03-27  100.269997  100.38  0.11  6.05
31 2024-03-28  100.169998   99.83 -0.34  5.71
32 2024-04-01  100.110001   98.98 -1.13  4.58
33 2024-04-02  100.040001   99.02 -1.02  3.56
34 2024-04-03  100.150002  101.26  1.11  4.67
35 2024-04-04   99.980003   97.85 -2.14  2.53
36 2024-04-05  100.260002  100.56  0.30  2.83
37 2024-04-08  100.160004  100.27  0.10  2.93
38 2024-04-09  100.150002  100.27  0.12  3.05
39 2024-04-10  100.139999   98.65 -1.49  1.56
40 2024-04-11  100.160004  101.69  1.53  3.09
41 2024-04-12  100.019997   98.26 -1.75  1.34
42 2024-04-15  100.160004   99.12 -1.04  0.30
43 2024-04-16  100.199997   99.85 -0.35 -0.05
Mean Absolute Error: 1.00%
Epoch: 299, Final Loss: 0.000129
Norm: -4.59

         date     Predict    True  diff   acc
0  2024-02-12  100.089996  101.41  1.32  1.32
1  2024-02-13  100.019997  100.49  0.46  1.78
2  2024-02-14  100.099998  101.05  0.95  2.73
3  2024-02-15  100.120003  101.54  1.42  4.15
4  2024-02-16  100.050003   99.40 -0.64  3.51
5  2024-02-20  100.040001   99.40 -0.64  2.87
6  2024-02-21  100.099998  101.49  1.39  4.26
7  2024-02-23  100.230003  101.42  1.19  5.45
8  2024-02-26  100.070000   99.76 -0.31  5.14
9  2024-02-27  100.029999  100.00 -0.03  5.11
10 2024-02-28  100.070000   99.26 -0.81  4.30
11 2024-02-29  100.029999  100.96  0.93  5.23
12 2024-03-01  100.099998  102.43  2.32  7.55
13 2024-03-04  100.070000   99.21 -0.86  6.69
14 2024-03-05   99.919998   99.69 -0.23  6.46
15 2024-03-06  100.040001  101.43  1.38  7.84
16 2024-03-07  100.010002   98.28 -1.72  6.12
17 2024-03-08   99.980003   98.28 -1.70  4.42
18 2024-03-11  100.070000   98.67 -1.41  3.01
19 2024-03-12  100.180000  101.78  1.59  4.60
20 2024-03-13  100.089996   98.50 -1.58  3.02
21 2024-03-14  100.070000   99.83 -0.24  2.78
22 2024-03-15  100.070000  101.15  1.08  3.86
23 2024-03-18  100.099998  101.53  1.44  5.30
24 2024-03-20  100.419998  102.63  2.20  7.50
25 2024-03-21  100.169998  100.95  0.78  8.28
26 2024-03-22   99.970001   99.48 -0.49  7.79
27 2024-03-25  100.019997   99.03 -0.99  6.80
28 2024-03-26  100.070000  100.26  0.19  6.99
29 2024-03-27  100.180000  100.38  0.20  7.19
30 2024-03-28  100.080002   99.83 -0.25  6.94
31 2024-04-01  100.019997   98.98 -1.04  5.90
32 2024-04-02   99.949997   99.02 -0.94  4.96
33 2024-04-03  100.070000  101.26  1.19  6.15
34 2024-04-04   99.900002   97.85 -2.05  4.10
35 2024-04-05  100.169998  100.56  0.39  4.49
36 2024-04-08  100.080002  100.27  0.19  4.68
37 2024-04-09  100.059998  100.27  0.21  4.89
38 2024-04-10  100.050003   98.65 -1.40  3.49
39 2024-04-11  100.080002  101.69  1.61  5.10
40 2024-04-12   99.930000   98.26 -1.67  3.43
41 2024-04-15  100.070000   99.12 -0.95  2.48
42 2024-04-16  100.120003   99.85 -0.26  2.22
43 2024-04-17  100.029999   97.77 -2.26 -0.04
Mean Absolute Error: 1.02%
Epoch: 299, Final Loss: 0.000136
Norm: -19.54

         date     Predict    True  diff   acc
0  2024-02-13   99.980003  100.49  0.50  0.50
1  2024-02-14  100.059998  101.05  0.99  1.49
2  2024-02-15  100.080002  101.54  1.46  2.95
3  2024-02-16  100.010002   99.40 -0.60  2.35
4  2024-02-20  100.000000   99.40 -0.60  1.75
5  2024-02-21  100.059998  101.49  1.42  3.17
6  2024-02-23  100.190002  101.42  1.23  4.40
7  2024-02-26  100.029999   99.76 -0.27  4.13
8  2024-02-27   99.989998  100.00  0.01  4.14
9  2024-02-28  100.040001   99.26 -0.77  3.37
10 2024-02-29   99.989998  100.96  0.97  4.34
11 2024-03-01  100.059998  102.43  2.36  6.70
12 2024-03-04  100.029999   99.21 -0.82  5.88
13 2024-03-05   99.879997   99.69 -0.20  5.68
14 2024-03-06  100.000000  101.43  1.42  7.10
15 2024-03-07   99.970001   98.28 -1.68  5.42
16 2024-03-08   99.940002   98.28 -1.66  3.76
17 2024-03-11  100.040001   98.67 -1.37  2.39
18 2024-03-12  100.150002  101.78  1.63  4.02
19 2024-03-13  100.050003   98.50 -1.55  2.47
20 2024-03-14  100.029999   99.83 -0.21  2.26
21 2024-03-15  100.029999  101.15  1.12  3.38
22 2024-03-18  100.059998  101.53  1.47  4.85
23 2024-03-20  100.379997  102.63  2.24  7.09
24 2024-03-21  100.129997  100.95  0.82  7.91
25 2024-03-22   99.930000   99.48 -0.45  7.46
26 2024-03-25   99.980003   99.03 -0.95  6.51
27 2024-03-26  100.029999  100.26  0.23  6.74
28 2024-03-27  100.139999  100.38  0.24  6.98
29 2024-03-28  100.050003   99.83 -0.21  6.77
30 2024-04-01   99.980003   98.98 -1.00  5.77
31 2024-04-02   99.910004   99.02 -0.90  4.87
32 2024-04-03  100.029999  101.26  1.23  6.10
33 2024-04-04   99.860001   97.85 -2.01  4.09
34 2024-04-05  100.129997  100.56  0.43  4.52
35 2024-04-08  100.040001  100.27  0.23  4.75
36 2024-04-09  100.019997  100.27  0.24  4.99
37 2024-04-10  100.010002   98.65 -1.37  3.62
38 2024-04-11  100.040001  101.69  1.65  5.27
39 2024-04-12   99.889999   98.26 -1.63  3.64
40 2024-04-15  100.029999   99.12 -0.91  2.73
41 2024-04-16  100.080002   99.85 -0.23  2.50
42 2024-04-17   99.989998   97.77 -2.23  0.27
43 2024-04-18  100.050003   99.70 -0.36 -0.09
Mean Absolute Error: 1.00%
Epoch: 299, Final Loss: 0.000132
Norm: -4.71

         date     Predict    True  diff   acc
0  2024-02-14  100.019997  101.05  1.03  1.03
1  2024-02-15  100.040001  101.54  1.50  2.53
2  2024-02-16   99.970001   99.40 -0.56  1.97
3  2024-02-20   99.959999   99.40 -0.56  1.41
4  2024-02-21  100.019997  101.49  1.47  2.88
5  2024-02-23  100.150002  101.42  1.27  4.15
6  2024-02-26   99.989998   99.76 -0.23  3.92
7  2024-02-27   99.949997  100.00  0.05  3.97
8  2024-02-28   99.989998   99.26 -0.73  3.24
9  2024-02-29   99.949997  100.96  1.02  4.26
10 2024-03-01  100.019997  102.43  2.40  6.66
11 2024-03-04   99.989998   99.21 -0.78  5.88
12 2024-03-05   99.839996   99.69 -0.15  5.73
13 2024-03-06   99.959999  101.43  1.46  7.19
14 2024-03-07   99.930000   98.28 -1.65  5.54
15 2024-03-08   99.900002   98.28 -1.62  3.92
16 2024-03-11   99.989998   98.67 -1.33  2.59
17 2024-03-12  100.110001  101.78  1.67  4.26
18 2024-03-13  100.010002   98.50 -1.51  2.75
19 2024-03-14   99.989998   99.83 -0.17  2.58
20 2024-03-15   99.989998  101.15  1.16  3.74
21 2024-03-18  100.019997  101.53  1.52  5.26
22 2024-03-20  100.339996  102.63  2.28  7.54
23 2024-03-21  100.089996  100.95  0.86  8.40
24 2024-03-22   99.889999   99.48 -0.41  7.99
25 2024-03-25   99.940002   99.03 -0.91  7.08
26 2024-03-26   99.989998  100.26  0.27  7.35
27 2024-03-27  100.099998  100.38  0.28  7.63
28 2024-03-28  100.010002   99.83 -0.17  7.46
29 2024-04-01   99.940002   98.98 -0.96  6.50
30 2024-04-02   99.870003   99.02 -0.86  5.64
31 2024-04-03   99.989998  101.26  1.27  6.91
32 2024-04-04   99.820000   97.85 -1.97  4.94
33 2024-04-05  100.089996  100.56  0.47  5.41
34 2024-04-08  100.000000  100.27  0.27  5.68
35 2024-04-09   99.980003  100.27  0.29  5.97
36 2024-04-10   99.970001   98.65 -1.32  4.65
37 2024-04-11  100.000000  101.69  1.70  6.35
38 2024-04-12   99.849998   98.26 -1.59  4.76
39 2024-04-15   99.989998   99.12 -0.87  3.89
40 2024-04-16  100.040001   99.85 -0.18  3.71
41 2024-04-17   99.949997   97.77 -2.19  1.52
42 2024-04-18  100.010002   99.70 -0.32  1.20
43 2024-04-19  100.050003   98.80 -1.24 -0.04
Mean Absolute Error: 1.01%
Epoch: 299, Final Loss: 0.000135
Norm: -14.52

         date     Predict    True  diff   acc
0  2024-02-15  100.050003  101.54  1.49  1.49
1  2024-02-16   99.980003   99.40 -0.57  0.92
2  2024-02-20   99.970001   99.40 -0.57  0.35
3  2024-02-21  100.029999  101.49  1.46  1.81
4  2024-02-23  100.160004  101.42  1.25  3.06
5  2024-02-26  100.000000   99.76 -0.24  2.82
6  2024-02-27   99.959999  100.00  0.04  2.86
7  2024-02-28  100.010002   99.26 -0.74  2.12
8  2024-02-29   99.959999  100.96  1.00  3.12
9  2024-03-01  100.029999  102.43  2.39  5.51
10 2024-03-04  100.000000   99.21 -0.79  4.72
11 2024-03-05   99.849998   99.69 -0.16  4.56
12 2024-03-06   99.970001  101.43  1.45  6.01
13 2024-03-07   99.940002   98.28 -1.66  4.35
14 2024-03-08   99.910004   98.28 -1.63  2.72
15 2024-03-11  100.010002   98.67 -1.34  1.38
16 2024-03-12  100.120003  101.78  1.66  3.04
17 2024-03-13  100.019997   98.50 -1.52  1.52
18 2024-03-14  100.000000   99.83 -0.18  1.34
19 2024-03-15  100.000000  101.15  1.15  2.49
20 2024-03-18  100.029999  101.53  1.51  4.00
21 2024-03-20  100.349998  102.63  2.27  6.27
22 2024-03-21  100.099998  100.95  0.85  7.12
23 2024-03-22   99.900002   99.48 -0.42  6.70
24 2024-03-25   99.949997   99.03 -0.92  5.78
25 2024-03-26  100.000000  100.26  0.26  6.04
26 2024-03-27  100.110001  100.38  0.27  6.31
27 2024-03-28  100.019997   99.83 -0.18  6.13
28 2024-04-01   99.949997   98.98 -0.97  5.16
29 2024-04-02   99.879997   99.02 -0.87  4.29
30 2024-04-03  100.000000  101.26  1.26  5.55
31 2024-04-04   99.830002   97.85 -1.98  3.57
32 2024-04-05  100.110001  100.56  0.46  4.03
33 2024-04-08  100.010002  100.27  0.26  4.29
34 2024-04-09   99.989998  100.27  0.27  4.56
35 2024-04-10   99.980003   98.65 -1.34  3.22
36 2024-04-11  100.010002  101.69  1.68  4.90
37 2024-04-12   99.860001   98.26 -1.60  3.30
38 2024-04-15  100.000000   99.12 -0.88  2.42
39 2024-04-16  100.050003   99.85 -0.20  2.22
40 2024-04-17   99.959999   97.77 -2.20  0.02
41 2024-04-18  100.019997   99.70 -0.33 -0.31
42 2024-04-19  100.059998   98.80 -1.25 -1.56
43 2024-04-22  100.089996  101.57  1.48 -0.08
Mean Absolute Error: 1.02%
Epoch: 299, Final Loss: 0.000138
Norm: 17.05

         date     Predict    True  diff   acc
0  2024-02-16   99.949997   99.40 -0.55 -0.55
1  2024-02-20   99.949997   99.40 -0.55 -1.10
2  2024-02-21  100.010002  101.49  1.48  0.38
3  2024-02-23  100.139999  101.42  1.28  1.66
4  2024-02-26   99.970001   99.76 -0.22  1.44
5  2024-02-27   99.940002  100.00  0.06  1.50
6  2024-02-28   99.980003   99.26 -0.72  0.78
7  2024-02-29   99.940002  100.96  1.03  1.81
8  2024-03-01  100.010002  102.43  2.42  4.23
9  2024-03-04   99.980003   99.21 -0.77  3.46
10 2024-03-05   99.830002   99.69 -0.14  3.32
11 2024-03-06   99.949997  101.43  1.48  4.80
12 2024-03-07   99.919998   98.28 -1.63  3.17
13 2024-03-08   99.879997   98.28 -1.61  1.56
14 2024-03-11   99.980003   98.67 -1.32  0.24
15 2024-03-12  100.089996  101.78  1.68  1.92
16 2024-03-13  100.000000   98.50 -1.50  0.42
17 2024-03-14   99.980003   99.83 -0.15  0.27
18 2024-03-15   99.980003  101.15  1.17  1.44
19 2024-03-18  100.010002  101.53  1.53  2.97
20 2024-03-20  100.330002  102.63  2.29  5.26
21 2024-03-21  100.080002  100.95  0.87  6.13
22 2024-03-22   99.879997   99.48 -0.40  5.73
23 2024-03-25   99.930000   99.03 -0.90  4.83
24 2024-03-26   99.980003  100.26  0.28  5.11
25 2024-03-27  100.089996  100.38  0.29  5.40
26 2024-03-28   99.989998   99.83 -0.16  5.24
27 2024-04-01   99.930000   98.98 -0.95  4.29
28 2024-04-02   99.860001   99.02 -0.85  3.44
29 2024-04-03   99.980003  101.26  1.28  4.72
30 2024-04-04   99.800003   97.85 -1.96  2.76
31 2024-04-05  100.080002  100.56  0.48  3.24
32 2024-04-08   99.989998  100.27  0.28  3.52
33 2024-04-09   99.970001  100.27  0.30  3.82
34 2024-04-10   99.959999   98.65 -1.31  2.51
35 2024-04-11   99.989998  101.69  1.71  4.22
36 2024-04-12   99.839996   98.26 -1.58  2.64
37 2024-04-15   99.980003   99.12 -0.86  1.78
38 2024-04-16  100.029999   99.85 -0.17  1.61
39 2024-04-17   99.940002   97.77 -2.17 -0.56
40 2024-04-18  100.000000   99.70 -0.31 -0.87
41 2024-04-19  100.040001   98.80 -1.23 -2.10
42 2024-04-22  100.059998  101.57  1.50 -0.60
43 2024-04-23  100.050003  100.61  0.56 -0.04
Mean Absolute Error: 1.00%
Epoch: 299, Final Loss: 0.000133
Norm: 25.03

         date     Predict    True  diff   acc
0  2024-02-20   99.949997   99.40 -0.55 -0.55
1  2024-02-21  100.019997  101.49  1.47  0.92
2  2024-02-23  100.139999  101.42  1.27  2.19
3  2024-02-26   99.980003   99.76 -0.23  1.96
4  2024-02-27   99.940002  100.00  0.06  2.02
5  2024-02-28   99.989998   99.26 -0.73  1.29
6  2024-02-29   99.940002  100.96  1.02  2.31
7  2024-03-01  100.019997  102.43  2.41  4.72
8  2024-03-04   99.989998   99.21 -0.78  3.94
9  2024-03-05   99.830002   99.69 -0.15  3.79
10 2024-03-06   99.959999  101.43  1.47  5.26
11 2024-03-07   99.919998   98.28 -1.64  3.62
12 2024-03-08   99.889999   98.28 -1.61  2.01
13 2024-03-11   99.989998   98.67 -1.32  0.69
14 2024-03-12  100.099998  101.78  1.68  2.37
15 2024-03-13  100.000000   98.50 -1.50  0.87
16 2024-03-14   99.980003   99.83 -0.16  0.71
17 2024-03-15   99.980003  101.15  1.17  1.88
18 2024-03-18  100.010002  101.53  1.52  3.40
19 2024-03-20  100.330002  102.63  2.29  5.69
20 2024-03-21  100.080002  100.95  0.87  6.56
21 2024-03-22   99.879997   99.48 -0.40  6.16
22 2024-03-25   99.940002   99.03 -0.91  5.25
23 2024-03-26   99.989998  100.26  0.28  5.53
24 2024-03-27  100.099998  100.38  0.28  5.81
25 2024-03-28  100.000000   99.83 -0.17  5.64
26 2024-04-01   99.930000   98.98 -0.96  4.68
27 2024-04-02   99.870003   99.02 -0.85  3.83
28 2024-04-03   99.980003  101.26  1.28  5.11
29 2024-04-04   99.809998   97.85 -1.97  3.14
30 2024-04-05  100.089996  100.56  0.47  3.61
31 2024-04-08   99.989998  100.27  0.28  3.89
32 2024-04-09   99.980003  100.27  0.29  4.18
33 2024-04-10   99.959999   98.65 -1.32  2.86
34 2024-04-11   99.989998  101.69  1.70  4.56
35 2024-04-12   99.839996   98.26 -1.58  2.98
36 2024-04-15   99.980003   99.12 -0.87  2.11
37 2024-04-16  100.029999   99.85 -0.18  1.93
38 2024-04-17   99.949997   97.77 -2.18 -0.25
39 2024-04-18  100.010002   99.70 -0.31 -0.56
40 2024-04-19  100.040001   98.80 -1.24 -1.80
41 2024-04-22  100.070000  101.57  1.50 -0.30
42 2024-04-23  100.059998  100.61  0.55  0.25
43 2024-04-24  100.010002   99.70 -0.31 -0.06
Mean Absolute Error: 0.99%
Epoch: 299, Final Loss: 0.000133
Norm: 20.81

         date     Predict    True  diff   acc
0  2024-02-21  100.019997  101.49  1.46  1.46
1  2024-02-23  100.150002  101.42  1.26  2.72
2  2024-02-26   99.989998   99.76 -0.23  2.49
3  2024-02-27   99.949997  100.00  0.05  2.54
4  2024-02-28  100.000000   99.26 -0.73  1.81
5  2024-02-29   99.949997  100.96  1.01  2.82
6  2024-03-01  100.019997  102.43  2.40  5.22
7  2024-03-04  100.000000   99.21 -0.78  4.44
8  2024-03-05   99.839996   99.69 -0.16  4.28
9  2024-03-06   99.970001  101.43  1.46  5.74
10 2024-03-07   99.930000   98.28 -1.65  4.09
11 2024-03-08   99.900002   98.28 -1.62  2.47
12 2024-03-11  100.000000   98.67 -1.33  1.14
13 2024-03-12  100.110001  101.78  1.67  2.81
14 2024-03-13  100.010002   98.50 -1.51  1.30
15 2024-03-14   99.989998   99.83 -0.17  1.13
16 2024-03-15   99.989998  101.15  1.16  2.29
17 2024-03-18  100.019997  101.53  1.51  3.80
18 2024-03-20  100.339996  102.63  2.28  6.08
19 2024-03-21  100.089996  100.95  0.86  6.94
20 2024-03-22   99.889999   99.48 -0.41  6.53
21 2024-03-25   99.949997   99.03 -0.91  5.62
22 2024-03-26   99.989998  100.26  0.27  5.89
23 2024-03-27  100.110001  100.38  0.27  6.16
24 2024-03-28  100.010002   99.83 -0.17  5.99
25 2024-04-01   99.940002   98.98 -0.96  5.03
26 2024-04-02   99.870003   99.02 -0.86  4.17
27 2024-04-03   99.989998  101.26  1.27  5.44
28 2024-04-04   99.820000   97.85 -1.97  3.47
29 2024-04-05  100.099998  100.56  0.46  3.93
30 2024-04-08  100.000000  100.27  0.27  4.20
31 2024-04-09   99.980003  100.27  0.28  4.48
32 2024-04-10   99.970001   98.65 -1.33  3.15
33 2024-04-11  100.000000  101.69  1.69  4.84
34 2024-04-12   99.849998   98.26 -1.59  3.25
35 2024-04-15   99.989998   99.12 -0.88  2.37
36 2024-04-16  100.040001   99.85 -0.19  2.18
37 2024-04-17   99.959999   97.77 -2.19 -0.01
38 2024-04-18  100.010002   99.70 -0.32 -0.33
39 2024-04-19  100.050003   98.80 -1.24 -1.57
40 2024-04-22  100.080002  101.57  1.49 -0.08
41 2024-04-23  100.059998  100.61  0.54  0.46
42 2024-04-24  100.010002   99.70 -0.32  0.14
43 2024-04-25   99.900002   99.67 -0.23 -0.09
Mean Absolute Error: 0.99%
Epoch: 299, Final Loss: 0.000132
Norm: 17.39

         date     Predict    True  diff   acc
0  2024-02-23  100.150002  101.42  1.26  1.26
1  2024-02-26   99.989998   99.76 -0.23  1.03
2  2024-02-27   99.949997  100.00  0.05  1.08
3  2024-02-28  100.000000   99.26 -0.73  0.35
4  2024-02-29   99.949997  100.96  1.01  1.36
5  2024-03-01  100.019997  102.43  2.40  3.76
6  2024-03-04   99.989998   99.21 -0.78  2.98
7  2024-03-05   99.839996   99.69 -0.15  2.83
8  2024-03-06   99.959999  101.43  1.46  4.29
9  2024-03-07   99.930000   98.28 -1.65  2.64
10 2024-03-08   99.900002   98.28 -1.62  1.02
11 2024-03-11  100.000000   98.67 -1.33 -0.31
12 2024-03-12  100.110001  101.78  1.67  1.36
13 2024-03-13  100.010002   98.50 -1.51 -0.15
14 2024-03-14   99.989998   99.83 -0.17 -0.32
15 2024-03-15   99.989998  101.15  1.16  0.84
16 2024-03-18  100.019997  101.53  1.52  2.36
17 2024-03-20  100.339996  102.63  2.28  4.64
18 2024-03-21  100.089996  100.95  0.86  5.50
19 2024-03-22   99.889999   99.48 -0.41  5.09
20 2024-03-25   99.940002   99.03 -0.91  4.18
21 2024-03-26   99.989998  100.26  0.27  4.45
22 2024-03-27  100.099998  100.38  0.28  4.73
23 2024-03-28  100.010002   99.83 -0.17  4.56
24 2024-04-01   99.940002   98.98 -0.96  3.60
25 2024-04-02   99.870003   99.02 -0.86  2.74
26 2024-04-03   99.989998  101.26  1.27  4.01
27 2024-04-04   99.809998   97.85 -1.97  2.04
28 2024-04-05  100.099998  100.56  0.47  2.51
29 2024-04-08  100.000000  100.27  0.27  2.78
30 2024-04-09   99.980003  100.27  0.28  3.06
31 2024-04-10   99.970001   98.65 -1.32  1.74
32 2024-04-11  100.000000  101.69  1.69  3.43
33 2024-04-12   99.849998   98.26 -1.59  1.84
34 2024-04-15   99.989998   99.12 -0.87  0.97
35 2024-04-16  100.040001   99.85 -0.19  0.78
36 2024-04-17   99.949997   97.77 -2.19 -1.41
37 2024-04-18  100.010002   99.70 -0.32 -1.73
38 2024-04-19  100.050003   98.80 -1.24 -2.97
39 2024-04-22  100.080002  101.57  1.49 -1.48
40 2024-04-23  100.059998  100.61  0.54 -0.94
41 2024-04-24  100.010002   99.70 -0.31 -1.25
42 2024-04-25   99.900002   99.67 -0.23 -1.48
43 2024-04-29  100.120003  101.52  1.40 -0.08
Mean Absolute Error: 0.98%
Epoch: 299, Final Loss: 0.000132
Norm: 34.12

         date     Predict    True  diff   acc
0  2024-02-26   99.940002   99.76 -0.19 -0.19
1  2024-02-27   99.900002  100.00  0.10 -0.09
2  2024-02-28   99.949997   99.26 -0.69 -0.78
3  2024-02-29   99.910004  100.96  1.06  0.28
4  2024-03-01   99.980003  102.43  2.45  2.73
5  2024-03-04   99.949997   99.21 -0.74  1.99
6  2024-03-05   99.800003   99.69 -0.11  1.88
7  2024-03-06   99.919998  101.43  1.51  3.39
8  2024-03-07   99.879997   98.28 -1.60  1.79
9  2024-03-08   99.849998   98.28 -1.58  0.21
10 2024-03-11   99.949997   98.67 -1.29 -1.08
11 2024-03-12  100.059998  101.78  1.71  0.63
12 2024-03-13   99.959999   98.50 -1.46 -0.83
13 2024-03-14   99.949997   99.83 -0.12 -0.95
14 2024-03-15   99.940002  101.15  1.21  0.26
15 2024-03-18   99.970001  101.53  1.56  1.82
16 2024-03-20  100.300003  102.63  2.32  4.14
17 2024-03-21  100.050003  100.95  0.90  5.04
18 2024-03-22   99.839996   99.48 -0.36  4.68
19 2024-03-25   99.900002   99.03 -0.87  3.81
20 2024-03-26   99.949997  100.26  0.31  4.12
21 2024-03-27  100.059998  100.38  0.32  4.44
22 2024-03-28   99.959999   99.83 -0.13  4.31
23 2024-04-01   99.900002   98.98 -0.92  3.39
24 2024-04-02   99.830002   99.02 -0.81  2.58
25 2024-04-03   99.940002  101.26  1.32  3.90
26 2024-04-04   99.769997   97.85 -1.93  1.97
27 2024-04-05  100.050003  100.56  0.51  2.48
28 2024-04-08   99.949997  100.27  0.31  2.79
29 2024-04-09   99.940002  100.27  0.33  3.12
30 2024-04-10   99.930000   98.65 -1.28  1.84
31 2024-04-11   99.949997  101.69  1.74  3.58
32 2024-04-12   99.809998   98.26 -1.54  2.04
33 2024-04-15   99.949997   99.12 -0.83  1.21
34 2024-04-16   99.989998   99.85 -0.14  1.07
35 2024-04-17   99.910004   97.77 -2.14 -1.07
36 2024-04-18   99.970001   99.70 -0.27 -1.34
37 2024-04-19  100.010002   98.80 -1.20 -2.54
38 2024-04-22  100.029999  101.57  1.54 -1.00
39 2024-04-23  100.019997  100.61  0.59 -0.41
40 2024-04-24   99.970001   99.70 -0.27 -0.68
41 2024-04-25   99.860001   99.67 -0.19 -0.87
42 2024-04-29  100.080002  101.52  1.44  0.57
43 2024-04-30   99.879997   99.28 -0.61 -0.04
Mean Absolute Error: 0.97%
Epoch: 299, Final Loss: 0.000129
Norm: 32.98

         date     Predict    True  diff   acc
0  2024-02-27   99.910004  100.00  0.09  0.09
1  2024-02-28   99.959999   99.26 -0.70 -0.61
2  2024-02-29   99.919998  100.96  1.05  0.44
3  2024-03-01   99.989998  102.43  2.44  2.88
4  2024-03-04   99.959999   99.21 -0.75  2.13
5  2024-03-05   99.800003   99.69 -0.12  2.01
6  2024-03-06   99.930000  101.43  1.50  3.51
7  2024-03-07   99.889999   98.28 -1.61  1.90
8  2024-03-08   99.860001   98.28 -1.59  0.31
9  2024-03-11   99.959999   98.67 -1.29 -0.98
10 2024-03-12  100.070000  101.78  1.70  0.72
11 2024-03-13   99.970001   98.50 -1.47 -0.75
12 2024-03-14   99.949997   99.83 -0.13 -0.88
13 2024-03-15   99.949997  101.15  1.20  0.32
14 2024-03-18   99.980003  101.53  1.55  1.87
15 2024-03-20  100.309998  102.63  2.32  4.19
16 2024-03-21  100.050003  100.95  0.89  5.08
17 2024-03-22   99.849998   99.48 -0.37  4.71
18 2024-03-25   99.910004   99.03 -0.88  3.83
19 2024-03-26   99.959999  100.26  0.31  4.14
20 2024-03-27  100.070000  100.38  0.31  4.45
21 2024-03-28   99.970001   99.83 -0.14  4.31
22 2024-04-01   99.900002   98.98 -0.93  3.38
23 2024-04-02   99.839996   99.02 -0.82  2.56
24 2024-04-03   99.949997  101.26  1.31  3.87
25 2024-04-04   99.779999   97.85 -1.93  1.94
26 2024-04-05  100.059998  100.56  0.50  2.44
27 2024-04-08   99.959999  100.27  0.30  2.74
28 2024-04-09   99.949997  100.27  0.32  3.06
29 2024-04-10   99.930000   98.65 -1.29  1.77
30 2024-04-11   99.959999  101.69  1.73  3.50
31 2024-04-12   99.809998   98.26 -1.55  1.95
32 2024-04-15   99.949997   99.12 -0.84  1.11
33 2024-04-16  100.000000   99.85 -0.15  0.96
34 2024-04-17   99.919998   97.77 -2.15 -1.19
35 2024-04-18   99.980003   99.70 -0.28 -1.47
36 2024-04-19  100.010002   98.80 -1.21 -2.68
37 2024-04-22  100.040001  101.57  1.53 -1.15
38 2024-04-23  100.029999  100.61  0.58 -0.57
39 2024-04-24   99.980003   99.70 -0.28 -0.85
40 2024-04-25   99.870003   99.67 -0.20 -1.05
41 2024-04-29  100.089996  101.52  1.43  0.38
42 2024-04-30   99.889999   99.28 -0.61 -0.23
43 2024-05-01   99.760002   99.92  0.16 -0.07
Mean Absolute Error: 0.97%
Epoch: 299, Final Loss: 0.000129
Norm: 33.63

         date     Predict    True  diff   acc
0  2024-02-28  100.000000   99.26 -0.74 -0.74
1  2024-02-29   99.959999  100.96  1.01  0.27
2  2024-03-01  100.029999  102.43  2.39  2.66
3  2024-03-04  100.000000   99.21 -0.79  1.87
4  2024-03-05   99.849998   99.69 -0.16  1.71
5  2024-03-06   99.970001  101.43  1.45  3.16
6  2024-03-07   99.940002   98.28 -1.66  1.50
7  2024-03-08   99.900002   98.28 -1.63 -0.13
8  2024-03-11  100.000000   98.67 -1.34 -1.47
9  2024-03-12  100.120003  101.78  1.66  0.19
10 2024-03-13  100.019997   98.50 -1.52 -1.33
11 2024-03-14  100.000000   99.83 -0.17 -1.50
12 2024-03-15  100.000000  101.15  1.15 -0.35
13 2024-03-18  100.029999  101.53  1.51  1.16
14 2024-03-20  100.349998  102.63  2.27  3.43
15 2024-03-21  100.099998  100.95  0.85  4.28
16 2024-03-22   99.900002   99.48 -0.41  3.87
17 2024-03-25   99.949997   99.03 -0.92  2.95
18 2024-03-26  100.000000  100.26  0.26  3.21
19 2024-03-27  100.120003  100.38  0.27  3.48
20 2024-03-28  100.010002   99.83 -0.18  3.30
21 2024-04-01   99.949997   98.98 -0.97  2.33
22 2024-04-02   99.879997   99.02 -0.86  1.47
23 2024-04-03  100.000000  101.26  1.26  2.73
24 2024-04-04   99.820000   97.85 -1.98  0.75
25 2024-04-05  100.110001  100.56  0.46  1.21
26 2024-04-08  100.010002  100.27  0.26  1.47
27 2024-04-09   99.989998  100.27  0.28  1.75
28 2024-04-10   99.980003   98.65 -1.33  0.42
29 2024-04-11  100.010002  101.69  1.69  2.11
30 2024-04-12   99.860001   98.26 -1.59  0.52
31 2024-04-15  100.000000   99.12 -0.88 -0.36
32 2024-04-16  100.050003   99.85 -0.19 -0.55
33 2024-04-17   99.959999   97.77 -2.19 -2.74
34 2024-04-18  100.019997   99.70 -0.33 -3.07
35 2024-04-19  100.059998   98.80 -1.25 -4.32
36 2024-04-22  100.089996  101.57  1.48 -2.84
37 2024-04-23  100.070000  100.61  0.53 -2.31
38 2024-04-24  100.019997   99.70 -0.32 -2.63
39 2024-04-25   99.910004   99.67 -0.24 -2.87
40 2024-04-29  100.129997  101.52  1.39 -1.48
41 2024-04-30   99.930000   99.28 -0.66 -2.14
42 2024-05-01   99.800003   99.92  0.12 -2.02
43 2024-05-06  100.220001  102.21  1.99 -0.03
Mean Absolute Error: 1.01%
Epoch: 299, Final Loss: 0.000138
Norm: 49.88

         date     Predict    True  diff   acc
0  2024-02-29   99.959999  100.96  1.00  1.00
1  2024-03-01  100.040001  102.43  2.39  3.39
2  2024-03-04  100.010002   99.21 -0.80  2.59
3  2024-03-05   99.849998   99.69 -0.16  2.43
4  2024-03-06   99.980003  101.43  1.45  3.88
5  2024-03-07   99.940002   98.28 -1.66  2.22
6  2024-03-08   99.910004   98.28 -1.63  0.59
7  2024-03-11  100.010002   98.67 -1.34 -0.75
8  2024-03-12  100.120003  101.78  1.65  0.90
9  2024-03-13  100.019997   98.50 -1.52 -0.62
10 2024-03-14  100.000000   99.83 -0.18 -0.80
11 2024-03-15  100.000000  101.15  1.15  0.35
12 2024-03-18  100.029999  101.53  1.50  1.85
13 2024-03-20  100.360001  102.63  2.26  4.11
14 2024-03-21  100.099998  100.95  0.84  4.95
15 2024-03-22   99.900002   99.48 -0.42  4.53
16 2024-03-25   99.959999   99.03 -0.92  3.61
17 2024-03-26  100.000000  100.26  0.26  3.87
18 2024-03-27  100.120003  100.38  0.26  4.13
19 2024-03-28  100.019997   99.83 -0.18  3.95
20 2024-04-01   99.949997   98.98 -0.97  2.98
21 2024-04-02   99.879997   99.02 -0.87  2.11
22 2024-04-03  100.000000  101.26  1.26  3.37
23 2024-04-04   99.820000   97.85 -1.98  1.39
24 2024-04-05  100.110001  100.56  0.45  1.84
25 2024-04-08  100.010002  100.27  0.26  2.10
26 2024-04-09   99.989998  100.27  0.27  2.37
27 2024-04-10   99.980003   98.65 -1.33  1.04
28 2024-04-11  100.010002  101.69  1.68  2.72
29 2024-04-12   99.860001   98.26 -1.60  1.12
30 2024-04-15  100.000000   99.12 -0.88  0.24
31 2024-04-16  100.050003   99.85 -0.20  0.04
32 2024-04-17   99.970001   97.77 -2.20 -2.16
33 2024-04-18  100.029999   99.70 -0.33 -2.49
34 2024-04-19  100.059998   98.80 -1.26 -3.75
35 2024-04-22  100.089996  101.57  1.48 -2.27
36 2024-04-23  100.080002  100.61  0.53 -1.74
37 2024-04-24  100.019997   99.70 -0.33 -2.07
38 2024-04-25   99.910004   99.67 -0.24 -2.31
39 2024-04-29  100.139999  101.52  1.38 -0.93
40 2024-04-30   99.930000   99.28 -0.66 -1.59
41 2024-05-01   99.809998   99.92  0.12 -1.47
42 2024-05-06  100.230003  102.21  1.98  0.51
43 2024-05-07  100.070000   99.48 -0.58 -0.07
Mean Absolute Error: 1.01%
Epoch: 299, Final Loss: 0.000137
Norm: 42.30

         date     Predict    True  diff   acc
0  2024-03-01   99.989998  102.43  2.44  2.44
1  2024-03-04   99.959999   99.21 -0.75  1.69
2  2024-03-05   99.800003   99.69 -0.11  1.58
3  2024-03-06   99.930000  101.43  1.50  3.08
4  2024-03-07   99.889999   98.28 -1.61  1.47
5  2024-03-08   99.860001   98.28 -1.58 -0.11
6  2024-03-11   99.959999   98.67 -1.29 -1.40
7  2024-03-12  100.070000  101.78  1.70  0.30
8  2024-03-13   99.970001   98.50 -1.47 -1.17
9  2024-03-14   99.949997   99.83 -0.13 -1.30
10 2024-03-15   99.949997  101.15  1.20 -0.10
11 2024-03-18   99.980003  101.53  1.55  1.45
12 2024-03-20  100.309998  102.63  2.31  3.76
13 2024-03-21  100.059998  100.95  0.89  4.65
14 2024-03-22   99.849998   99.48 -0.37  4.28
15 2024-03-25   99.910004   99.03 -0.88  3.40
16 2024-03-26   99.949997  100.26  0.31  3.71
17 2024-03-27  100.070000  100.38  0.31  4.02
18 2024-03-28   99.970001   99.83 -0.14  3.88
19 2024-04-01   99.900002   98.98 -0.92  2.96
20 2024-04-02   99.830002   99.02 -0.82  2.14
21 2024-04-03   99.949997  101.26  1.31  3.45
22 2024-04-04   99.769997   97.85 -1.93  1.52
23 2024-04-05  100.059998  100.56  0.50  2.02
24 2024-04-08   99.959999  100.27  0.31  2.33
25 2024-04-09   99.949997  100.27  0.32  2.65
26 2024-04-10   99.930000   98.65 -1.28  1.37
27 2024-04-11   99.959999  101.69  1.73  3.10
28 2024-04-12   99.809998   98.26 -1.55  1.55
29 2024-04-15   99.949997   99.12 -0.84  0.71
30 2024-04-16  100.000000   99.85 -0.15  0.56
31 2024-04-17   99.919998   97.77 -2.15 -1.59
32 2024-04-18   99.980003   99.70 -0.28 -1.87
33 2024-04-19  100.010002   98.80 -1.21 -3.08
34 2024-04-22  100.040001  101.57  1.53 -1.55
35 2024-04-23  100.029999  100.61  0.58 -0.97
36 2024-04-24   99.980003   99.70 -0.28 -1.25
37 2024-04-25   99.860001   99.67 -0.19 -1.44
38 2024-04-29  100.089996  101.52  1.43 -0.01
39 2024-04-30   99.879997   99.28 -0.61 -0.62
40 2024-05-01   99.760002   99.92  0.16 -0.46
41 2024-05-06  100.180000  102.21  2.03  1.57
42 2024-05-07  100.019997   99.48 -0.53  1.04
43 2024-05-08  100.059998   98.96 -1.10 -0.06
Mean Absolute Error: 1.01%
Epoch: 299, Final Loss: 0.000138
Norm: 39.07

         date     Predict    True  diff   acc
0  2024-03-04   99.910004   99.21 -0.70 -0.70
1  2024-03-05   99.750000   99.69 -0.07 -0.77
2  2024-03-06   99.879997  101.43  1.55  0.78
3  2024-03-07   99.849998   98.28 -1.57 -0.79
4  2024-03-08   99.809998   98.28 -1.54 -2.33
5  2024-03-11   99.910004   98.67 -1.25 -3.58
6  2024-03-12  100.029999  101.78  1.75 -1.83
7  2024-03-13   99.930000   98.50 -1.43 -3.26
8  2024-03-14   99.910004   99.83 -0.08 -3.34
9  2024-03-15   99.900002  101.15  1.25 -2.09
10 2024-03-18   99.940002  101.53  1.60 -0.49
11 2024-03-20  100.269997  102.63  2.36  1.87
12 2024-03-21  100.010002  100.95  0.94  2.81
13 2024-03-22   99.800003   99.48 -0.32  2.49
14 2024-03-25   99.860001   99.03 -0.83  1.66
15 2024-03-26   99.910004  100.26  0.35  2.01
16 2024-03-27  100.029999  100.38  0.35  2.36
17 2024-03-28   99.919998   99.83 -0.09  2.27
18 2024-04-01   99.860001   98.98 -0.88  1.39
19 2024-04-02   99.790001   99.02 -0.77  0.62
20 2024-04-03   99.900002  101.26  1.36  1.98
21 2024-04-04   99.730003   97.85 -1.88  0.10
22 2024-04-05  100.019997  100.56  0.54  0.64
23 2024-04-08   99.919998  100.27  0.35  0.99
24 2024-04-09   99.900002  100.27  0.37  1.36
25 2024-04-10   99.879997   98.65 -1.24  0.12
26 2024-04-11   99.910004  101.69  1.78  1.90
27 2024-04-12   99.760002   98.26 -1.50  0.40
28 2024-04-15   99.910004   99.12 -0.79 -0.39
29 2024-04-16   99.959999   99.85 -0.10 -0.49
30 2024-04-17   99.870003   97.77 -2.11 -2.60
31 2024-04-18   99.930000   99.70 -0.24 -2.84
32 2024-04-19   99.970001   98.80 -1.17 -4.01
33 2024-04-22  100.000000  101.57  1.57 -2.44
34 2024-04-23   99.980003  100.61  0.62 -1.82
35 2024-04-24   99.930000   99.70 -0.23 -2.05
36 2024-04-25   99.820000   99.67 -0.15 -2.20
37 2024-04-29  100.040001  101.52  1.48 -0.72
38 2024-04-30   99.839996   99.28 -0.56 -1.28
39 2024-05-01   99.720001   99.92  0.21 -1.07
40 2024-05-06  100.139999  102.21  2.07  1.00
41 2024-05-07   99.970001   99.48 -0.49  0.51
42 2024-05-08  100.010002   98.96 -1.05 -0.54
43 2024-05-09  100.000000  100.48  0.47 -0.07
Mean Absolute Error: 0.95%
Epoch: 299, Final Loss: 0.000125
Norm: 57.77

         date     Predict    True  diff   acc
0  2024-03-05   99.750000   99.69 -0.07 -0.07
1  2024-03-06   99.879997  101.43  1.55  1.48
2  2024-03-07   99.849998   98.28 -1.57 -0.09
3  2024-03-08   99.809998   98.28 -1.54 -1.63
4  2024-03-11   99.910004   98.67 -1.25 -2.88
5  2024-03-12  100.029999  101.78  1.75 -1.13
6  2024-03-13   99.930000   98.50 -1.43 -2.56
7  2024-03-14   99.910004   99.83 -0.08 -2.64
8  2024-03-15   99.900002  101.15  1.25 -1.39
9  2024-03-18   99.940002  101.53  1.60  0.21
10 2024-03-20  100.269997  102.63  2.35  2.56
11 2024-03-21  100.010002  100.95  0.94  3.50
12 2024-03-22   99.800003   99.48 -0.32  3.18
13 2024-03-25   99.860001   99.03 -0.83  2.35
14 2024-03-26   99.910004  100.26  0.35  2.70
15 2024-03-27  100.029999  100.38  0.35  3.05
16 2024-03-28   99.919998   99.83 -0.09  2.96
17 2024-04-01   99.860001   98.98 -0.88  2.08
18 2024-04-02   99.779999   99.02 -0.77  1.31
19 2024-04-03   99.900002  101.26  1.36  2.67
20 2024-04-04   99.720001   97.85 -1.88  0.79
21 2024-04-05  100.019997  100.56  0.54  1.33
22 2024-04-08   99.919998  100.27  0.35  1.68
23 2024-04-09   99.900002  100.27  0.37  2.05
24 2024-04-10   99.879997   98.65 -1.24  0.81
25 2024-04-11   99.919998  101.69  1.78  2.59
26 2024-04-12   99.760002   98.26 -1.50  1.09
27 2024-04-15   99.900002   99.12 -0.79  0.30
28 2024-04-16   99.959999   99.85 -0.10  0.20
29 2024-04-17   99.870003   97.77 -2.11 -1.91
30 2024-04-18   99.930000   99.70 -0.24 -2.15
31 2024-04-19   99.970001   98.80 -1.17 -3.32
32 2024-04-22  100.000000  101.57  1.57 -1.75
33 2024-04-23   99.989998  100.61  0.62 -1.13
34 2024-04-24   99.930000   99.70 -0.23 -1.36
35 2024-04-25   99.820000   99.67 -0.14 -1.50
36 2024-04-29  100.050003  101.52  1.47 -0.03
37 2024-04-30   99.830002   99.28 -0.56 -0.59
38 2024-05-01   99.720001   99.92  0.21 -0.38
39 2024-05-06  100.150002  102.21  2.07  1.69
40 2024-05-07   99.970001   99.48 -0.49  1.20
41 2024-05-08  100.010002   98.96 -1.05  0.15
42 2024-05-09  100.000000  100.48  0.47  0.62
43 2024-05-10   99.959999   99.28 -0.68 -0.06
Mean Absolute Error: 0.95%
Epoch: 299, Final Loss: 0.000125
Norm: 47.80

         date     Predict    True  diff   acc
0  2024-03-06   99.889999  101.43  1.54  1.54
1  2024-03-07   99.860001   98.28 -1.58 -0.04
2  2024-03-08   99.820000   98.28 -1.55 -1.59
3  2024-03-11   99.919998   98.67 -1.26 -2.85
4  2024-03-12  100.040001  101.78  1.74 -1.11
5  2024-03-13   99.930000   98.50 -1.44 -2.55
6  2024-03-14   99.910004   99.83 -0.09 -2.64
7  2024-03-15   99.910004  101.15  1.24 -1.40
8  2024-03-18   99.949997  101.53  1.59  0.19
9  2024-03-20  100.279999  102.63  2.34  2.53
10 2024-03-21  100.019997  100.95  0.93  3.46
11 2024-03-22   99.809998   99.48 -0.33  3.13
12 2024-03-25   99.870003   99.03 -0.84  2.29
13 2024-03-26   99.919998  100.26  0.35  2.64
14 2024-03-27  100.040001  100.38  0.34  2.98
15 2024-03-28   99.930000   99.83 -0.10  2.88
16 2024-04-01   99.860001   98.98 -0.88  2.00
17 2024-04-02   99.790001   99.02 -0.78  1.22
18 2024-04-03   99.910004  101.26  1.35  2.57
19 2024-04-04   99.730003   97.85 -1.89  0.68
20 2024-04-05  100.029999  100.56  0.53  1.21
21 2024-04-08   99.919998  100.27  0.34  1.55
22 2024-04-09   99.910004  100.27  0.36  1.91
23 2024-04-10   99.889999   98.65 -1.24  0.67
24 2024-04-11   99.919998  101.69  1.77  2.44
25 2024-04-12   99.769997   98.26 -1.51  0.93
26 2024-04-15   99.910004   99.12 -0.80  0.13
27 2024-04-16   99.959999   99.85 -0.11  0.02
28 2024-04-17   99.879997   97.77 -2.11 -2.09
29 2024-04-18   99.940002   99.70 -0.24 -2.33
30 2024-04-19   99.980003   98.80 -1.17 -3.50
31 2024-04-22  100.010002  101.57  1.56 -1.94
32 2024-04-23   99.989998  100.61  0.61 -1.33
33 2024-04-24   99.940002   99.70 -0.24 -1.57
34 2024-04-25   99.820000   99.67 -0.15 -1.72
35 2024-04-29  100.050003  101.52  1.47 -0.25
36 2024-04-30   99.839996   99.28 -0.57 -0.82
37 2024-05-01   99.730003   99.92  0.20 -0.62
38 2024-05-06  100.160004  102.21  2.05  1.43
39 2024-05-07   99.980003   99.48 -0.50  0.93
40 2024-05-08  100.019997   98.96 -1.06 -0.13
41 2024-05-09  100.010002  100.48  0.46  0.33
42 2024-05-10   99.970001   99.28 -0.69 -0.36
43 2024-05-13   99.919998  100.20  0.28 -0.08
Mean Absolute Error: 0.96%
Epoch: 299, Final Loss: 0.000125
Norm: 49.14

         date     Predict    True  diff   acc
0  2024-03-07   99.849998   98.28 -1.57 -1.57
1  2024-03-08   99.809998   98.28 -1.53 -3.10
2  2024-03-11   99.910004   98.67 -1.24 -4.34
3  2024-03-12  100.029999  101.78  1.75 -2.59
4  2024-03-13   99.919998   98.50 -1.42 -4.01
5  2024-03-14   99.900002   99.83 -0.08 -4.09
6  2024-03-15   99.900002  101.15  1.25 -2.84
7  2024-03-18   99.930000  101.53  1.60 -1.24
8  2024-03-20  100.269997  102.63  2.35  1.11
9  2024-03-21  100.010002  100.95  0.94  2.05
10 2024-03-22   99.800003   99.48 -0.31  1.74
11 2024-03-25   99.849998   99.03 -0.82  0.92
12 2024-03-26   99.900002  100.26  0.36  1.28
13 2024-03-27  100.029999  100.38  0.35  1.63
14 2024-03-28   99.919998   99.83 -0.09  1.54
15 2024-04-01   99.849998   98.98 -0.87  0.67
16 2024-04-02   99.779999   99.02 -0.76 -0.09
17 2024-04-03   99.900002  101.26  1.36  1.27
18 2024-04-04   99.720001   97.85 -1.87 -0.60
19 2024-04-05  100.019997  100.56  0.55 -0.05
20 2024-04-08   99.910004  100.27  0.36  0.31
21 2024-04-09   99.900002  100.27  0.37  0.68
22 2024-04-10   99.870003   98.65 -1.23 -0.55
23 2024-04-11   99.910004  101.69  1.78  1.23
24 2024-04-12   99.750000   98.26 -1.49 -0.26
25 2024-04-15   99.900002   99.12 -0.78 -1.04
26 2024-04-16   99.949997   99.85 -0.10 -1.14
27 2024-04-17   99.870003   97.77 -2.10 -3.24
28 2024-04-18   99.930000   99.70 -0.23 -3.47
29 2024-04-19   99.970001   98.80 -1.16 -4.63
30 2024-04-22  100.000000  101.57  1.57 -3.06
31 2024-04-23   99.980003  100.61  0.63 -2.43
32 2024-04-24   99.919998   99.70 -0.23 -2.66
33 2024-04-25   99.809998   99.67 -0.14 -2.80
34 2024-04-29  100.040001  101.52  1.48 -1.32
35 2024-04-30   99.820000   99.28 -0.55 -1.87
36 2024-05-01   99.709999   99.92  0.21 -1.66
37 2024-05-06  100.150002  102.21  2.06  0.40
38 2024-05-07   99.970001   99.48 -0.48 -0.08
39 2024-05-08  100.010002   98.96 -1.05 -1.13
40 2024-05-09  100.000000  100.48  0.47 -0.66
41 2024-05-10   99.959999   99.28 -0.68 -1.34
42 2024-05-13   99.910004  100.20  0.29 -1.05
43 2024-05-14   99.959999  100.95  1.00 -0.05
Mean Absolute Error: 0.94%
Epoch: 299, Final Loss: 0.000122
Norm: 68.56

         date     Predict    True  diff   acc
0  2024-03-08   99.849998   98.28 -1.58 -1.58
1  2024-03-11   99.959999   98.67 -1.29 -2.87
2  2024-03-12  100.070000  101.78  1.70 -1.17
3  2024-03-13   99.970001   98.50 -1.47 -2.64
4  2024-03-14   99.949997   99.83 -0.12 -2.76
5  2024-03-15   99.940002  101.15  1.21 -1.55
6  2024-03-18   99.980003  101.53  1.55  0.00
7  2024-03-20  100.320000  102.63  2.30  2.30
8  2024-03-21  100.059998  100.95  0.89  3.19
9  2024-03-22   99.839996   99.48 -0.36  2.83
10 2024-03-25   99.900002   99.03 -0.87  1.96
11 2024-03-26   99.949997  100.26  0.31  2.27
12 2024-03-27  100.080002  100.38  0.30  2.57
13 2024-03-28   99.970001   99.83 -0.13  2.44
14 2024-04-01   99.889999   98.98 -0.91  1.53
15 2024-04-02   99.820000   99.02 -0.80  0.73
16 2024-04-03   99.940002  101.26  1.32  2.05
17 2024-04-04   99.760002   97.85 -1.92  0.13
18 2024-04-05  100.059998  100.56  0.50  0.63
19 2024-04-08   99.959999  100.27  0.31  0.94
20 2024-04-09   99.940002  100.27  0.33  1.27
21 2024-04-10   99.910004   98.65 -1.27  0.00
22 2024-04-11   99.959999  101.69  1.74  1.74
23 2024-04-12   99.790001   98.26 -1.53  0.21
24 2024-04-15   99.940002   99.12 -0.82 -0.61
25 2024-04-16  100.000000   99.85 -0.15 -0.76
26 2024-04-17   99.910004   97.77 -2.15 -2.91
27 2024-04-18   99.970001   99.70 -0.28 -3.19
28 2024-04-19  100.010002   98.80 -1.21 -4.40
29 2024-04-22  100.040001  101.57  1.53 -2.87
30 2024-04-23  100.029999  100.61  0.58 -2.29
31 2024-04-24   99.970001   99.70 -0.27 -2.56
32 2024-04-25   99.849998   99.67 -0.18 -2.74
33 2024-04-29  100.089996  101.52  1.43 -1.31
34 2024-04-30   99.870003   99.28 -0.59 -1.90
35 2024-05-01   99.760002   99.92  0.16 -1.74
36 2024-05-06  100.199997  102.21  2.01  0.27
37 2024-05-07  100.010002   99.48 -0.53 -0.26
38 2024-05-08  100.059998   98.96 -1.10 -1.36
39 2024-05-09  100.050003  100.48  0.43 -0.93
40 2024-05-10  100.000000   99.28 -0.73 -1.66
41 2024-05-13   99.959999  100.20  0.25 -1.41
42 2024-05-14  100.000000  100.95  0.95 -0.46
43 2024-05-15   99.949997  100.35  0.40 -0.06
Mean Absolute Error: 0.92%
Epoch: 299, Final Loss: 0.000116
Norm: 57.18

         date     Predict    True  diff   acc
0  2024-03-11   99.980003   98.67 -1.32 -1.32
1  2024-03-12  100.099998  101.78  1.68  0.36
2  2024-03-13   99.989998   98.50 -1.49 -1.13
3  2024-03-14   99.970001   99.83 -0.15 -1.28
4  2024-03-15   99.970001  101.15  1.18 -0.10
5  2024-03-18  100.010002  101.53  1.53  1.43
6  2024-03-20  100.349998  102.63  2.27  3.70
7  2024-03-21  100.080002  100.95  0.86  4.56
8  2024-03-22   99.860001   99.48 -0.38  4.18
9  2024-03-25   99.919998   99.03 -0.89  3.29
10 2024-03-26   99.980003  100.26  0.29  3.58
11 2024-03-27  100.110001  100.38  0.27  3.85
12 2024-03-28   99.989998   99.83 -0.16  3.69
13 2024-04-01   99.919998   98.98 -0.94  2.75
14 2024-04-02   99.839996   99.02 -0.83  1.92
15 2024-04-03   99.970001  101.26  1.29  3.21
16 2024-04-04   99.779999   97.85 -1.94  1.27
17 2024-04-05  100.089996  100.56  0.47  1.74
18 2024-04-08   99.980003  100.27  0.28  2.02
19 2024-04-09   99.970001  100.27  0.30  2.32
20 2024-04-10   99.940002   98.65 -1.29  1.03
21 2024-04-11   99.980003  101.69  1.71  2.74
22 2024-04-12   99.820000   98.26 -1.56  1.18
23 2024-04-15   99.970001   99.12 -0.85  0.33
24 2024-04-16  100.019997   99.85 -0.17  0.16
25 2024-04-17   99.940002   97.77 -2.17 -2.01
26 2024-04-18  100.000000   99.70 -0.30 -2.31
27 2024-04-19  100.040001   98.80 -1.24 -3.55
28 2024-04-22  100.070000  101.57  1.50 -2.05
29 2024-04-23  100.059998  100.61  0.55 -1.50
30 2024-04-24  100.000000   99.70 -0.30 -1.80
31 2024-04-25   99.870003   99.67 -0.20 -2.00
32 2024-04-29  100.120003  101.52  1.40 -0.60
33 2024-04-30   99.889999   99.28 -0.61 -1.21
34 2024-05-01   99.790001   99.92  0.13 -1.08
35 2024-05-06  100.230003  102.21  1.98  0.90
36 2024-05-07  100.040001   99.48 -0.56  0.34
37 2024-05-08  100.080002   98.96 -1.12 -0.78
38 2024-05-09  100.080002  100.48  0.40 -0.38
39 2024-05-10  100.029999   99.28 -0.75 -1.13
40 2024-05-13   99.980003  100.20  0.22 -0.91
41 2024-05-14  100.029999  100.95  0.92  0.01
42 2024-05-15   99.980003  100.35  0.37  0.38
43 2024-05-16  100.000000   99.58 -0.42 -0.04
Mean Absolute Error: 0.89%
Epoch: 299, Final Loss: 0.000111
Norm: 43.28

         date     Predict    True  diff   acc
0  2024-03-12  100.139999  101.78  1.63  1.63
1  2024-03-13  100.029999   98.50 -1.53  0.10
2  2024-03-14  100.010002   99.83 -0.18 -0.08
3  2024-03-15  100.000000  101.15  1.15  1.07
4  2024-03-18  100.050003  101.53  1.49  2.56
5  2024-03-20  100.389999  102.63  2.23  4.79
6  2024-03-21  100.120003  100.95  0.82  5.61
7  2024-03-22   99.900002   99.48 -0.42  5.19
8  2024-03-25   99.959999   99.03 -0.93  4.26
9  2024-03-26  100.010002  100.26  0.25  4.51
10 2024-03-27  100.150002  100.38  0.23  4.74
11 2024-03-28  100.029999   99.83 -0.20  4.54
12 2024-04-01   99.949997   98.98 -0.98  3.56
13 2024-04-02   99.879997   99.02 -0.86  2.70
14 2024-04-03  100.010002  101.26  1.25  3.95
15 2024-04-04   99.820000   97.85 -1.97  1.98
16 2024-04-05  100.129997  100.56  0.43  2.41
17 2024-04-08  100.019997  100.27  0.25  2.66
18 2024-04-09  100.010002  100.27  0.26  2.92
19 2024-04-10   99.970001   98.65 -1.33  1.59
20 2024-04-11  100.019997  101.69  1.67  3.26
21 2024-04-12   99.849998   98.26 -1.59  1.67
22 2024-04-15  100.000000   99.12 -0.88  0.79
23 2024-04-16  100.059998   99.85 -0.21  0.58
24 2024-04-17   99.980003   97.77 -2.21 -1.63
25 2024-04-18  100.040001   99.70 -0.34 -1.97
26 2024-04-19  100.080002   98.80 -1.28 -3.25
27 2024-04-22  100.110001  101.57  1.46 -1.79
28 2024-04-23  100.099998  100.61  0.51 -1.28
29 2024-04-24  100.029999   99.70 -0.34 -1.62
30 2024-04-25   99.910004   99.67 -0.24 -1.86
31 2024-04-29  100.160004  101.52  1.36 -0.50
32 2024-04-30   99.919998   99.28 -0.65 -1.15
33 2024-05-01   99.830002   99.92  0.09 -1.06
34 2024-05-06  100.279999  102.21  1.93  0.87
35 2024-05-07  100.080002   99.48 -0.59  0.28
36 2024-05-08  100.120003   98.96 -1.16 -0.88
37 2024-05-09  100.120003  100.48  0.36 -0.52
38 2024-05-10  100.070000   99.28 -0.79 -1.31
39 2024-05-13  100.019997  100.20  0.18 -1.13
40 2024-05-14  100.070000  100.95  0.88 -0.25
41 2024-05-15  100.019997  100.35  0.32  0.07
42 2024-05-16  100.040001   99.58 -0.46 -0.39
43 2024-05-17  100.070000  100.42  0.35 -0.04
Mean Absolute Error: 0.87%
Epoch: 299, Final Loss: 0.000107
Norm: 36.23

         date     Predict    True  diff   acc
0  2024-03-13  100.029999   98.50 -1.53 -1.53
1  2024-03-14  100.000000   99.83 -0.18 -1.71
2  2024-03-15  100.000000  101.15  1.15 -0.56
3  2024-03-18  100.040001  101.53  1.49  0.93
4  2024-03-20  100.389999  102.63  2.23  3.16
5  2024-03-21  100.120003  100.95  0.83  3.99
6  2024-03-22   99.889999   99.48 -0.41  3.58
7  2024-03-25   99.959999   99.03 -0.92  2.66
8  2024-03-26  100.010002  100.26  0.25  2.91
9  2024-03-27  100.150002  100.38  0.23  3.14
10 2024-03-28  100.029999   99.83 -0.19  2.95
11 2024-04-01   99.949997   98.98 -0.97  1.98
12 2024-04-02   99.870003   99.02 -0.86  1.12
13 2024-04-03  100.000000  101.26  1.26  2.38
14 2024-04-04   99.809998   97.85 -1.96  0.42
15 2024-04-05  100.129997  100.56  0.43  0.85
16 2024-04-08  100.019997  100.27  0.25  1.10
17 2024-04-09  100.000000  100.27  0.27  1.37
18 2024-04-10   99.959999   98.65 -1.32  0.05
19 2024-04-11  100.019997  101.69  1.68  1.73
20 2024-04-12   99.839996   98.26 -1.58  0.15
21 2024-04-15   99.989998   99.12 -0.88 -0.73
22 2024-04-16  100.059998   99.85 -0.21 -0.94
23 2024-04-17   99.970001   97.77 -2.20 -3.14
24 2024-04-18  100.029999   99.70 -0.34 -3.48
25 2024-04-19  100.080002   98.80 -1.27 -4.75
26 2024-04-22  100.110001  101.57  1.46 -3.29
27 2024-04-23  100.099998  100.61  0.51 -2.78
28 2024-04-24  100.029999   99.70 -0.33 -3.11
29 2024-04-25   99.900002   99.67 -0.23 -3.34
30 2024-04-29  100.160004  101.52  1.36 -1.98
31 2024-04-30   99.910004   99.28 -0.64 -2.62
32 2024-05-01   99.830002   99.92  0.10 -2.52
33 2024-05-06  100.279999  102.21  1.93 -0.59
34 2024-05-07  100.070000   99.48 -0.59 -1.18
35 2024-05-08  100.120003   98.96 -1.16 -2.34
36 2024-05-09  100.120003  100.48  0.36 -1.98
37 2024-05-10  100.070000   99.28 -0.79 -2.77
38 2024-05-13  100.010002  100.20  0.19 -2.58
39 2024-05-14  100.059998  100.95  0.89 -1.69
40 2024-05-15  100.019997  100.35  0.33 -1.36
41 2024-05-16  100.029999   99.58 -0.45 -1.81
42 2024-05-17  100.070000  100.42  0.35 -1.46
43 2024-05-20   99.980003  101.38  1.40 -0.06
Mean Absolute Error: 0.86%
Epoch: 299, Final Loss: 0.000105
Norm: 53.66

         date     Predict    True  diff   acc
0  2024-03-14  100.010002   99.83 -0.19 -0.19
1  2024-03-15  100.000000  101.15  1.15  0.96
2  2024-03-18  100.050003  101.53  1.48  2.44
3  2024-03-20  100.410004  102.63  2.21  4.65
4  2024-03-21  100.129997  100.95  0.81  5.46
5  2024-03-22   99.900002   99.48 -0.42  5.04
6  2024-03-25   99.959999   99.03 -0.93  4.11
7  2024-03-26  100.019997  100.26  0.24  4.35
8  2024-03-27  100.160004  100.38  0.22  4.57
9  2024-03-28  100.040001   99.83 -0.20  4.37
10 2024-04-01   99.959999   98.98 -0.98  3.39
11 2024-04-02   99.879997   99.02 -0.86  2.53
12 2024-04-03  100.010002  101.26  1.25  3.78
13 2024-04-04   99.809998   97.85 -1.97  1.81
14 2024-04-05  100.139999  100.56  0.42  2.23
15 2024-04-08  100.029999  100.27  0.24  2.47
16 2024-04-09  100.010002  100.27  0.25  2.72
17 2024-04-10   99.970001   98.65 -1.32  1.40
18 2024-04-11  100.029999  101.69  1.66  3.06
19 2024-04-12   99.849998   98.26 -1.59  1.47
20 2024-04-15  100.000000   99.12 -0.88  0.59
21 2024-04-16  100.070000   99.85 -0.22  0.37
22 2024-04-17   99.980003   97.77 -2.21 -1.84
23 2024-04-18  100.040001   99.70 -0.35 -2.19
24 2024-04-19  100.089996   98.80 -1.29 -3.48
25 2024-04-22  100.120003  101.57  1.45 -2.03
26 2024-04-23  100.110001  100.61  0.50 -1.53
27 2024-04-24  100.040001   99.70 -0.34 -1.87
28 2024-04-25   99.910004   99.67 -0.24 -2.11
29 2024-04-29  100.169998  101.52  1.35 -0.76
30 2024-04-30   99.919998   99.28 -0.64 -1.40
31 2024-05-01   99.839996   99.92  0.08 -1.32
32 2024-05-06  100.300003  102.21  1.90  0.58
33 2024-05-07  100.080002   99.48 -0.60 -0.02
34 2024-05-08  100.129997   98.96 -1.17 -1.19
35 2024-05-09  100.129997  100.48  0.34 -0.85
36 2024-05-10  100.080002   99.28 -0.80 -1.65
37 2024-05-13  100.019997  100.20  0.18 -1.47
38 2024-05-14  100.080002  100.95  0.87 -0.60
39 2024-05-15  100.040001  100.35  0.31 -0.29
40 2024-05-16  100.040001   99.58 -0.46 -0.75
41 2024-05-17  100.080002  100.42  0.34 -0.41
42 2024-05-20   99.989998  101.38  1.39  0.98
43 2024-05-21  100.040001   99.00 -1.04 -0.06
Mean Absolute Error: 0.85%
Epoch: 299, Final Loss: 0.000102
Norm: 38.26

         date     Predict    True  diff   acc
0  2024-03-15  100.010002  101.15  1.14  1.14
1  2024-03-18  100.059998  101.53  1.48  2.62
2  2024-03-20  100.419998  102.63  2.20  4.82
3  2024-03-21  100.139999  100.95  0.81  5.63
4  2024-03-22   99.900002   99.48 -0.42  5.21
5  2024-03-25   99.970001   99.03 -0.94  4.27
6  2024-03-26  100.019997  100.26  0.24  4.51
7  2024-03-27  100.169998  100.38  0.21  4.72
8  2024-03-28  100.040001   99.83 -0.21  4.51
9  2024-04-01   99.959999   98.98 -0.98  3.53
10 2024-04-02   99.879997   99.02 -0.86  2.67
11 2024-04-03  100.019997  101.26  1.24  3.91
12 2024-04-04   99.809998   97.85 -1.97  1.94
13 2024-04-05  100.150002  100.56  0.41  2.35
14 2024-04-08  100.029999  100.27  0.24  2.59
15 2024-04-09  100.019997  100.27  0.25  2.84
16 2024-04-10   99.970001   98.65 -1.32  1.52
17 2024-04-11  100.029999  101.69  1.66  3.18
18 2024-04-12   99.849998   98.26 -1.59  1.59
19 2024-04-15  100.000000   99.12 -0.88  0.71
20 2024-04-16  100.070000   99.85 -0.22  0.49
21 2024-04-17   99.989998   97.77 -2.22 -1.73
22 2024-04-18  100.050003   99.70 -0.35 -2.08
23 2024-04-19  100.099998   98.80 -1.29 -3.37
24 2024-04-22  100.129997  101.57  1.44 -1.93
25 2024-04-23  100.120003  100.61  0.49 -1.44
26 2024-04-24  100.040001   99.70 -0.34 -1.78
27 2024-04-25   99.910004   99.67 -0.24 -2.02
28 2024-04-29  100.180000  101.52  1.34 -0.68
29 2024-04-30   99.910004   99.28 -0.64 -1.32
30 2024-05-01   99.849998   99.92  0.07 -1.25
31 2024-05-06  100.320000  102.21  1.89  0.64
32 2024-05-07  100.089996   99.48 -0.60  0.04
33 2024-05-08  100.139999   98.96 -1.17 -1.13
34 2024-05-09  100.139999  100.48  0.34 -0.79
35 2024-05-10  100.080002   99.28 -0.81 -1.60
36 2024-05-13  100.029999  100.20  0.18 -1.42
37 2024-05-14  100.080002  100.95  0.87 -0.55
38 2024-05-15  100.050003  100.35  0.30 -0.25
39 2024-05-16  100.040001   99.58 -0.46 -0.71
40 2024-05-17  100.089996  100.42  0.34 -0.37
41 2024-05-20   99.989998  101.38  1.39  1.02
42 2024-05-21  100.040001   99.00 -1.04 -0.02
43 2024-05-22   99.989998   99.98 -0.02 -0.04
Mean Absolute Error: 0.84%
Epoch: 299, Final Loss: 0.000102
Norm: 37.00

         date     Predict    True  diff   acc
0  2024-03-18  100.010002  101.53  1.52  1.52
1  2024-03-20  100.379997  102.63  2.24  3.76
2  2024-03-21  100.099998  100.95  0.85  4.61
3  2024-03-22   99.849998   99.48 -0.37  4.24
4  2024-03-25   99.919998   99.03 -0.89  3.35
5  2024-03-26   99.970001  100.26  0.29  3.64
6  2024-03-27  100.129997  100.38  0.25  3.89
7  2024-03-28  100.000000   99.83 -0.16  3.73
8  2024-04-01   99.910004   98.98 -0.93  2.80
9  2024-04-02   99.830002   99.02 -0.81  1.99
10 2024-04-03   99.970001  101.26  1.29  3.28
11 2024-04-04   99.760002   97.85 -1.91  1.37
12 2024-04-05  100.110001  100.56  0.45  1.82
13 2024-04-08   99.980003  100.27  0.28  2.10
14 2024-04-09   99.970001  100.27  0.30  2.40
15 2024-04-10   99.910004   98.65 -1.27  1.13
16 2024-04-11   99.980003  101.69  1.71  2.84
17 2024-04-12   99.790001   98.26 -1.53  1.31
18 2024-04-15   99.949997   99.12 -0.83  0.48
19 2024-04-16  100.029999   99.85 -0.18  0.30
20 2024-04-17   99.940002   97.77 -2.17 -1.87
21 2024-04-18  100.000000   99.70 -0.30 -2.17
22 2024-04-19  100.050003   98.80 -1.25 -3.42
23 2024-04-22  100.080002  101.57  1.48 -1.94
24 2024-04-23  100.070000  100.61  0.54 -1.40
25 2024-04-24   99.989998   99.70 -0.29 -1.69
26 2024-04-25   99.849998   99.67 -0.18 -1.87
27 2024-04-29  100.129997  101.52  1.39 -0.48
28 2024-04-30   99.849998   99.28 -0.58 -1.06
29 2024-05-01   99.809998   99.92  0.12 -0.94
30 2024-05-06  100.290001  102.21  1.92  0.98
31 2024-05-07  100.040001   99.48 -0.55  0.43
32 2024-05-08  100.089996   98.96 -1.13 -0.70
33 2024-05-09  100.089996  100.48  0.38 -0.32
34 2024-05-10  100.040001   99.28 -0.76 -1.08
35 2024-05-13   99.980003  100.20  0.23 -0.85
36 2024-05-14  100.029999  100.95  0.92  0.07
37 2024-05-15  100.000000  100.35  0.34  0.41
38 2024-05-16   99.989998   99.58 -0.41  0.00
39 2024-05-17  100.040001  100.42  0.38  0.38
40 2024-05-20   99.940002  101.38  1.44  1.82
41 2024-05-21   99.989998   99.00 -0.99  0.83
42 2024-05-22   99.940002   99.98  0.04  0.87
43 2024-05-23   99.760002   98.84 -0.92 -0.05
Mean Absolute Error: 0.84%
Epoch: 299, Final Loss: 0.000100
Norm: 41.97

         date     Predict    True  diff   acc
0  2024-03-20  100.370003  102.63  2.25  2.25
1  2024-03-21  100.089996  100.95  0.86  3.11
2  2024-03-22   99.830002   99.48 -0.35  2.76
3  2024-03-25   99.900002   99.03 -0.87  1.89
4  2024-03-26   99.959999  100.26  0.30  2.19
5  2024-03-27  100.129997  100.38  0.25  2.44
6  2024-03-28   99.980003   99.83 -0.15  2.29
7  2024-04-01   99.889999   98.98 -0.91  1.38
8  2024-04-02   99.800003   99.02 -0.79  0.59
9  2024-04-03   99.949997  101.26  1.31  1.90
10 2024-04-04   99.730003   97.85 -1.89  0.01
11 2024-04-05  100.099998  100.56  0.46  0.47
12 2024-04-08   99.970001  100.27  0.30  0.77
13 2024-04-09   99.949997  100.27  0.31  1.08
14 2024-04-10   99.889999   98.65 -1.24 -0.16
15 2024-04-11   99.970001  101.69  1.72  1.56
16 2024-04-12   99.769997   98.26 -1.51  0.05
17 2024-04-15   99.930000   99.12 -0.81 -0.76
18 2024-04-16  100.010002   99.85 -0.16 -0.92
19 2024-04-17   99.919998   97.77 -2.16 -3.08
20 2024-04-18   99.989998   99.70 -0.29 -3.37
21 2024-04-19  100.040001   98.80 -1.24 -4.61
22 2024-04-22  100.070000  101.57  1.50 -3.11
23 2024-04-23  100.059998  100.61  0.55 -2.56
24 2024-04-24   99.980003   99.70 -0.28 -2.84
25 2024-04-25   99.830002   99.67 -0.16 -3.00
26 2024-04-29  100.120003  101.52  1.40 -1.60
27 2024-04-30   99.830002   99.28 -0.55 -2.15
28 2024-05-01   99.800003   99.92  0.13 -2.02
29 2024-05-06  100.290001  102.21  1.92 -0.10
30 2024-05-07  100.019997   99.48 -0.54 -0.64
31 2024-05-08  100.080002   98.96 -1.12 -1.76
32 2024-05-09  100.089996  100.48  0.39 -1.37
33 2024-05-10  100.019997   99.28 -0.75 -2.12
34 2024-05-13   99.959999  100.20  0.24 -1.88
35 2024-05-14  100.019997  100.95  0.93 -0.95
36 2024-05-15  100.000000  100.35  0.35 -0.60
37 2024-05-16   99.980003   99.58 -0.40 -1.00
38 2024-05-17  100.029999  100.42  0.40 -0.60
39 2024-05-20   99.919998  101.38  1.46  0.86
40 2024-05-21   99.980003   99.00 -0.98 -0.12
41 2024-05-22   99.919998   99.98  0.05 -0.07
42 2024-05-23   99.739998   98.84 -0.90 -0.97
43 2024-05-24   99.970001  100.85  0.88 -0.09
Mean Absolute Error: 0.82%
Epoch: 299, Final Loss: 0.000096
Norm: 58.55

         date     Predict    True  diff   acc
0  2024-03-21  100.050003  100.95  0.90  0.90
1  2024-03-22   99.779999   99.48 -0.30  0.60
2  2024-03-25   99.849998   99.03 -0.82 -0.22
3  2024-03-26   99.919998  100.26  0.35  0.13
4  2024-03-27  100.089996  100.38  0.29  0.42
5  2024-03-28   99.940002   99.83 -0.11  0.31
6  2024-04-01   99.839996   98.98 -0.86 -0.55
7  2024-04-02   99.760002   99.02 -0.74 -1.29
8  2024-04-03   99.910004  101.26  1.35  0.06
9  2024-04-04   99.680000   97.85 -1.84 -1.78
10 2024-04-05  100.059998  100.56  0.50 -1.28
11 2024-04-08   99.919998  100.27  0.34 -0.94
12 2024-04-09   99.910004  100.27  0.36 -0.58
13 2024-04-10   99.839996   98.65 -1.19 -1.77
14 2024-04-11   99.919998  101.69  1.77  0.00
15 2024-04-12   99.720001   98.26 -1.46 -1.46
16 2024-04-15   99.879997   99.12 -0.76 -2.22
17 2024-04-16   99.970001   99.85 -0.12 -2.34
18 2024-04-17   99.879997   97.77 -2.11 -4.45
19 2024-04-18   99.940002   99.70 -0.25 -4.70
20 2024-04-19  100.000000   98.80 -1.20 -5.90
21 2024-04-22  100.029999  101.57  1.54 -4.36
22 2024-04-23  100.019997  100.61  0.58 -3.78
23 2024-04-24   99.930000   99.70 -0.23 -4.01
24 2024-04-25   99.779999   99.67 -0.11 -4.12
25 2024-04-29  100.080002  101.52  1.44 -2.68
26 2024-04-30   99.769997   99.28 -0.50 -3.18
27 2024-05-01   99.760002   99.92  0.16 -3.02
28 2024-05-06  100.260002  102.21  1.95 -1.07
29 2024-05-07   99.980003   99.48 -0.50 -1.57
30 2024-05-08  100.040001   98.96 -1.07 -2.64
31 2024-05-09  100.050003  100.48  0.43 -2.21
32 2024-05-10   99.980003   99.28 -0.71 -2.92
33 2024-05-13   99.910004  100.20  0.29 -2.63
34 2024-05-14   99.980003  100.95  0.97 -1.66
35 2024-05-15   99.959999  100.35  0.38 -1.28
36 2024-05-16   99.930000   99.58 -0.35 -1.63
37 2024-05-17   99.989998  100.42  0.44 -1.19
38 2024-05-20   99.879997  101.38  1.51  0.32
39 2024-05-21   99.940002   99.00 -0.94 -0.62
40 2024-05-22   99.870003   99.98  0.10 -0.52
41 2024-05-23   99.690002   98.84 -0.85 -1.37
42 2024-05-24   99.930000  100.85  0.92 -0.45
43 2024-05-28   99.839996  100.27  0.43 -0.02
Mean Absolute Error: 0.77%
Epoch: 299, Final Loss: 0.000086
Norm: 86.47

         date     Predict    True  diff   acc
0  2024-03-22   99.720001   99.48 -0.24 -0.24
1  2024-03-25   99.790001   99.03 -0.76 -1.00
2  2024-03-26   99.849998  100.26  0.41 -0.59
3  2024-03-27  100.040001  100.38  0.34 -0.25
4  2024-03-28   99.879997   99.83 -0.04 -0.29
5  2024-04-01   99.769997   98.98 -0.80 -1.09
6  2024-04-02   99.690002   99.02 -0.67 -1.76
7  2024-04-03   99.849998  101.26  1.42 -0.34
8  2024-04-04   99.610001   97.85 -1.77 -2.11
9  2024-04-05  100.000000  100.56  0.56 -1.55
10 2024-04-08   99.860001  100.27  0.41 -1.14
11 2024-04-09   99.849998  100.27  0.42 -0.72
12 2024-04-10   99.760002   98.65 -1.12 -1.84
13 2024-04-11   99.860001  101.69  1.83 -0.01
14 2024-04-12   99.650002   98.26 -1.39 -1.40
15 2024-04-15   99.809998   99.12 -0.70 -2.10
16 2024-04-16   99.910004   99.85 -0.06 -2.16
17 2024-04-17   99.820000   97.77 -2.05 -4.21
18 2024-04-18   99.879997   99.70 -0.19 -4.40
19 2024-04-19   99.949997   98.80 -1.14 -5.54
20 2024-04-22   99.980003  101.57  1.59 -3.95
21 2024-04-23   99.970001  100.61  0.64 -3.31
22 2024-04-24   99.870003   99.70 -0.17 -3.48
23 2024-04-25   99.720001   99.67 -0.04 -3.52
24 2024-04-29  100.019997  101.52  1.50 -2.02
25 2024-04-30   99.699997   99.28 -0.42 -2.44
26 2024-05-01   99.709999   99.92  0.22 -2.22
27 2024-05-06  100.220001  102.21  1.99 -0.23
28 2024-05-07   99.919998   99.48 -0.43 -0.66
29 2024-05-08   99.980003   98.96 -1.02 -1.68
30 2024-05-09   99.989998  100.48  0.48 -1.20
31 2024-05-10   99.919998   99.28 -0.65 -1.85
32 2024-05-13   99.849998  100.20  0.35 -1.50
33 2024-05-14   99.919998  100.95  1.03 -0.47
34 2024-05-15   99.910004  100.35  0.44 -0.03
35 2024-05-16   99.870003   99.58 -0.29 -0.32
36 2024-05-17   99.930000  100.42  0.50  0.18
37 2024-05-20   99.809998  101.38  1.58  1.76
38 2024-05-21   99.879997   99.00 -0.88  0.88
39 2024-05-22   99.809998   99.98  0.17  1.05
40 2024-05-23   99.620003   98.84 -0.78  0.27
41 2024-05-24   99.860001  100.85  0.98  1.25
42 2024-05-28   99.769997  100.27  0.50  1.75
43 2024-05-29   99.709999   97.93 -1.79 -0.04
Mean Absolute Error: 0.79%
Epoch: 299, Final Loss: 0.000090
Norm: 75.34

         date     Predict    True  diff   acc
0  2024-03-25   99.800003   99.03 -0.77 -0.77
1  2024-03-26   99.870003  100.26  0.39 -0.38
2  2024-03-27  100.070000  100.38  0.31 -0.07
3  2024-03-28   99.900002   99.83 -0.06 -0.13
4  2024-04-01   99.779999   98.98 -0.81 -0.94
5  2024-04-02   99.699997   99.02 -0.68 -1.62
6  2024-04-03   99.860001  101.26  1.40 -0.22
7  2024-04-04   99.620003   97.85 -1.78 -2.00
8  2024-04-05  100.019997  100.56  0.54 -1.46
9  2024-04-08   99.879997  100.27  0.39 -1.07
10 2024-04-09   99.870003  100.27  0.40 -0.67
11 2024-04-10   99.769997   98.65 -1.12 -1.79
12 2024-04-11   99.879997  101.69  1.81  0.02
13 2024-04-12   99.660004   98.26 -1.40 -1.38
14 2024-04-15   99.820000   99.12 -0.70 -2.08
15 2024-04-16   99.930000   99.85 -0.07 -2.15
16 2024-04-17   99.830002   97.77 -2.07 -4.22
17 2024-04-18   99.900002   99.70 -0.20 -4.42
18 2024-04-19   99.970001   98.80 -1.16 -5.58
19 2024-04-22  100.000000  101.57  1.57 -4.01
20 2024-04-23   99.989998  100.61  0.62 -3.39
21 2024-04-24   99.879997   99.70 -0.19 -3.58
22 2024-04-25   99.720001   99.67 -0.05 -3.63
23 2024-04-29  100.050003  101.52  1.47 -2.16
24 2024-04-30   99.699997   99.28 -0.42 -2.58
25 2024-05-01   99.739998   99.92  0.19 -2.39
26 2024-05-06  100.260002  102.21  1.95 -0.44
27 2024-05-07   99.930000   99.48 -0.45 -0.89
28 2024-05-08   99.989998   98.96 -1.03 -1.92
29 2024-05-09  100.019997  100.48  0.46 -1.46
30 2024-05-10   99.940002   99.28 -0.66 -2.12
31 2024-05-13   99.860001  100.20  0.34 -1.78
32 2024-05-14   99.940002  100.95  1.01 -0.77
33 2024-05-15   99.940002  100.35  0.41 -0.36
34 2024-05-16   99.879997   99.58 -0.31 -0.67
35 2024-05-17   99.940002  100.42  0.48 -0.19
36 2024-05-20   99.820000  101.38  1.56  1.37
37 2024-05-21   99.900002   99.00 -0.90  0.47
38 2024-05-22   99.820000   99.98  0.16  0.63
39 2024-05-23   99.620003   98.84 -0.78 -0.15
40 2024-05-24   99.879997  100.85  0.97  0.82
41 2024-05-28   99.790001  100.27  0.49  1.31
42 2024-05-29   99.720001   97.93 -1.79 -0.48
43 2024-05-30   99.680000  100.13  0.45 -0.03
Mean Absolute Error: 0.79%
Epoch: 299, Final Loss: 0.000090
Norm: 79.86

         date     Predict    True  diff   acc
0  2024-03-26   99.919998  100.26  0.34  0.34
1  2024-03-27  100.129997  100.38  0.25  0.59
2  2024-03-28   99.949997   99.83 -0.12  0.47
3  2024-04-01   99.830002   98.98 -0.85 -0.38
4  2024-04-02   99.739998   99.02 -0.72 -1.10
5  2024-04-03   99.910004  101.26  1.35  0.25
6  2024-04-04   99.660004   97.85 -1.82 -1.57
7  2024-04-05  100.089996  100.56  0.48 -1.09
8  2024-04-08   99.930000  100.27  0.34 -0.75
9  2024-04-09   99.919998  100.27  0.35 -0.40
10 2024-04-10   99.800003   98.65 -1.16 -1.56
11 2024-04-11   99.930000  101.69  1.76  0.20
12 2024-04-12   99.699997   98.26 -1.44 -1.24
13 2024-04-15   99.860001   99.12 -0.75 -1.99
14 2024-04-16   99.980003   99.85 -0.13 -2.12
15 2024-04-17   99.889999   97.77 -2.12 -4.24
16 2024-04-18   99.949997   99.70 -0.25 -4.49
17 2024-04-19  100.029999   98.80 -1.22 -5.71
18 2024-04-22  100.059998  101.57  1.51 -4.20
19 2024-04-23  100.050003  100.61  0.56 -3.64
20 2024-04-24   99.930000   99.70 -0.23 -3.87
21 2024-04-25   99.760002   99.67 -0.09 -3.96
22 2024-04-29  100.099998  101.52  1.41 -2.55
23 2024-04-30   99.730003   99.28 -0.46 -3.01
24 2024-05-01   99.800003   99.92  0.12 -2.89
25 2024-05-06  100.339996  102.21  1.87 -1.02
26 2024-05-07   99.980003   99.48 -0.50 -1.52
27 2024-05-08  100.050003   98.96 -1.09 -2.61
28 2024-05-09  100.080002  100.48  0.40 -2.21
29 2024-05-10  100.000000   99.28 -0.72 -2.93
30 2024-05-13   99.910004  100.20  0.29 -2.64
31 2024-05-14   99.989998  100.95  0.96 -1.68
32 2024-05-15  100.010002  100.35  0.34 -1.34
33 2024-05-16   99.930000   99.58 -0.35 -1.69
34 2024-05-17  100.000000  100.42  0.42 -1.27
35 2024-05-20   99.870003  101.38  1.52  0.25
36 2024-05-21   99.949997   99.00 -0.95 -0.70
37 2024-05-22   99.860001   99.98  0.11 -0.59
38 2024-05-23   99.650002   98.84 -0.81 -1.40
39 2024-05-24   99.930000  100.85  0.91 -0.49
40 2024-05-28   99.830002  100.27  0.44 -0.05
41 2024-05-29   99.760002   97.93 -1.83 -1.88
42 2024-05-30   99.730003  100.13  0.40 -1.48
43 2024-05-31  100.220001  101.66  1.43 -0.05
Mean Absolute Error: 0.80%
Epoch: 299, Final Loss: 0.000092
Norm: 89.84

         date     Predict    True  diff   acc
0  2024-03-27  100.139999  100.38  0.24  0.24
1  2024-03-28   99.940002   99.83 -0.11  0.13
2  2024-04-01   99.809998   98.98 -0.84 -0.71
3  2024-04-02   99.720001   99.02 -0.70 -1.41
4  2024-04-03   99.900002  101.26  1.36 -0.05
5  2024-04-04   99.639999   97.85 -1.80 -1.85
6  2024-04-05  100.089996  100.56  0.47 -1.38
7  2024-04-08   99.919998  100.27  0.35 -1.03
8  2024-04-09   99.910004  100.27  0.36 -0.67
9  2024-04-10   99.779999   98.65 -1.13 -1.80
10 2024-04-11   99.919998  101.69  1.77 -0.03
11 2024-04-12   99.669998   98.26 -1.41 -1.44
12 2024-04-15   99.839996   99.12 -0.73 -2.17
13 2024-04-16   99.970001   99.85 -0.12 -2.29
14 2024-04-17   99.879997   97.77 -2.11 -4.40
15 2024-04-18   99.940002   99.70 -0.25 -4.65
16 2024-04-19  100.029999   98.80 -1.22 -5.87
17 2024-04-22  100.059998  101.57  1.51 -4.36
18 2024-04-23  100.050003  100.61  0.56 -3.80
19 2024-04-24   99.919998   99.70 -0.22 -4.02
20 2024-04-25   99.739998   99.67 -0.07 -4.09
21 2024-04-29  100.110001  101.52  1.41 -2.68
22 2024-04-30   99.699997   99.28 -0.42 -3.10
23 2024-05-01   99.809998   99.92  0.11 -2.99
24 2024-05-06  100.370003  102.21  1.84 -1.15
25 2024-05-07   99.970001   99.48 -0.49 -1.64
26 2024-05-08  100.040001   98.96 -1.08 -2.72
27 2024-05-09  100.080002  100.48  0.39 -2.33
28 2024-05-10   99.989998   99.28 -0.72 -3.05
29 2024-05-13   99.900002  100.20  0.30 -2.75
30 2024-05-14   99.989998  100.95  0.96 -1.79
31 2024-05-15  100.019997  100.35  0.33 -1.46
32 2024-05-16   99.919998   99.58 -0.34 -1.80
33 2024-05-17  100.000000  100.42  0.43 -1.37
34 2024-05-20   99.849998  101.38  1.53  0.16
35 2024-05-21   99.949997   99.00 -0.95 -0.79
36 2024-05-22   99.849998   99.98  0.13 -0.66
37 2024-05-23   99.629997   98.84 -0.79 -1.45
38 2024-05-24   99.930000  100.85  0.92 -0.53
39 2024-05-28   99.820000  100.27  0.45 -0.08
40 2024-05-29   99.739998   97.93 -1.81 -1.89
41 2024-05-30   99.709999  100.13  0.42 -1.47
42 2024-05-31  100.230003  101.66  1.42 -0.05
43 2024-06-03   99.800003   99.80  0.00 -0.05
Mean Absolute Error: 0.79%
Epoch: 299, Final Loss: 0.000091
Norm: 95.25

         date     Predict    True  diff   acc
0  2024-03-28   99.940002   99.83 -0.10 -0.10
1  2024-04-01   99.790001   98.98 -0.82 -0.92
2  2024-04-02   99.699997   99.02 -0.68 -1.60
3  2024-04-03   99.889999  101.26  1.37 -0.23
4  2024-04-04   99.610001   97.85 -1.77 -2.00
5  2024-04-05  100.089996  100.56  0.47 -1.53
6  2024-04-08   99.910004  100.27  0.36 -1.17
7  2024-04-09   99.900002  100.27  0.37 -0.80
8  2024-04-10   99.750000   98.65 -1.10 -1.90
9  2024-04-11   99.910004  101.69  1.78 -0.12
10 2024-04-12   99.650002   98.26 -1.39 -1.51
11 2024-04-15   99.820000   99.12 -0.70 -2.21
12 2024-04-16   99.959999   99.85 -0.11 -2.32
13 2024-04-17   99.870003   97.77 -2.10 -4.42
14 2024-04-18   99.930000   99.70 -0.24 -4.66
15 2024-04-19  100.029999   98.80 -1.22 -5.88
16 2024-04-22  100.059998  101.57  1.51 -4.37
17 2024-04-23  100.050003  100.61  0.56 -3.81
18 2024-04-24   99.910004   99.70 -0.21 -4.02
19 2024-04-25   99.720001   99.67 -0.05 -4.07
20 2024-04-29  100.099998  101.52  1.41 -2.66
21 2024-04-30   99.660004   99.28 -0.39 -3.05
22 2024-05-01   99.820000   99.92  0.11 -2.94
23 2024-05-06  100.400002  102.21  1.81 -1.13
24 2024-05-07   99.959999   99.48 -0.48 -1.61
25 2024-05-08  100.040001   98.96 -1.08 -2.69
26 2024-05-09  100.089996  100.48  0.39 -2.30
27 2024-05-10   99.989998   99.28 -0.71 -3.01
28 2024-05-13   99.889999  100.20  0.31 -2.70
29 2024-05-14   99.989998  100.95  0.97 -1.73
30 2024-05-15  100.029999  100.35  0.32 -1.41
31 2024-05-16   99.910004   99.58 -0.33 -1.74
32 2024-05-17   99.989998  100.42  0.43 -1.31
33 2024-05-20   99.830002  101.38  1.55  0.24
34 2024-05-21   99.940002   99.00 -0.94 -0.70
35 2024-05-22   99.830002   99.98  0.15 -0.55
36 2024-05-23   99.599998   98.84 -0.76 -1.31
37 2024-05-24   99.919998  100.85  0.93 -0.38
38 2024-05-28   99.800003  100.27  0.47  0.09
39 2024-05-29   99.709999   97.93 -1.78 -1.69
40 2024-05-30   99.690002  100.13  0.43 -1.26
41 2024-05-31  100.250000  101.66  1.41  0.15
42 2024-06-03   99.790001   99.80  0.01  0.16
43 2024-06-04   99.930000   99.73 -0.21 -0.05
Mean Absolute Error: 0.78%
Epoch: 299, Final Loss: 0.000090
Norm: 95.26

         date     Predict    True  diff   acc
0  2024-04-01   99.809998   98.98 -0.83 -0.83
1  2024-04-02   99.709999   99.02 -0.69 -1.52
2  2024-04-03   99.919998  101.26  1.34 -0.18
3  2024-04-04   99.620003   97.85 -1.78 -1.96
4  2024-04-05  100.129997  100.56  0.43 -1.53
5  2024-04-08   99.940002  100.27  0.33 -1.20
6  2024-04-09   99.930000  100.27  0.34 -0.86
7  2024-04-10   99.750000   98.65 -1.11 -1.97
8  2024-04-11   99.940002  101.69  1.75 -0.22
9  2024-04-12   99.660004   98.26 -1.40 -1.62
10 2024-04-15   99.830002   99.12 -0.72 -2.34
11 2024-04-16   99.989998   99.85 -0.14 -2.48
12 2024-04-17   99.900002   97.77 -2.13 -4.61
13 2024-04-18   99.959999   99.70 -0.27 -4.88
14 2024-04-19  100.059998   98.80 -1.26 -6.14
15 2024-04-22  100.099998  101.57  1.47 -4.67
16 2024-04-23  100.089996  100.61  0.52 -4.15
17 2024-04-24   99.930000   99.70 -0.24 -4.39
18 2024-04-25   99.730003   99.67 -0.06 -4.45
19 2024-04-29  100.139999  101.52  1.38 -3.07
20 2024-04-30   99.660004   99.28 -0.39 -3.46
21 2024-05-01   99.860001   99.92  0.06 -3.40
22 2024-05-06  100.470001  102.21  1.74 -1.66
23 2024-05-07   99.989998   99.48 -0.51 -2.17
24 2024-05-08  100.070000   98.96 -1.11 -3.28
25 2024-05-09  100.129997  100.48  0.35 -2.93
26 2024-05-10  100.019997   99.28 -0.74 -3.67
27 2024-05-13   99.910004  100.20  0.29 -3.38
28 2024-05-14  100.019997  100.95  0.93 -2.45
29 2024-05-15  100.080002  100.35  0.27 -2.18
30 2024-05-16   99.940002   99.58 -0.36 -2.54
31 2024-05-17  100.019997  100.42  0.40 -2.14
32 2024-05-20   99.849998  101.38  1.54 -0.60
33 2024-05-21   99.970001   99.00 -0.97 -1.57
34 2024-05-22   99.849998   99.98  0.13 -1.44
35 2024-05-23   99.599998   98.84 -0.76 -2.20
36 2024-05-24   99.940002  100.85  0.90 -1.30
37 2024-05-28   99.820000  100.27  0.45 -0.85
38 2024-05-29   99.720001   97.93 -1.79 -2.64
39 2024-05-30   99.709999  100.13  0.42 -2.22
40 2024-05-31  100.300003  101.66  1.36 -0.86
41 2024-06-03   99.820000   99.80 -0.02 -0.88
42 2024-06-04   99.970001   99.73 -0.24 -1.12
43 2024-06-05  100.040001  101.09  1.05 -0.07
Mean Absolute Error: 0.79%
Epoch: 299, Final Loss: 0.000091
Norm: 101.85

         date     Predict    True  diff   acc
0  2024-04-02   99.690002   99.02 -0.68 -0.68
1  2024-04-03   99.919998  101.26  1.34  0.66
2  2024-04-04   99.589996   97.85 -1.75 -1.09
3  2024-04-05  100.139999  100.56  0.42 -0.67
4  2024-04-08   99.940002  100.27  0.33 -0.34
5  2024-04-09   99.930000  100.27  0.34  0.00
6  2024-04-10   99.720001   98.65 -1.08 -1.08
7  2024-04-11   99.940002  101.69  1.75  0.67
8  2024-04-12   99.629997   98.26 -1.37 -0.70
9  2024-04-15   99.820000   99.12 -0.70 -1.40
10 2024-04-16   99.989998   99.85 -0.14 -1.54
11 2024-04-17   99.900002   97.77 -2.13 -3.67
12 2024-04-18   99.959999   99.70 -0.27 -3.94
13 2024-04-19  100.070000   98.80 -1.27 -5.21
14 2024-04-22  100.110001  101.57  1.46 -3.75
15 2024-04-23  100.110001  100.61  0.50 -3.25
16 2024-04-24   99.930000   99.70 -0.23 -3.48
17 2024-04-25   99.709999   99.67 -0.04 -3.52
18 2024-04-29  100.150002  101.52  1.36 -2.16
19 2024-04-30   99.629997   99.28 -0.35 -2.51
20 2024-05-01   99.879997   99.92  0.04 -2.47
21 2024-05-06  100.519997  102.21  1.69 -0.78
22 2024-05-07   99.989998   99.48 -0.50 -1.28
23 2024-05-08  100.070000   98.96 -1.11 -2.39
24 2024-05-09  100.139999  100.48  0.33 -2.06
25 2024-05-10  100.019997   99.28 -0.75 -2.81
26 2024-05-13   99.900002  100.20  0.30 -2.51
27 2024-05-14  100.019997  100.95  0.93 -1.58
28 2024-05-15  100.099998  100.35  0.25 -1.33
29 2024-05-16   99.930000   99.58 -0.35 -1.68
30 2024-05-17  100.029999  100.42  0.39 -1.29
31 2024-05-20   99.839996  101.38  1.55  0.26
32 2024-05-21   99.980003   99.00 -0.97 -0.71
33 2024-05-22   99.839996   99.98  0.14 -0.57
34 2024-05-23   99.570000   98.84 -0.73 -1.30
35 2024-05-24   99.940002  100.85  0.90 -0.40
36 2024-05-28   99.809998  100.27  0.46  0.06
37 2024-05-29   99.699997   97.93 -1.77 -1.71
38 2024-05-30   99.699997  100.13  0.43 -1.28
39 2024-05-31  100.320000  101.66  1.33  0.05
40 2024-06-03   99.820000   99.80 -0.02  0.03
41 2024-06-04   99.980003   99.73 -0.26 -0.23
42 2024-06-05  100.040001  101.09  1.05  0.82
43 2024-06-06   99.970001   99.09 -0.88 -0.06
Mean Absolute Error: 0.79%
Epoch: 299, Final Loss: 0.000089
Norm: 85.41

